[2025-04-19 21:33:30] === DÉBUT TRAITEMENT DEVIS ===
[2025-04-19 21:33:30] Session ID: ov3in2itrrao4v7l3nl3drsq9i
[2025-04-19 21:33:30] Session name: PHPSESSID
[2025-04-19 21:33:30] User ID in session: 1
[2025-04-19 21:33:30] Remember token cookie: Absent
[2025-04-19 21:33:30] MDGEEK_SESSION cookie: Présent
[2025-04-19 21:33:30] --- COOKIES ---
[2025-04-19 21:33:30] Cookie pwa_mode: true
[2025-04-19 21:33:30] Cookie MDGEEK_SESSION: 5124l3ffud13bf4e2aseg7d4q5
[2025-04-19 21:33:30] Cookie mdgeek_remember: 2c320bca7debe6a57468a454f28b20e87a1fe69de7277eb51eace2dc6f49fbbb
[2025-04-19 21:33:30] Cookie PHPSESSID: ov3in2itrrao4v7l3nl3drsq9i
[2025-04-19 21:33:30] --- HEADERS ---
[2025-04-19 21:33:30] Header Host: mdgeek.top
[2025-04-19 21:33:30] Header Content-Length: 546
[2025-04-19 21:33:30] Header Content-Type: multipart/form-data; boundary=----WebKitFormBoundaryylbYwS6vjVKqAU09
[2025-04-19 21:33:30] Header origin: https://mdgeek.top
[2025-04-19 21:33:30] Header Referer: https://mdgeek.top/index.php?page=statut_rapide&id=631
[2025-04-19 21:33:30] Header Cookie: pwa_mode=true; MDGEEK_SESSION=5124l3ffud13bf4e2aseg7d4q5; mdgeek_remember=2c320bca7debe6a57468a454f28b20e87a1fe69de7277eb51eace2dc6f49fbbb; PHPSESSID=ov3in2itrrao4v7l3nl3drsq9i
[2025-04-19 21:33:30] Paramètres reçus:
[2025-04-19 21:33:30] - reparation_id: 631
[2025-04-19 21:33:30] - montant: 20
[2025-04-19 21:33:30] - update_prix: Oui
