[2025-04-18 01:14:52] === DÉBUT TRAITEMENT DEVIS ===
[2025-04-18 01:14:52] Session ID: t63rjc9ds8o2a001l26e3q4gmc
[2025-04-18 01:14:52] Session name: PHPSESSID
[2025-04-18 01:14:52] User ID in session: 1
[2025-04-18 01:14:52] Remember token cookie: Absent
[2025-04-18 01:14:52] MDGEEK_SESSION cookie: Présent
[2025-04-18 01:14:52] --- COOKIES ---
[2025-04-18 01:14:52] Cookie pwa_mode: true
[2025-04-18 01:14:52] Cookie MDGEEK_SESSION: fvdlk5lehvevis5b3jr7l0ogs0
[2025-04-18 01:14:52] Cookie mdgeek_remember: 40ebfacf0baa85e3593228a7d76625fb7189036c4a35e15899f5afc67152342b
[2025-04-18 01:14:52] Cookie PHPSESSID: t63rjc9ds8o2a001l26e3q4gmc
[2025-04-18 01:14:52] --- HEADERS ---
[2025-04-18 01:14:52] Header Host: mdgeek.top
[2025-04-18 01:14:52] Header Content-Length: 545
[2025-04-18 01:14:52] Header Content-Type: multipart/form-data; boundary=----WebKitFormBoundaryUyghVxEaHJjdl9JQ
[2025-04-18 01:14:52] Header origin: https://mdgeek.top
[2025-04-18 01:14:52] Header Referer: https://mdgeek.top/index.php?page=statut_rapide&id=614
[2025-04-18 01:14:52] Header Cookie: pwa_mode=true; MDGEEK_SESSION=fvdlk5lehvevis5b3jr7l0ogs0; mdgeek_remember=40ebfacf0baa85e3593228a7d76625fb7189036c4a35e15899f5afc67152342b; PHPSESSID=t63rjc9ds8o2a001l26e3q4gmc
[2025-04-18 01:14:52] Paramètres reçus:
[2025-04-18 01:14:52] - reparation_id: 614
[2025-04-18 01:14:52] - montant: 1
[2025-04-18 01:14:52] - update_prix: Oui
[2025-04-18 01:15:00] === DÉBUT TRAITEMENT DEVIS ===
[2025-04-18 01:15:00] Session ID: t63rjc9ds8o2a001l26e3q4gmc
[2025-04-18 01:15:00] Session name: PHPSESSID
[2025-04-18 01:15:00] User ID in session: 1
[2025-04-18 01:15:00] Remember token cookie: Absent
[2025-04-18 01:15:00] MDGEEK_SESSION cookie: Présent
[2025-04-18 01:15:00] --- COOKIES ---
[2025-04-18 01:15:00] Cookie pwa_mode: true
[2025-04-18 01:15:00] Cookie MDGEEK_SESSION: fvdlk5lehvevis5b3jr7l0ogs0
[2025-04-18 01:15:00] Cookie PHPSESSID: t63rjc9ds8o2a001l26e3q4gmc
[2025-04-18 01:15:00] Cookie mdgeek_remember: 2e63a592b6f02bb491b7cbbd279423a459379c5b5cca5be0924dce846ef7b3f5
[2025-04-18 01:15:00] --- HEADERS ---
[2025-04-18 01:15:00] Header Host: mdgeek.top
[2025-04-18 01:15:00] Header Content-Length: 545
[2025-04-18 01:15:00] Header Content-Type: multipart/form-data; boundary=----WebKitFormBoundaryAEJ4GsVDvEkCeXVB
[2025-04-18 01:15:00] Header origin: https://mdgeek.top
[2025-04-18 01:15:00] Header Referer: https://mdgeek.top/index.php?page=statut_rapide&id=614
[2025-04-18 01:15:00] Header Cookie: pwa_mode=true; MDGEEK_SESSION=fvdlk5lehvevis5b3jr7l0ogs0; PHPSESSID=t63rjc9ds8o2a001l26e3q4gmc; mdgeek_remember=2e63a592b6f02bb491b7cbbd279423a459379c5b5cca5be0924dce846ef7b3f5
[2025-04-18 01:15:00] Paramètres reçus:
[2025-04-18 01:15:00] - reparation_id: 614
[2025-04-18 01:15:00] - montant: 1
[2025-04-18 01:15:00] - update_prix: Oui
[2025-04-18 01:15:13] === DÉBUT TRAITEMENT DEVIS ===
[2025-04-18 01:15:13] Session ID: brg5pnn8tthhu23vsfpitlamp4
[2025-04-18 01:15:13] Session name: PHPSESSID
[2025-04-18 01:15:13] User ID in session: 1
[2025-04-18 01:15:13] Remember token cookie: Absent
[2025-04-18 01:15:13] MDGEEK_SESSION cookie: Présent
[2025-04-18 01:15:13] --- COOKIES ---
[2025-04-18 01:15:13] Cookie pwa_mode: true
[2025-04-18 01:15:13] Cookie MDGEEK_SESSION: 1r8l6hksnjql26gde64juvm4gn
[2025-04-18 01:15:13] Cookie mdgeek_remember: fb80584ad0e311a6df69bd7446d40921969026bec98f551495b825b33616d1d9
[2025-04-18 01:15:13] Cookie PHPSESSID: brg5pnn8tthhu23vsfpitlamp4
[2025-04-18 01:15:13] --- HEADERS ---
[2025-04-18 01:15:13] Header Host: mdgeek.top
[2025-04-18 01:15:13] Header Content-Length: 545
[2025-04-18 01:15:13] Header Content-Type: multipart/form-data; boundary=----WebKitFormBoundaryam10HiU9u11FjkwW
[2025-04-18 01:15:13] Header origin: https://mdgeek.top
[2025-04-18 01:15:13] Header Referer: https://mdgeek.top/index.php?page=statut_rapide&id=614
[2025-04-18 01:15:13] Header Cookie: pwa_mode=true; MDGEEK_SESSION=1r8l6hksnjql26gde64juvm4gn; mdgeek_remember=fb80584ad0e311a6df69bd7446d40921969026bec98f551495b825b33616d1d9; PHPSESSID=brg5pnn8tthhu23vsfpitlamp4
[2025-04-18 01:15:13] Paramètres reçus:
[2025-04-18 01:15:13] - reparation_id: 614
[2025-04-18 01:15:13] - montant: 1
[2025-04-18 01:15:13] - update_prix: Oui
[2025-04-18 01:16:24] === DÉBUT TRAITEMENT DEVIS ===
[2025-04-18 01:16:24] Session ID: brg5pnn8tthhu23vsfpitlamp4
[2025-04-18 01:16:24] Session name: PHPSESSID
[2025-04-18 01:16:24] User ID in session: 1
[2025-04-18 01:16:24] Remember token cookie: Absent
[2025-04-18 01:16:24] MDGEEK_SESSION cookie: Présent
[2025-04-18 01:16:24] --- COOKIES ---
[2025-04-18 01:16:24] Cookie pwa_mode: true
[2025-04-18 01:16:24] Cookie MDGEEK_SESSION: 1r8l6hksnjql26gde64juvm4gn
[2025-04-18 01:16:24] Cookie PHPSESSID: brg5pnn8tthhu23vsfpitlamp4
[2025-04-18 01:16:24] Cookie mdgeek_remember: 978e2453aa1876985fb23b781dad9bd2b0aa529db44a81ea031e33ae5a802dcb
[2025-04-18 01:16:24] --- HEADERS ---
[2025-04-18 01:16:24] Header Host: mdgeek.top
[2025-04-18 01:16:24] Header Content-Length: 545
[2025-04-18 01:16:24] Header Content-Type: multipart/form-data; boundary=----WebKitFormBoundaryDU0I4WJ0EMtWIKjF
[2025-04-18 01:16:24] Header origin: https://mdgeek.top
[2025-04-18 01:16:24] Header Referer: https://mdgeek.top/index.php?page=statut_rapide&id=614
[2025-04-18 01:16:24] Header Cookie: pwa_mode=true; MDGEEK_SESSION=1r8l6hksnjql26gde64juvm4gn; PHPSESSID=brg5pnn8tthhu23vsfpitlamp4; mdgeek_remember=978e2453aa1876985fb23b781dad9bd2b0aa529db44a81ea031e33ae5a802dcb
[2025-04-18 01:16:24] Paramètres reçus:
[2025-04-18 01:16:24] - reparation_id: 614
[2025-04-18 01:16:24] - montant: 1
[2025-04-18 01:16:24] - update_prix: Oui
