[2025-04-23 12:33:46] === DÉBUT TRAITEMENT GARDIENNAGE ===
[2025-04-23 12:33:46] Session ID: 4d4jilujokv3kmp924fdl4j318
[2025-04-23 12:33:46] Session name: PHPSESSID
[2025-04-23 12:33:46] User ID in session: 1
[2025-04-23 12:33:46] Remember token cookie: Absent
[2025-04-23 12:33:46] MDGEEK_SESSION cookie: Présent
[2025-04-23 12:33:46] --- COOKIES ---
[2025-04-23 12:33:46] Cookie pwa_mode: true
[2025-04-23 12:33:46] Cookie PHPSESSID: 4d4jilujokv3kmp924fdl4j318
[2025-04-23 12:33:46] Cookie mdgeek_remember: 5477cecaa3614e8c45dda62e82a2e0ea701ccf2d81f6da58a91f1c33d81269d9
[2025-04-23 12:33:46] Cookie MDGEEK_SESSION: e5sncp71rsgakmdv7qe8vsml3j
[2025-04-23 12:33:46] --- HEADERS ---
[2025-04-23 12:33:46] Header Host: mdgeek.top
[2025-04-23 12:33:46] Header Content-Type: multipart/form-data; boundary=----WebKitFormBoundaryguXk5nzvNtRVlk1Q
[2025-04-23 12:33:46] Header origin: https://mdgeek.top
[2025-04-23 12:33:46] Header Referer: https://mdgeek.top/index.php?page=statut_rapide&id=593
[2025-04-23 12:33:46] Header Content-Length: 343
[2025-04-23 12:33:46] Header Cookie: pwa_mode=true; PHPSESSID=4d4jilujokv3kmp924fdl4j318; mdgeek_remember=5477cecaa3614e8c45dda62e82a2e0ea701ccf2d81f6da58a91f1c33d81269d9; MDGEEK_SESSION=e5sncp71rsgakmdv7qe8vsml3j
[2025-04-23 12:33:46] Paramètres reçus:
[2025-04-23 12:33:46] - reparation_id: 593
[2025-04-23 12:33:46] - notes: Absent
[2025-04-23 12:33:46] === DÉBUT TRAITEMENT GARDIENNAGE ===
[2025-04-23 12:33:46] Session ID: 4d4jilujokv3kmp924fdl4j318
[2025-04-23 12:33:46] Session name: PHPSESSID
[2025-04-23 12:33:46] User ID in session: 1
[2025-04-23 12:33:46] Remember token cookie: Absent
[2025-04-23 12:33:46] MDGEEK_SESSION cookie: Présent
[2025-04-23 12:33:46] --- COOKIES ---
[2025-04-23 12:33:46] Cookie pwa_mode: true
[2025-04-23 12:33:46] Cookie PHPSESSID: 4d4jilujokv3kmp924fdl4j318
[2025-04-23 12:33:46] Cookie mdgeek_remember: 5477cecaa3614e8c45dda62e82a2e0ea701ccf2d81f6da58a91f1c33d81269d9
[2025-04-23 12:33:46] Cookie MDGEEK_SESSION: e5sncp71rsgakmdv7qe8vsml3j
[2025-04-23 12:33:46] --- HEADERS ---
[2025-04-23 12:33:46] Header Host: mdgeek.top
[2025-04-23 12:33:46] Header Content-Type: multipart/form-data; boundary=----WebKitFormBoundarynDdGepwtnELNSFDh
[2025-04-23 12:33:46] Header origin: https://mdgeek.top
[2025-04-23 12:33:46] Header Referer: https://mdgeek.top/index.php?page=statut_rapide&id=593
[2025-04-23 12:33:46] Header Content-Length: 343
[2025-04-23 12:33:46] Header Cookie: pwa_mode=true; PHPSESSID=4d4jilujokv3kmp924fdl4j318; mdgeek_remember=5477cecaa3614e8c45dda62e82a2e0ea701ccf2d81f6da58a91f1c33d81269d9; MDGEEK_SESSION=e5sncp71rsgakmdv7qe8vsml3j
[2025-04-23 12:33:46] Paramètres reçus:
[2025-04-23 12:33:46] - reparation_id: 593
[2025-04-23 12:33:46] - notes: Absent
[2025-04-23 12:35:27] === DÉBUT TRAITEMENT GARDIENNAGE ===
[2025-04-23 12:35:27] Session ID: 4d4jilujokv3kmp924fdl4j318
[2025-04-23 12:35:27] Session name: PHPSESSID
[2025-04-23 12:35:27] User ID in session: 1
[2025-04-23 12:35:27] Remember token cookie: Absent
[2025-04-23 12:35:27] MDGEEK_SESSION cookie: Présent
[2025-04-23 12:35:27] --- COOKIES ---
[2025-04-23 12:35:27] Cookie pwa_mode: true
[2025-04-23 12:35:27] Cookie PHPSESSID: 4d4jilujokv3kmp924fdl4j318
[2025-04-23 12:35:27] Cookie mdgeek_remember: 5477cecaa3614e8c45dda62e82a2e0ea701ccf2d81f6da58a91f1c33d81269d9
[2025-04-23 12:35:27] Cookie MDGEEK_SESSION: e5sncp71rsgakmdv7qe8vsml3j
[2025-04-23 12:35:27] --- HEADERS ---
[2025-04-23 12:35:27] Header Host: mdgeek.top
[2025-04-23 12:35:27] Header Content-Type: multipart/form-data; boundary=----WebKitFormBoundaryNnsHC2Z7K2ATjU7T
[2025-04-23 12:35:27] Header origin: https://mdgeek.top
[2025-04-23 12:35:27] Header Referer: https://mdgeek.top/index.php?page=statut_rapide&id=618
[2025-04-23 12:35:27] Header Content-Length: 343
[2025-04-23 12:35:27] Header Cookie: pwa_mode=true; PHPSESSID=4d4jilujokv3kmp924fdl4j318; mdgeek_remember=5477cecaa3614e8c45dda62e82a2e0ea701ccf2d81f6da58a91f1c33d81269d9; MDGEEK_SESSION=e5sncp71rsgakmdv7qe8vsml3j
[2025-04-23 12:35:27] Paramètres reçus:
[2025-04-23 12:35:27] - reparation_id: 618
[2025-04-23 12:35:27] - notes: Absent
