--- Changement de statut: 2025-04-19 22:51:13 ---
Session status before: 1
Session ID before: 
COOKIE data: Array
(
    [pwa_mode] => true
    [MDGEEK_SESSION] => i3853ua60aq7326nqs9739iah0
    [mdgeek_remember] => 5f389006f5d4f0f51e906f8cad813aa9105da73bfeb523532a4afc10a437f2b2
    [PHPSESSID] => tdblmumot5idqd44c41nhtvnfa
)

Session status after: 2
Session ID after: tdblmumot5idqd44c41nhtvnfa
SESSION data: Array
(
    [pwa_mode] => 
)

Données reçues: Array
(
    [repair_id] => 626
    [status] => nouvelle_commande
)

Erreur PDO: SQLSTATE[42S22]: Column not found: 1054 Unknown column 'categorie' in 'SELECT'
--- Changement de statut: 2025-04-19 22:52:59 ---
Session status before: 1
Session ID before: 
COOKIE data: Array
(
    [pwa_mode] => true
    [MDGEEK_SESSION] => i3853ua60aq7326nqs9739iah0
    [mdgeek_remember] => 5f389006f5d4f0f51e906f8cad813aa9105da73bfeb523532a4afc10a437f2b2
    [PHPSESSID] => tdblmumot5idqd44c41nhtvnfa
)

Session status after: 2
Session ID after: tdblmumot5idqd44c41nhtvnfa
SESSION data: Array
(
    [pwa_mode] => 
)

Données reçues: Array
(
    [repair_id] => 626
    [status] => nouvelle_commande
)

Statut info: Array
(
    [id] => 3
    [categorie_id] => 1
)

Succès: Statut mis à jour
--- Changement de statut: 2025-04-19 23:31:58 ---
Session status before: 1
Session ID before: 
COOKIE data: Array
(
    [pwa_mode] => true
    [MDGEEK_SESSION] => rd50e97uktnloiphn98e0048qd
    [mdgeek_remember] => 539fa5038f3a81c8cc2882f0a5bb76f7ab3a4699fb14289de952b28d44c24abe
    [PHPSESSID] => imk368snfkj4jbul1ke6vfg06j
)

Session status after: 2
Session ID after: imk368snfkj4jbul1ke6vfg06j
SESSION data: Array
(
    [pwa_mode] => 
)

Données reçues: Array
(
    [repair_id] => 626
    [status] => nouvelle_commande
)

Statut info: Array
(
    [id] => 3
    [categorie_id] => 1
)

Succès: Statut mis à jour
--- Changement de statut: 2025-04-19 23:33:39 ---
Session status before: 1
Session ID before: 
COOKIE data: Array
(
    [pwa_mode] => true
    [MDGEEK_SESSION] => rd50e97uktnloiphn98e0048qd
    [mdgeek_remember] => 539fa5038f3a81c8cc2882f0a5bb76f7ab3a4699fb14289de952b28d44c24abe
    [PHPSESSID] => imk368snfkj4jbul1ke6vfg06j
)

Session status after: 2
Session ID after: imk368snfkj4jbul1ke6vfg06j
SESSION data: Array
(
    [pwa_mode] => 
)

Données reçues: Array
(
    [repair_id] => 626
    [status] => nouvelle_commande
)

Statut info: Array
(
    [id] => 3
    [categorie_id] => 1
)

Succès: Statut mis à jour
