[2025-04-19 17:06:38] === ENVOI SMS DÉMARRÉ ===
[2025-04-19 17:06:38] Destinataire: 33782962906
[2025-04-19 17:06:38] Message: Bonjour, saber, votre devis po...
[2025-04-19 17:06:38] URL API: https://api.sms-gate.app/3rdparty/v1/message
[2025-04-19 17:06:38] Utilisateur: -GCB75
[2025-04-19 17:06:38] Numéro formaté: +33782962906
[2025-04-19 17:06:38] Données JSON: {"message":"Bonjour, saber, votre devis pour le Test est disponible. \r\nConsultez-le ici :\r\n\ud83d\udcc4 http:\/\/Mdgeek.top\/suivi.php?id=631\r\nUne question ? Appelez-nous au 04 93 46 71 63\r\nMAISON DU GEEK","phoneNumbers":["+33782962906"]}
[2025-04-19 17:06:38] Exécution de la requête cURL...
[2025-04-19 17:06:39] Code HTTP: 202
[2025-04-19 17:06:39] Temps: 374 ms
[2025-04-19 17:06:39] Réponse: {"id":"qbwrzSmdXFUMecxo6H1_d","state":"Pending","isHashed":false,"isEncrypted":false,"recipients":[{"phoneNumber":"+33782962906","state":"Pending"}],"states":null}
[2025-04-19 17:06:39] Destinataire: +33782962906, Message: Bonjour, saber, votre devis po..., Statut: 202, Réponse: {"id":"qbwrzSmdXFUMecxo6H1_d","state":"Pending","isHashed":false,"isEncrypted":false,"recipients":[{"phoneNumber":"+33782962906","state":"Pending"}],"states":null}
[2025-04-19 17:06:39] Connexion à la base de données non disponible
[2025-04-19 17:06:39] === ENVOI SMS RÉUSSI ===
[2025-04-19 17:07:42] === ENVOI SMS DÉMARRÉ ===
[2025-04-19 17:07:42] Destinataire: 33782962906
[2025-04-19 17:07:42] Message: Bonjour, saber, votre devis po...
[2025-04-19 17:07:42] URL API: https://api.sms-gate.app/3rdparty/v1/message
[2025-04-19 17:07:42] Utilisateur: -GCB75
[2025-04-19 17:07:42] Numéro formaté: +33782962906
[2025-04-19 17:07:42] Données JSON: {"message":"Bonjour, saber, votre devis pour le Test est disponible. \r\nConsultez-le ici :\r\n\ud83d\udcc4 http:\/\/Mdgeek.top\/suivi.php?id=631\r\nUne question ? Appelez-nous au 04 93 46 71 63\r\nMAISON DU GEEK","phoneNumbers":["+33782962906"]}
[2025-04-19 17:07:42] Exécution de la requête cURL...
[2025-04-19 17:07:42] Code HTTP: 202
[2025-04-19 17:07:42] Temps: 313 ms
[2025-04-19 17:07:42] Réponse: {"id":"OWTl2X2j1cbhxY3sA6qHs","state":"Pending","isHashed":false,"isEncrypted":false,"recipients":[{"phoneNumber":"+33782962906","state":"Pending"}],"states":null}
[2025-04-19 17:07:42] Destinataire: +33782962906, Message: Bonjour, saber, votre devis po..., Statut: 202, Réponse: {"id":"OWTl2X2j1cbhxY3sA6qHs","state":"Pending","isHashed":false,"isEncrypted":false,"recipients":[{"phoneNumber":"+33782962906","state":"Pending"}],"states":null}
[2025-04-19 17:07:42] Connexion à la base de données non disponible
[2025-04-19 17:07:42] === ENVOI SMS RÉUSSI ===
[2025-04-19 17:08:32] === ENVOI SMS DÉMARRÉ ===
[2025-04-19 17:08:32] Destinataire: 33782962906
[2025-04-19 17:08:32] Message: Bonjour, saber, votre devis po...
[2025-04-19 17:08:32] URL API: https://api.sms-gate.app/3rdparty/v1/message
[2025-04-19 17:08:32] Utilisateur: -GCB75
[2025-04-19 17:08:32] Numéro formaté: +33782962906
[2025-04-19 17:08:32] Données JSON: {"message":"Bonjour, saber, votre devis pour le Test est disponible. \r\nConsultez-le ici :\r\n\ud83d\udcc4 http:\/\/Mdgeek.top\/suivi.php?id=631\r\nUne question ? Appelez-nous au 04 93 46 71 63\r\nMAISON DU GEEK","phoneNumbers":["+33782962906"]}
[2025-04-19 17:08:32] Exécution de la requête cURL...
[2025-04-19 17:08:32] Code HTTP: 202
[2025-04-19 17:08:32] Temps: 314 ms
[2025-04-19 17:08:32] Réponse: {"id":"n-Ba0QNfAUVF-DRBHcAI1","state":"Pending","isHashed":false,"isEncrypted":false,"recipients":[{"phoneNumber":"+33782962906","state":"Pending"}],"states":null}
[2025-04-19 17:08:32] Destinataire: +33782962906, Message: Bonjour, saber, votre devis po..., Statut: 202, Réponse: {"id":"n-Ba0QNfAUVF-DRBHcAI1","state":"Pending","isHashed":false,"isEncrypted":false,"recipients":[{"phoneNumber":"+33782962906","state":"Pending"}],"states":null}
[2025-04-19 17:08:32] Connexion à la base de données non disponible
[2025-04-19 17:08:32] === ENVOI SMS RÉUSSI ===
[2025-04-19 17:12:05] === ENVOI SMS DÉMARRÉ ===
[2025-04-19 17:12:05] Destinataire: 33782962906
[2025-04-19 17:12:05] Message: Bonjour, saber, votre devis po...
[2025-04-19 17:12:05] URL API: https://api.sms-gate.app/3rdparty/v1/message
[2025-04-19 17:12:05] Utilisateur: -GCB75
[2025-04-19 17:12:05] Numéro formaté: +33782962906
[2025-04-19 17:12:05] Données JSON: {"message":"Bonjour, saber, votre devis pour le Test est disponible. \r\nConsultez-le ici :\r\n\ud83d\udcc4 http:\/\/Mdgeek.top\/suivi.php?id=631\r\nUne question ? Appelez-nous au 04 93 46 71 63\r\nMAISON DU GEEK","phoneNumbers":["+33782962906"]}
[2025-04-19 17:12:05] Exécution de la requête cURL...
[2025-04-19 17:12:06] Code HTTP: 202
[2025-04-19 17:12:06] Temps: 335 ms
[2025-04-19 17:12:06] Réponse: {"id":"VDxBKVIyr_QUjZA-iwKTm","state":"Pending","isHashed":false,"isEncrypted":false,"recipients":[{"phoneNumber":"+33782962906","state":"Pending"}],"states":null}
[2025-04-19 17:12:06] Destinataire: +33782962906, Message: Bonjour, saber, votre devis po..., Statut: 202, Réponse: {"id":"VDxBKVIyr_QUjZA-iwKTm","state":"Pending","isHashed":false,"isEncrypted":false,"recipients":[{"phoneNumber":"+33782962906","state":"Pending"}],"states":null}
[2025-04-19 17:12:06] SMS enregistré dans la base de données, ID: 258
[2025-04-19 17:12:06] === ENVOI SMS RÉUSSI ===
[2025-04-19 17:12:06] === ENVOI SMS DÉMARRÉ ===
[2025-04-19 17:12:06] Destinataire: 33782962906
[2025-04-19 17:12:06] Message: Bonjour, saber, votre devis po...
[2025-04-19 17:12:06] URL API: https://api.sms-gate.app/3rdparty/v1/message
[2025-04-19 17:12:06] Utilisateur: -GCB75
[2025-04-19 17:12:06] Numéro formaté: +33782962906
[2025-04-19 17:12:06] Données JSON: {"message":"Bonjour, saber, votre devis pour le Test est disponible. \r\nConsultez-le ici :\r\n\ud83d\udcc4 http:\/\/Mdgeek.top\/suivi.php?id=631\r\nUne question ? Appelez-nous au 04 93 46 71 63\r\nMAISON DU GEEK","phoneNumbers":["+33782962906"]}
[2025-04-19 17:12:06] Exécution de la requête cURL...
[2025-04-19 17:12:06] Code HTTP: 202
[2025-04-19 17:12:06] Temps: 316 ms
[2025-04-19 17:12:06] Réponse: {"id":"-I5lD59t6d-UQmLXtMhcI","state":"Pending","isHashed":false,"isEncrypted":false,"recipients":[{"phoneNumber":"+33782962906","state":"Pending"}],"states":null}
[2025-04-19 17:12:06] Destinataire: +33782962906, Message: Bonjour, saber, votre devis po..., Statut: 202, Réponse: {"id":"-I5lD59t6d-UQmLXtMhcI","state":"Pending","isHashed":false,"isEncrypted":false,"recipients":[{"phoneNumber":"+33782962906","state":"Pending"}],"states":null}
[2025-04-19 17:12:06] SMS enregistré dans la base de données, ID: 259
[2025-04-19 17:12:06] === ENVOI SMS RÉUSSI ===
[2025-04-19 17:13:14] === ENVOI SMS DÉMARRÉ ===
[2025-04-19 17:13:14] Destinataire: 33782962906
[2025-04-19 17:13:14] Message: Bonjour, saber, votre devis po...
[2025-04-19 17:13:14] URL API: https://api.sms-gate.app/3rdparty/v1/message
[2025-04-19 17:13:14] Utilisateur: -GCB75
[2025-04-19 17:13:14] Numéro formaté: +33782962906
[2025-04-19 17:13:14] Données JSON: {"message":"Bonjour, saber, votre devis pour le Test est disponible. \r\nConsultez-le ici :\r\n\ud83d\udcc4 http:\/\/Mdgeek.top\/suivi.php?id=631\r\nUne question ? Appelez-nous au 04 93 46 71 63\r\nMAISON DU GEEK","phoneNumbers":["+33782962906"]}
[2025-04-19 17:13:14] Exécution de la requête cURL...
[2025-04-19 17:13:14] Code HTTP: 202
[2025-04-19 17:13:14] Temps: 310 ms
[2025-04-19 17:13:14] Réponse: {"id":"v2bSL6MURc4RZqckwC8J9","state":"Pending","isHashed":false,"isEncrypted":false,"recipients":[{"phoneNumber":"+33782962906","state":"Pending"}],"states":null}
[2025-04-19 17:13:14] Destinataire: +33782962906, Message: Bonjour, saber, votre devis po..., Statut: 202, Réponse: {"id":"v2bSL6MURc4RZqckwC8J9","state":"Pending","isHashed":false,"isEncrypted":false,"recipients":[{"phoneNumber":"+33782962906","state":"Pending"}],"states":null}
[2025-04-19 17:13:14] SMS enregistré dans la base de données, ID: 260
[2025-04-19 17:13:14] === ENVOI SMS RÉUSSI ===
[2025-04-19 17:13:14] === ENVOI SMS DÉMARRÉ ===
[2025-04-19 17:13:14] Destinataire: 33782962906
[2025-04-19 17:13:14] Message: Bonjour, saber, votre devis po...
[2025-04-19 17:13:14] URL API: https://api.sms-gate.app/3rdparty/v1/message
[2025-04-19 17:13:14] Utilisateur: -GCB75
[2025-04-19 17:13:14] Numéro formaté: +33782962906
[2025-04-19 17:13:14] Données JSON: {"message":"Bonjour, saber, votre devis pour le Test est disponible. \r\nConsultez-le ici :\r\n\ud83d\udcc4 http:\/\/Mdgeek.top\/suivi.php?id=631\r\nUne question ? Appelez-nous au 04 93 46 71 63\r\nMAISON DU GEEK","phoneNumbers":["+33782962906"]}
[2025-04-19 17:13:14] Exécution de la requête cURL...
[2025-04-19 17:13:15] Code HTTP: 202
[2025-04-19 17:13:15] Temps: 310 ms
[2025-04-19 17:13:15] Réponse: {"id":"frBoYDfMnAGNQDfPOq2Bw","state":"Pending","isHashed":false,"isEncrypted":false,"recipients":[{"phoneNumber":"+33782962906","state":"Pending"}],"states":null}
[2025-04-19 17:13:15] Destinataire: +33782962906, Message: Bonjour, saber, votre devis po..., Statut: 202, Réponse: {"id":"frBoYDfMnAGNQDfPOq2Bw","state":"Pending","isHashed":false,"isEncrypted":false,"recipients":[{"phoneNumber":"+33782962906","state":"Pending"}],"states":null}
[2025-04-19 17:13:15] SMS enregistré dans la base de données, ID: 261
[2025-04-19 17:13:15] === ENVOI SMS RÉUSSI ===
[2025-04-19 17:13:22] === ENVOI SMS DÉMARRÉ ===
[2025-04-19 17:13:22] Destinataire: 33782962906
[2025-04-19 17:13:22] Message: 📣 saber,
Ton Test est prê...
[2025-04-19 17:13:22] URL API: https://api.sms-gate.app/3rdparty/v1/message
[2025-04-19 17:13:22] Utilisateur: -GCB75
[2025-04-19 17:13:22] Numéro formaté: +33782962906
[2025-04-19 17:13:22] Données JSON: {"message":"\ud83d\udce3 saber,\r\nTon Test est pr\u00eat mais t\u2019attend toujours ! Des frais de gardiennage s\u2019appliquent \ud83e\ude99 et apr\u00e8s 90j il sera recycl\u00e9 gratuitement \u267b\ufe0f\r\n\ud83d\udccd Suivi : http:\/\/Mdgeek.top\/suivi.php?id=631\r\n\ud83d\udcde 08 95 79 59 33\r\n\ud83c\udfe0 Maison du Geek","phoneNumbers":["+33782962906"]}
[2025-04-19 17:13:22] Exécution de la requête cURL...
[2025-04-19 17:13:22] Code HTTP: 202
[2025-04-19 17:13:22] Temps: 336 ms
[2025-04-19 17:13:22] Réponse: {"id":"g8XL11gzouevot9Ssz5nY","state":"Pending","isHashed":false,"isEncrypted":false,"recipients":[{"phoneNumber":"+33782962906","state":"Pending"}],"states":null}
[2025-04-19 17:13:22] Destinataire: +33782962906, Message: 📣 saber,
Ton Test est prê..., Statut: 202, Réponse: {"id":"g8XL11gzouevot9Ssz5nY","state":"Pending","isHashed":false,"isEncrypted":false,"recipients":[{"phoneNumber":"+33782962906","state":"Pending"}],"states":null}
[2025-04-19 17:13:22] SMS enregistré dans la base de données, ID: 262
[2025-04-19 17:13:22] === ENVOI SMS RÉUSSI ===
[2025-04-19 17:13:40] === ENVOI SMS DÉMARRÉ ===
[2025-04-19 17:13:40] Destinataire: 33782962906
[2025-04-19 17:13:40] Message: 📣 saber,
Ton Test est prê...
[2025-04-19 17:13:40] URL API: https://api.sms-gate.app/3rdparty/v1/message
[2025-04-19 17:13:40] Utilisateur: -GCB75
[2025-04-19 17:13:40] Numéro formaté: +33782962906
[2025-04-19 17:13:40] Données JSON: {"message":"\ud83d\udce3 saber,\r\nTon Test est pr\u00eat mais t\u2019attend toujours ! Des frais de gardiennage s\u2019appliquent \ud83e\ude99 et apr\u00e8s 90j il sera recycl\u00e9 gratuitement \u267b\ufe0f\r\n\ud83d\udccd Suivi : http:\/\/Mdgeek.top\/suivi.php?id=631\r\n\ud83d\udcde 08 95 79 59 33\r\n\ud83c\udfe0 Maison du Geek","phoneNumbers":["+33782962906"]}
[2025-04-19 17:13:40] Exécution de la requête cURL...
[2025-04-19 17:13:40] Code HTTP: 202
[2025-04-19 17:13:40] Temps: 318 ms
[2025-04-19 17:13:40] Réponse: {"id":"r2opqLb1E2aWz1BucHzvg","state":"Pending","isHashed":false,"isEncrypted":false,"recipients":[{"phoneNumber":"+33782962906","state":"Pending"}],"states":null}
[2025-04-19 17:13:40] Destinataire: +33782962906, Message: 📣 saber,
Ton Test est prê..., Statut: 202, Réponse: {"id":"r2opqLb1E2aWz1BucHzvg","state":"Pending","isHashed":false,"isEncrypted":false,"recipients":[{"phoneNumber":"+33782962906","state":"Pending"}],"states":null}
[2025-04-19 17:13:40] SMS enregistré dans la base de données, ID: 263
[2025-04-19 17:13:40] === ENVOI SMS RÉUSSI ===
[2025-04-19 17:14:19] === ENVOI SMS DÉMARRÉ ===
[2025-04-19 17:14:19] Destinataire: 33782962906
[2025-04-19 17:14:19] Message: Bonjour, saber, votre devis po...
[2025-04-19 17:14:19] URL API: https://api.sms-gate.app/3rdparty/v1/message
[2025-04-19 17:14:19] Utilisateur: -GCB75
[2025-04-19 17:14:19] Numéro formaté: +33782962906
[2025-04-19 17:14:19] Données JSON: {"message":"Bonjour, saber, votre devis pour le iPhone 8 est disponible. \r\nConsultez-le ici :\r\n\ud83d\udcc4 http:\/\/Mdgeek.top\/suivi.php?id=626\r\nUne question ? Appelez-nous au 04 93 46 71 63\r\nMAISON DU GEEK","phoneNumbers":["+33782962906"]}
[2025-04-19 17:14:19] Exécution de la requête cURL...
[2025-04-19 17:14:19] Code HTTP: 202
[2025-04-19 17:14:19] Temps: 319 ms
[2025-04-19 17:14:19] Réponse: {"id":"HFw2TteN_WZCBjy1Vi9OE","state":"Pending","isHashed":false,"isEncrypted":false,"recipients":[{"phoneNumber":"+33782962906","state":"Pending"}],"states":null}
[2025-04-19 17:14:19] Destinataire: +33782962906, Message: Bonjour, saber, votre devis po..., Statut: 202, Réponse: {"id":"HFw2TteN_WZCBjy1Vi9OE","state":"Pending","isHashed":false,"isEncrypted":false,"recipients":[{"phoneNumber":"+33782962906","state":"Pending"}],"states":null}
[2025-04-19 17:14:19] SMS enregistré dans la base de données, ID: 264
[2025-04-19 17:14:19] === ENVOI SMS RÉUSSI ===
[2025-04-19 21:33:30] === ENVOI SMS DÉMARRÉ ===
[2025-04-19 21:33:30] Destinataire: 33782962906
[2025-04-19 21:33:30] Message: 👋 Hello saber,
Votre devis...
[2025-04-19 21:33:30] URL API: https://api.sms-gate.app/3rdparty/v1/message
[2025-04-19 21:33:30] Utilisateur: -GCB75
[2025-04-19 21:33:30] Numéro formaté: +33782962906
[2025-04-19 21:33:30] Données JSON: {"message":"\ud83d\udc4b Hello saber,\r\nVotre devis pour le \ud83d\udcf1 Test est pr\u00eat !\r\n\ud83e\uddd0 Consultez-le ici :\r\n\ud83d\udd17 http:\/\/Mdgeek.top\/suivi.php?id=631\r\n\ud83d\udcde Une question ? Appelez-nous au \u260e\ufe0f 04 93 46 71 63\r\n\ud83c\udfe0 Maison du Geek \u2013 \ud83d\udcf1 08 95 79 59 33","phoneNumbers":["+33782962906"]}
[2025-04-19 21:33:30] Exécution de la requête cURL...
[2025-04-19 21:33:30] Code HTTP: 202
[2025-04-19 21:33:30] Temps: 315 ms
[2025-04-19 21:33:30] Réponse: {"id":"VKFK8X2hyjhGvYDC4a2Wv","state":"Pending","isHashed":false,"isEncrypted":false,"recipients":[{"phoneNumber":"+33782962906","state":"Pending"}],"states":null}
[2025-04-19 21:33:30] Destinataire: +33782962906, Message: 👋 Hello saber,
Votre devis..., Statut: 202, Réponse: {"id":"VKFK8X2hyjhGvYDC4a2Wv","state":"Pending","isHashed":false,"isEncrypted":false,"recipients":[{"phoneNumber":"+33782962906","state":"Pending"}],"states":null}
[2025-04-19 21:33:30] SMS enregistré dans la base de données, ID: 267
[2025-04-19 21:33:30] === ENVOI SMS RÉUSSI ===
[2025-04-19 21:33:50] === ENVOI SMS DÉMARRÉ ===
[2025-04-19 21:33:50] Destinataire: 33782962906
[2025-04-19 21:33:50] Message: 📣 saber,
Ton Test est prê...
[2025-04-19 21:33:50] URL API: https://api.sms-gate.app/3rdparty/v1/message
[2025-04-19 21:33:50] Utilisateur: -GCB75
[2025-04-19 21:33:50] Numéro formaté: +33782962906
[2025-04-19 21:33:50] Données JSON: {"message":"\ud83d\udce3 saber,\r\nTon Test est pr\u00eat mais t\u2019attend toujours ! Des frais de gardiennage s\u2019appliquent \ud83e\ude99 et apr\u00e8s 90j il sera recycl\u00e9 gratuitement \u267b\ufe0f\r\n\ud83d\udccd Suivi : http:\/\/Mdgeek.top\/suivi.php?id=631\r\n\ud83d\udcde 08 95 79 59 33\r\n\ud83c\udfe0 Maison du Geek","phoneNumbers":["+33782962906"]}
[2025-04-19 21:33:50] Exécution de la requête cURL...
[2025-04-19 21:33:50] Code HTTP: 202
[2025-04-19 21:33:50] Temps: 312 ms
[2025-04-19 21:33:50] Réponse: {"id":"k10CFLPl_3OT65J9Yq1Gj","state":"Pending","isHashed":false,"isEncrypted":false,"recipients":[{"phoneNumber":"+33782962906","state":"Pending"}],"states":null}
[2025-04-19 21:33:50] Destinataire: +33782962906, Message: 📣 saber,
Ton Test est prê..., Statut: 202, Réponse: {"id":"k10CFLPl_3OT65J9Yq1Gj","state":"Pending","isHashed":false,"isEncrypted":false,"recipients":[{"phoneNumber":"+33782962906","state":"Pending"}],"states":null}
[2025-04-19 21:33:50] SMS enregistré dans la base de données, ID: 268
[2025-04-19 21:33:50] === ENVOI SMS RÉUSSI ===
