[2025-04-20 16:33:20] === ENVOI SMS DÉMARRÉ ===
[2025-04-20 16:33:20] Destinataire: 33665495221
[2025-04-20 16:33:20] Message: 👋 Bonjour Wajdi,
🛠️ N...
[2025-04-20 16:33:20] URL API: https://api.sms-gate.app/3rdparty/v1/message
[2025-04-20 16:33:20] Utilisateur: -GCB75
[2025-04-20 16:33:20] Numéro formaté: +33665495221
[2025-04-20 16:33:20] Données JSON: {"message":"\ud83d\udc4b Bonjour Wajdi,\r\n\ud83d\udee0\ufe0f Nous avons bien re\u00e7u votre iPhone 11 et nos experts geeks sont d\u00e9j\u00e0 \u00e0 l'\u0153uvre pour le remettre en \u00e9tat.\r\n\ud83d\udd0e Suivez l'avancement de la r\u00e9paration ici :\r\n\ud83d\udc49 http:\/\/Mdgeek.top\/suivi.php?id=632\r\n\ud83d\udcde Une question ? Contactez nous au 08 95 79 59 33\r\n\ud83c\udfe0 Maison du GEEK \ud83d\udee0\ufe0f","phoneNumbers":["+33665495221"]}
[2025-04-20 16:33:20] Exécution de la requête cURL...
[2025-04-20 16:33:20] Code HTTP: 202
[2025-04-20 16:33:20] Temps: 428 ms
[2025-04-20 16:33:20] Réponse: {"id":"AN6gyBY7p9BVqBNiSej-L","state":"Pending","isHashed":false,"isEncrypted":false,"recipients":[{"phoneNumber":"+33665495221","state":"Pending"}],"states":null}
[2025-04-20 16:33:20] Destinataire: +33665495221, Message: 👋 Bonjour Wajdi,
🛠️ N..., Statut: 202, Réponse: {"id":"AN6gyBY7p9BVqBNiSej-L","state":"Pending","isHashed":false,"isEncrypted":false,"recipients":[{"phoneNumber":"+33665495221","state":"Pending"}],"states":null}
[2025-04-20 16:33:20] SMS enregistré dans la base de données, ID: 280
[2025-04-20 16:33:20] === ENVOI SMS RÉUSSI ===
[2025-04-20 16:34:32] === ENVOI SMS DÉMARRÉ ===
[2025-04-20 16:34:32] Destinataire: 33664995745
[2025-04-20 16:34:32] Message: Franck, votre iPad A2297 est p...
[2025-04-20 16:34:32] URL API: https://api.sms-gate.app/3rdparty/v1/message
[2025-04-20 16:34:32] Utilisateur: -GCB75
[2025-04-20 16:34:32] Numéro formaté: +33664995745
[2025-04-20 16:34:32] Données JSON: {"message":"Franck, votre iPad A2297 est pr\u00eat ! Il vous attend pour retrouver une vie normale. \ud83e\udd73\r\n\ud83e\uddfe Suivi : http:\/\/Mdgeek.top\/suivi.php?id=589\r\nMaison du Geek \u2013 08 95 79 59 33","phoneNumbers":["+33664995745"]}
[2025-04-20 16:34:32] Exécution de la requête cURL...
[2025-04-20 16:34:33] Code HTTP: 202
[2025-04-20 16:34:33] Temps: 314 ms
[2025-04-20 16:34:33] Réponse: {"id":"NoHc5eSvn6thd3xcdF-wb","state":"Pending","isHashed":false,"isEncrypted":false,"recipients":[{"phoneNumber":"+33664995745","state":"Pending"}],"states":null}
[2025-04-20 16:34:33] Destinataire: +33664995745, Message: Franck, votre iPad A2297 est p..., Statut: 202, Réponse: {"id":"NoHc5eSvn6thd3xcdF-wb","state":"Pending","isHashed":false,"isEncrypted":false,"recipients":[{"phoneNumber":"+33664995745","state":"Pending"}],"states":null}
[2025-04-20 16:34:33] SMS enregistré dans la base de données, ID: 281
[2025-04-20 16:34:33] === ENVOI SMS RÉUSSI ===
