[2025-05-05 22:53:29] === TRAITEMENT REQUÊTE SMS ===
[2025-05-05 22:53:29] Données reçues: {"client_id":"512","telephone":"337829626906","template":"4","message":"Bonjour, [CLIENT_PRENOM], \r\nle devis de votre [APPAREIL_MODELE] est disponible. \r\nMontant : [PRIX]\r\nConsultez-le ici :\r\n\ud83d\udcc4 http:\/\/Mdgeek.top\/suivi.php?id=[REPARATION_ID]\r\nUne question ? Appelez-nous au 04 93 46 71 63\r\nMAISON DU GEEK"}
[2025-05-05 22:53:29] Variables à remplacer trouvées: [CLIENT_PRENOM], [REPARATION_ID], [APPAREIL_MODELE], [PRIX]
[2025-05-05 22:53:29] Données récupérées - Client: Oui, Réparation: Non
[2025-05-05 22:53:29] Message après remplacement des variables: Bonjour, sa, 
le devis de votre [APPAREIL_MODELE] est disponible. 
Montant : [PRIX]
Consultez-le ici :
📄 http://Mdgeek.top/suivi.php?id=[REPARATION_ID]
Une question ? Appelez-nous au 04 93 46 71 63
MAISON DU GEEK
[2025-05-05 22:53:29] Envoi du SMS au numéro: 337829626906
[2025-05-05 22:53:29] Numéro formaté: +337829626906
[2025-05-05 22:53:29] Données JSON: {"message":"Bonjour, sa, \r\nle devis de votre [APPAREIL_MODELE] est disponible. \r\nMontant : [PRIX]\r\nConsultez-le ici :\r\n\ud83d\udcc4 http:\/\/Mdgeek.top\/suivi.php?id=[REPARATION_ID]\r\nUne question ? Appelez-nous au 04 93 46 71 63\r\nMAISON DU GEEK","phoneNumbers":["+337829626906"]}
[2025-05-05 22:53:29] Exécution de la requête cURL...
[2025-05-05 22:53:29] URL de l'API: https://api.sms-gate.app/3rdparty/v1/message
[2025-05-05 22:53:29] En-têtes de la requête: 
[2025-05-05 22:53:29] Code HTTP: 400
[2025-05-05 22:53:29] En-têtes de la réponse: HTTP/2 400 
content-type: application/json
date: Mon, 05 May 2025 22:53:28 GMT
content-length: 34


[2025-05-05 22:53:29] Corps de la réponse: {"message":"invalid phone number"}
[2025-05-05 22:53:29] Réponse décodée: {
    "message": "invalid phone number"
}
[2025-05-05 22:53:29] Échec de l'envoi SMS: Code 400
[2025-05-05 22:53:29] Erreur lors de l'enregistrement du SMS: SQLSTATE[42S22]: Column not found: 1054 Unknown column 'client_id' in 'INSERT INTO'
[2025-05-05 22:53:29] Résultat final: {"success":false,"message":"Erreur lors de l'envoi du SMS: Code 400","response":{"message":"invalid phone number"}}

[2025-05-06 01:39:29] === TENTATIVE D'ENVOI AVEC CONFIGURATION MISE À JOUR ===
[2025-05-06 01:39:29] Numéro original: +33782962906
[2025-05-06 01:39:29] Format numéro vérifié: international valide
[2025-05-06 01:39:29] URL API utilisée: https://api.sms-gate.app/api/v1/messages
[2025-05-06 01:39:29] Format données envoyées: {"phone":"+33782962906","message":"Bonjour, votre réparation est prête..."}
[2025-05-06 01:39:29] Requête HTTP: POST avec authentification Basic
[2025-05-06 01:39:29] Réponse du serveur: 200 OK
[2025-05-06 01:39:29] Réponse JSON: {"id":"8ydRW9fkFCDnzZXUFJiT8","state":"Pending","isHashed":false,"isEncrypted":false,"recipients":[{"phoneNumber":"+33782962906","state":"Pending"}],"states":null}
[2025-05-06 01:39:29] Statut: SMS envoyé avec succès (queued)
[2025-05-06 01:39:29] Détails: ID 8ydRW9fkFCDnzZXUFJiT8, State: Pending
[2025-05-06 01:39:29] Enregistrement en base de données: Succès
