[2025-04-22 00:10:15] === ENVOI SMS D√âMARR√â ===
[2025-04-22 00:10:15] Destinataire: 33782962906
[2025-04-22 00:10:15] Message: üéâ saber,
Ton Test est de r...
[2025-04-22 00:10:15] URL API: https://api.sms-gate.app/3rdparty/v1/message
[2025-04-22 00:10:15] Utilisateur: -GCB75
[2025-04-22 00:10:15] Num√©ro format√©: +33782962906
[2025-04-22 00:10:15] Donn√©es JSON: {"message":"\ud83c\udf89 saber,\r\nTon Test est de retour \u00e0 la maison ! On esp\u00e8re qu\u2019il est content \ud83e\udd13\r\n\ud83d\udcac Laisse-nous un petit avis !\r\n\u2b50 https:\/\/g.page\/r\/Ce-HHwKZjezIEB0\/review\r\n\ud83c\udfe0 Maison du Geek\r\n\ud83d\udcde 08 95 79 59 33\r\n","phoneNumbers":["+33782962906"]}
[2025-04-22 00:10:15] Ex√©cution de la requ√™te cURL...
[2025-04-22 00:10:15] Code HTTP: 202
[2025-04-22 00:10:15] Temps: 315 ms
[2025-04-22 00:10:15] R√©ponse: {"id":"YsUlcGz6dped2U637mVSH","state":"Pending","isHashed":false,"isEncrypted":false,"recipients":[{"phoneNumber":"+33782962906","state":"Pending"}],"states":null}
[2025-04-22 00:10:15] Destinataire: +33782962906, Message: üéâ saber,
Ton Test est de r..., Statut: 202, R√©ponse: {"id":"YsUlcGz6dped2U637mVSH","state":"Pending","isHashed":false,"isEncrypted":false,"recipients":[{"phoneNumber":"+33782962906","state":"Pending"}],"states":null}
[2025-04-22 00:10:15] SMS enregistr√© dans la base de donn√©es, ID: 304
[2025-04-22 00:10:15] === ENVOI SMS R√âUSSI ===
[2025-04-22 00:19:19] === ENVOI SMS D√âMARR√â ===
[2025-04-22 00:19:19] Destinataire: 33782962906
[2025-04-22 00:19:19] Message: Bonjour saber, votre dossier 6...
[2025-04-22 00:19:19] URL API: https://api.sms-gate.app/3rdparty/v1/message
[2025-04-22 00:19:19] Utilisateur: -GCB75
[2025-04-22 00:19:19] Num√©ro format√©: +33782962906
[2025-04-22 00:19:19] Donn√©es JSON: {"message":"Bonjour saber, votre dossier 636 au sujet de votre Test est en attente de validation par un responsable technique. Nous vous tenons inform\u00e9 tr\u00e8s bient\u00f4t.\r\n\ud83d\udcf2 Suivi : http:\/\/Mdgeek.top\/suivi.php?id=636\r\nMaison du Geek \u2013 08 95 79 59 33","phoneNumbers":["+33782962906"]}
[2025-04-22 00:19:19] Ex√©cution de la requ√™te cURL...
[2025-04-22 00:19:19] Code HTTP: 202
[2025-04-22 00:19:19] Temps: 283 ms
[2025-04-22 00:19:19] R√©ponse: {"id":"k1ueefFPK-W358zCn1iVS","state":"Pending","isHashed":false,"isEncrypted":false,"recipients":[{"phoneNumber":"+33782962906","state":"Pending"}],"states":null}
[2025-04-22 00:19:19] Destinataire: +33782962906, Message: Bonjour saber, votre dossier 6..., Statut: 202, R√©ponse: {"id":"k1ueefFPK-W358zCn1iVS","state":"Pending","isHashed":false,"isEncrypted":false,"recipients":[{"phoneNumber":"+33782962906","state":"Pending"}],"states":null}
[2025-04-22 00:19:19] SMS enregistr√© dans la base de donn√©es, ID: 305
[2025-04-22 00:19:19] === ENVOI SMS R√âUSSI ===
[2025-04-22 00:21:24] === ENVOI SMS D√âMARR√â ===
[2025-04-22 00:21:24] Destinataire: 33782962906
[2025-04-22 00:21:24] Message: Bonjour saber, votre dossier 6...
[2025-04-22 00:21:24] URL API: https://api.sms-gate.app/3rdparty/v1/message
[2025-04-22 00:21:24] Utilisateur: -GCB75
[2025-04-22 00:21:24] Num√©ro format√©: +33782962906
[2025-04-22 00:21:24] Donn√©es JSON: {"message":"Bonjour saber, votre dossier 636 au sujet de votre Test est en attente de validation par un responsable technique. Nous vous tenons inform\u00e9 tr\u00e8s bient\u00f4t.\r\n\ud83d\udcf2 Suivi : http:\/\/Mdgeek.top\/suivi.php?id=636\r\nMaison du Geek \u2013 08 95 79 59 33","phoneNumbers":["+33782962906"]}
[2025-04-22 00:21:24] Ex√©cution de la requ√™te cURL...
[2025-04-22 00:21:24] Code HTTP: 202
[2025-04-22 00:21:24] Temps: 314 ms
[2025-04-22 00:21:24] R√©ponse: {"id":"JeMrA4WGtt8MLP4Vm9aXd","state":"Pending","isHashed":false,"isEncrypted":false,"recipients":[{"phoneNumber":"+33782962906","state":"Pending"}],"states":null}
[2025-04-22 00:21:24] Destinataire: +33782962906, Message: Bonjour saber, votre dossier 6..., Statut: 202, R√©ponse: {"id":"JeMrA4WGtt8MLP4Vm9aXd","state":"Pending","isHashed":false,"isEncrypted":false,"recipients":[{"phoneNumber":"+33782962906","state":"Pending"}],"states":null}
[2025-04-22 00:21:24] SMS enregistr√© dans la base de donn√©es, ID: 307
[2025-04-22 00:21:24] === ENVOI SMS R√âUSSI ===
[2025-04-22 00:46:11] === ENVOI SMS D√âMARR√â ===
[2025-04-22 00:46:11] Destinataire: 33665495221
[2025-04-22 00:46:11] Message: üéâ Wajdi,
Ton iPhone 11 est...
[2025-04-22 00:46:11] URL API: https://api.sms-gate.app/3rdparty/v1/message
[2025-04-22 00:46:11] Utilisateur: -GCB75
[2025-04-22 00:46:11] Num√©ro format√©: +33665495221
[2025-04-22 00:46:11] Donn√©es JSON: {"message":"\ud83c\udf89 Wajdi,\r\nTon iPhone 11 est de retour \u00e0 la maison ! On esp\u00e8re qu\u2019il est content \ud83e\udd13\r\n\ud83d\udcac Laisse-nous un petit avis !\r\n\u2b50 https:\/\/g.page\/r\/Ce-HHwKZjezIEB0\/review\r\n\ud83c\udfe0 Maison du Geek\r\n\ud83d\udcde 08 95 79 59 33\r\n","phoneNumbers":["+33665495221"]}
[2025-04-22 00:46:11] Ex√©cution de la requ√™te cURL...
[2025-04-22 00:46:11] Code HTTP: 202
[2025-04-22 00:46:11] Temps: 334 ms
[2025-04-22 00:46:11] R√©ponse: {"id":"GeoVQlgpv6kTS3x1AOkMX","state":"Pending","isHashed":false,"isEncrypted":false,"recipients":[{"phoneNumber":"+33665495221","state":"Pending"}],"states":null}
[2025-04-22 00:46:11] Destinataire: +33665495221, Message: üéâ Wajdi,
Ton iPhone 11 est..., Statut: 202, R√©ponse: {"id":"GeoVQlgpv6kTS3x1AOkMX","state":"Pending","isHashed":false,"isEncrypted":false,"recipients":[{"phoneNumber":"+33665495221","state":"Pending"}],"states":null}
[2025-04-22 00:46:11] SMS enregistr√© dans la base de donn√©es, ID: 308
[2025-04-22 00:46:11] === ENVOI SMS R√âUSSI ===
[2025-04-22 00:47:04] === ENVOI SMS D√âMARR√â ===
[2025-04-22 00:47:04] Destinataire: 33782962906
[2025-04-22 00:47:04] Message: üëã Hello saber,
Votre devis...
[2025-04-22 00:47:04] URL API: https://api.sms-gate.app/3rdparty/v1/message
[2025-04-22 00:47:04] Utilisateur: -GCB75
[2025-04-22 00:47:04] Num√©ro format√©: +33782962906
[2025-04-22 00:47:04] Donn√©es JSON: {"message":"\ud83d\udc4b Hello saber,\r\nVotre devis pour le \ud83d\udcf1 Test est pr\u00eat !\r\n\ud83e\uddd0 Consultez-le ici :\r\n\ud83d\udd17 http:\/\/Mdgeek.top\/suivi.php?id=636\r\n\ud83d\udcde Une question ? Appelez-nous au \u260e\ufe0f 04 93 46 71 63\r\n\ud83c\udfe0 Maison du Geek \u2013 \ud83d\udcf1 08 95 79 59 33","phoneNumbers":["+33782962906"]}
[2025-04-22 00:47:04] Ex√©cution de la requ√™te cURL...
[2025-04-22 00:47:04] Code HTTP: 202
[2025-04-22 00:47:04] Temps: 316 ms
[2025-04-22 00:47:04] R√©ponse: {"id":"dag7dDyqH6Sj37PY_rPxe","state":"Pending","isHashed":false,"isEncrypted":false,"recipients":[{"phoneNumber":"+33782962906","state":"Pending"}],"states":null}
[2025-04-22 00:47:04] Destinataire: +33782962906, Message: üëã Hello saber,
Votre devis..., Statut: 202, R√©ponse: {"id":"dag7dDyqH6Sj37PY_rPxe","state":"Pending","isHashed":false,"isEncrypted":false,"recipients":[{"phoneNumber":"+33782962906","state":"Pending"}],"states":null}
[2025-04-22 00:47:04] SMS enregistr√© dans la base de donn√©es, ID: 309
[2025-04-22 00:47:04] === ENVOI SMS R√âUSSI ===
[2025-04-22 09:44:54] === ENVOI SMS D√âMARR√â ===
[2025-04-22 09:44:54] Destinataire: +33641041186
[2025-04-22 09:44:54] Message: üëã Bonjour herve,
üõ†Ô∏è N...
[2025-04-22 09:44:54] URL API: https://api.sms-gate.app/3rdparty/v1/message
[2025-04-22 09:44:54] Utilisateur: -GCB75
[2025-04-22 09:44:54] Num√©ro format√©: +33641041186
[2025-04-22 09:44:54] Donn√©es JSON: {"message":"\ud83d\udc4b Bonjour herve,\r\n\ud83d\udee0\ufe0f Nous avons bien re\u00e7u votre iPhone 12 mini et nos experts geeks sont d\u00e9j\u00e0 \u00e0 l'\u0153uvre pour le remettre en \u00e9tat.\r\n\ud83d\udd0e Suivez l'avancement de la r\u00e9paration ici :\r\n\ud83d\udc49 http:\/\/Mdgeek.top\/suivi.php?id=637\r\n\ud83d\udcde Une question ? Contactez nous au 08 95 79 59 33\r\n\ud83c\udfe0 Maison du GEEK \ud83d\udee0\ufe0f","phoneNumbers":["+33641041186"]}
[2025-04-22 09:44:54] Ex√©cution de la requ√™te cURL...
[2025-04-22 09:44:54] Code HTTP: 202
[2025-04-22 09:44:54] Temps: 439 ms
[2025-04-22 09:44:54] R√©ponse: {"id":"7V-jqDfF6-A9Ec-Uc-fvF","state":"Pending","isHashed":false,"isEncrypted":false,"recipients":[{"phoneNumber":"+33641041186","state":"Pending"}],"states":null}
[2025-04-22 09:44:54] Destinataire: +33641041186, Message: üëã Bonjour herve,
üõ†Ô∏è N..., Statut: 202, R√©ponse: {"id":"7V-jqDfF6-A9Ec-Uc-fvF","state":"Pending","isHashed":false,"isEncrypted":false,"recipients":[{"phoneNumber":"+33641041186","state":"Pending"}],"states":null}
[2025-04-22 09:44:54] SMS enregistr√© dans la base de donn√©es, ID: 310
[2025-04-22 09:44:54] === ENVOI SMS R√âUSSI ===
[2025-04-22 10:15:52] === ENVOI SMS D√âMARR√â ===
[2025-04-22 10:15:52] Destinataire: 33682366934
[2025-04-22 10:15:52] Message: üéâ ...,
Ton TOUR PC est de ...
[2025-04-22 10:15:52] URL API: https://api.sms-gate.app/3rdparty/v1/message
[2025-04-22 10:15:52] Utilisateur: -GCB75
[2025-04-22 10:15:52] Num√©ro format√©: +33682366934
[2025-04-22 10:15:52] Donn√©es JSON: {"message":"\ud83c\udf89 ...,\r\nTon TOUR PC est de retour \u00e0 la maison ! On esp\u00e8re qu\u2019il est content \ud83e\udd13\r\n\ud83d\udcac Laisse-nous un petit avis !\r\n\u2b50 https:\/\/g.page\/r\/Ce-HHwKZjezIEB0\/review\r\n\ud83c\udfe0 Maison du Geek\r\n\ud83d\udcde 08 95 79 59 33\r\n","phoneNumbers":["+33682366934"]}
[2025-04-22 10:15:52] Ex√©cution de la requ√™te cURL...
[2025-04-22 10:15:52] Code HTTP: 202
[2025-04-22 10:15:52] Temps: 338 ms
[2025-04-22 10:15:52] R√©ponse: {"id":"IvQ6w8dAKm3ipKd6Oa8wU","state":"Pending","isHashed":false,"isEncrypted":false,"recipients":[{"phoneNumber":"+33682366934","state":"Pending"}],"states":null}
[2025-04-22 10:15:52] Destinataire: +33682366934, Message: üéâ ...,
Ton TOUR PC est de ..., Statut: 202, R√©ponse: {"id":"IvQ6w8dAKm3ipKd6Oa8wU","state":"Pending","isHashed":false,"isEncrypted":false,"recipients":[{"phoneNumber":"+33682366934","state":"Pending"}],"states":null}
[2025-04-22 10:15:52] SMS enregistr√© dans la base de donn√©es, ID: 311
[2025-04-22 10:15:52] === ENVOI SMS R√âUSSI ===
[2025-04-22 10:17:14] === ENVOI SMS D√âMARR√â ===
[2025-04-22 10:17:14] Destinataire: +33641041186
[2025-04-22 10:17:14] Message: herve, votre iPhone 12 mini es...
[2025-04-22 10:17:14] URL API: https://api.sms-gate.app/3rdparty/v1/message
[2025-04-22 10:17:14] Utilisateur: -GCB75
[2025-04-22 10:17:14] Num√©ro format√©: +33641041186
[2025-04-22 10:17:14] Donn√©es JSON: {"message":"herve, votre iPhone 12 mini est pr\u00eat ! Il vous attend pour retrouver une vie normale. \ud83e\udd73\r\n\ud83e\uddfe Suivi : http:\/\/Mdgeek.top\/suivi.php?id=637\r\nMaison du Geek \u2013 08 95 79 59 33","phoneNumbers":["+33641041186"]}
[2025-04-22 10:17:14] Ex√©cution de la requ√™te cURL...
[2025-04-22 10:17:14] Code HTTP: 202
[2025-04-22 10:17:14] Temps: 312 ms
[2025-04-22 10:17:14] R√©ponse: {"id":"G5CWs1D-srkgq14QlpX7H","state":"Pending","isHashed":false,"isEncrypted":false,"recipients":[{"phoneNumber":"+33641041186","state":"Pending"}],"states":null}
[2025-04-22 10:17:14] Destinataire: +33641041186, Message: herve, votre iPhone 12 mini es..., Statut: 202, R√©ponse: {"id":"G5CWs1D-srkgq14QlpX7H","state":"Pending","isHashed":false,"isEncrypted":false,"recipients":[{"phoneNumber":"+33641041186","state":"Pending"}],"states":null}
[2025-04-22 10:17:14] SMS enregistr√© dans la base de donn√©es, ID: 312
[2025-04-22 10:17:14] === ENVOI SMS R√âUSSI ===
[2025-04-22 10:19:45] === ENVOI SMS D√âMARR√â ===
[2025-04-22 10:19:45] Destinataire: 33782962906
[2025-04-22 10:19:45] Message: üëã Bonjour saber,
üõ†Ô∏è N...
[2025-04-22 10:19:45] URL API: https://api.sms-gate.app/3rdparty/v1/message
[2025-04-22 10:19:45] Utilisateur: -GCB75
[2025-04-22 10:19:45] Num√©ro format√©: +33782962906
[2025-04-22 10:19:45] Donn√©es JSON: {"message":"\ud83d\udc4b Bonjour saber,\r\n\ud83d\udee0\ufe0f Nous avons bien re\u00e7u votre iPhone 11 et nos experts geeks sont d\u00e9j\u00e0 \u00e0 l'\u0153uvre pour le remettre en \u00e9tat.\r\n\ud83d\udd0e Suivez l'avancement de la r\u00e9paration ici :\r\n\ud83d\udc49 http:\/\/Mdgeek.top\/suivi.php?id=638\r\n\ud83d\udcde Une question ? Contactez nous au 08 95 79 59 33\r\n\ud83c\udfe0 Maison du GEEK \ud83d\udee0\ufe0f","phoneNumbers":["+33782962906"]}
[2025-04-22 10:19:45] Ex√©cution de la requ√™te cURL...
[2025-04-22 10:19:45] Code HTTP: 202
[2025-04-22 10:19:45] Temps: 310 ms
[2025-04-22 10:19:45] R√©ponse: {"id":"BY-7EYc70uA0uPdjd86hC","state":"Pending","isHashed":false,"isEncrypted":false,"recipients":[{"phoneNumber":"+33782962906","state":"Pending"}],"states":null}
[2025-04-22 10:19:45] Destinataire: +33782962906, Message: üëã Bonjour saber,
üõ†Ô∏è N..., Statut: 202, R√©ponse: {"id":"BY-7EYc70uA0uPdjd86hC","state":"Pending","isHashed":false,"isEncrypted":false,"recipients":[{"phoneNumber":"+33782962906","state":"Pending"}],"states":null}
[2025-04-22 10:19:45] SMS enregistr√© dans la base de donn√©es, ID: 313
[2025-04-22 10:19:45] === ENVOI SMS R√âUSSI ===
[2025-04-22 10:20:58] === ENVOI SMS D√âMARR√â ===
[2025-04-22 10:20:58] Destinataire: 33782962906
[2025-04-22 10:20:58] Message: saber, votre iPhone 11 est pr√...
[2025-04-22 10:20:58] URL API: https://api.sms-gate.app/3rdparty/v1/message
[2025-04-22 10:20:58] Utilisateur: -GCB75
[2025-04-22 10:20:58] Num√©ro format√©: +33782962906
[2025-04-22 10:20:58] Donn√©es JSON: {"message":"saber, votre iPhone 11 est pr\u00eat ! Il vous attend pour retrouver une vie normale. \ud83e\udd73\r\n\ud83e\uddfe Suivi : http:\/\/Mdgeek.top\/suivi.php?id=638\r\nMaison du Geek \u2013 08 95 79 59 33","phoneNumbers":["+33782962906"]}
[2025-04-22 10:20:58] Ex√©cution de la requ√™te cURL...
[2025-04-22 10:20:58] Code HTTP: 202
[2025-04-22 10:20:58] Temps: 339 ms
[2025-04-22 10:20:58] R√©ponse: {"id":"mnNcjgKgJB0FcEIaef8Cs","state":"Pending","isHashed":false,"isEncrypted":false,"recipients":[{"phoneNumber":"+33782962906","state":"Pending"}],"states":null}
[2025-04-22 10:20:58] Destinataire: +33782962906, Message: saber, votre iPhone 11 est pr√..., Statut: 202, R√©ponse: {"id":"mnNcjgKgJB0FcEIaef8Cs","state":"Pending","isHashed":false,"isEncrypted":false,"recipients":[{"phoneNumber":"+33782962906","state":"Pending"}],"states":null}
[2025-04-22 10:20:58] SMS enregistr√© dans la base de donn√©es, ID: 314
[2025-04-22 10:20:58] === ENVOI SMS R√âUSSI ===
[2025-04-22 10:21:16] === ENVOI SMS D√âMARR√â ===
[2025-04-22 10:21:16] Destinataire: 33782962906
[2025-04-22 10:21:16] Message: Bonjour saber, votre dossier 6...
[2025-04-22 10:21:16] URL API: https://api.sms-gate.app/3rdparty/v1/message
[2025-04-22 10:21:16] Utilisateur: -GCB75
[2025-04-22 10:21:16] Num√©ro format√©: +33782962906
[2025-04-22 10:21:16] Donn√©es JSON: {"message":"Bonjour saber, votre dossier 638 au sujet de votre iPhone 11 est en attente de validation par un responsable technique. Nous vous tenons inform\u00e9 tr\u00e8s bient\u00f4t.\r\n\ud83d\udcf2 Suivi : http:\/\/Mdgeek.top\/suivi.php?id=638\r\nMaison du Geek \u2013 08 95 79 59 33","phoneNumbers":["+33782962906"]}
[2025-04-22 10:21:16] Ex√©cution de la requ√™te cURL...
[2025-04-22 10:21:16] Code HTTP: 202
[2025-04-22 10:21:16] Temps: 317 ms
[2025-04-22 10:21:16] R√©ponse: {"id":"2cbSLYQ_0Q08PUJzeZ1v_","state":"Pending","isHashed":false,"isEncrypted":false,"recipients":[{"phoneNumber":"+33782962906","state":"Pending"}],"states":null}
[2025-04-22 10:21:16] Destinataire: +33782962906, Message: Bonjour saber, votre dossier 6..., Statut: 202, R√©ponse: {"id":"2cbSLYQ_0Q08PUJzeZ1v_","state":"Pending","isHashed":false,"isEncrypted":false,"recipients":[{"phoneNumber":"+33782962906","state":"Pending"}],"states":null}
[2025-04-22 10:21:16] SMS enregistr√© dans la base de donn√©es, ID: 315
[2025-04-22 10:21:16] === ENVOI SMS R√âUSSI ===
[2025-04-22 10:21:31] === ENVOI SMS D√âMARR√â ===
[2025-04-22 10:21:31] Destinataire: 33782962906
[2025-04-22 10:21:31] Message: üéâ saber,
Ton iPhone 11 est...
[2025-04-22 10:21:31] URL API: https://api.sms-gate.app/3rdparty/v1/message
[2025-04-22 10:21:31] Utilisateur: -GCB75
[2025-04-22 10:21:31] Num√©ro format√©: +33782962906
[2025-04-22 10:21:31] Donn√©es JSON: {"message":"\ud83c\udf89 saber,\r\nTon iPhone 11 est de retour \u00e0 la maison ! On esp\u00e8re qu\u2019il est content \ud83e\udd13\r\n\ud83d\udcac Laisse-nous un petit avis !\r\n\u2b50 https:\/\/g.page\/r\/Ce-HHwKZjezIEB0\/review\r\n\ud83c\udfe0 Maison du Geek\r\n\ud83d\udcde 08 95 79 59 33\r\n","phoneNumbers":["+33782962906"]}
[2025-04-22 10:21:31] Ex√©cution de la requ√™te cURL...
[2025-04-22 10:21:31] Code HTTP: 202
[2025-04-22 10:21:31] Temps: 324 ms
[2025-04-22 10:21:31] R√©ponse: {"id":"Uwxn2plE7_VGNnFwyHbQj","state":"Pending","isHashed":false,"isEncrypted":false,"recipients":[{"phoneNumber":"+33782962906","state":"Pending"}],"states":null}
[2025-04-22 10:21:31] Destinataire: +33782962906, Message: üéâ saber,
Ton iPhone 11 est..., Statut: 202, R√©ponse: {"id":"Uwxn2plE7_VGNnFwyHbQj","state":"Pending","isHashed":false,"isEncrypted":false,"recipients":[{"phoneNumber":"+33782962906","state":"Pending"}],"states":null}
[2025-04-22 10:21:31] SMS enregistr√© dans la base de donn√©es, ID: 316
[2025-04-22 10:21:31] === ENVOI SMS R√âUSSI ===
[2025-04-22 10:22:32] === ENVOI SMS D√âMARR√â ===
[2025-04-22 10:22:32] Destinataire: 33782962906
[2025-04-22 10:22:32] Message: üéâ saber,
Ton iPhone 11 est...
[2025-04-22 10:22:32] URL API: https://api.sms-gate.app/3rdparty/v1/message
[2025-04-22 10:22:32] Utilisateur: -GCB75
[2025-04-22 10:22:32] Num√©ro format√©: +33782962906
[2025-04-22 10:22:32] Donn√©es JSON: {"message":"\ud83c\udf89 saber,\r\nTon iPhone 11 est de retour \u00e0 la maison ! On esp\u00e8re qu\u2019il est content \ud83e\udd13\r\n\ud83d\udcac Laisse-nous un petit avis !\r\n\u2b50 https:\/\/g.page\/r\/Ce-HHwKZjezIEB0\/review\r\n\ud83c\udfe0 Maison du Geek\r\n\ud83d\udcde 08 95 79 59 33\r\n","phoneNumbers":["+33782962906"]}
[2025-04-22 10:22:32] Ex√©cution de la requ√™te cURL...
[2025-04-22 10:22:32] Code HTTP: 202
[2025-04-22 10:22:32] Temps: 316 ms
[2025-04-22 10:22:32] R√©ponse: {"id":"cqJl1esZnBRR9pEEk1eUV","state":"Pending","isHashed":false,"isEncrypted":false,"recipients":[{"phoneNumber":"+33782962906","state":"Pending"}],"states":null}
[2025-04-22 10:22:32] Destinataire: +33782962906, Message: üéâ saber,
Ton iPhone 11 est..., Statut: 202, R√©ponse: {"id":"cqJl1esZnBRR9pEEk1eUV","state":"Pending","isHashed":false,"isEncrypted":false,"recipients":[{"phoneNumber":"+33782962906","state":"Pending"}],"states":null}
[2025-04-22 10:22:32] SMS enregistr√© dans la base de donn√©es, ID: 317
[2025-04-22 10:22:32] === ENVOI SMS R√âUSSI ===
[2025-04-22 13:27:08] === ENVOI SMS D√âMARR√â ===
[2025-04-22 13:27:08] Destinataire: +33673973704
[2025-04-22 13:27:08] Message: üëã Bonjour karl,
üõ†Ô∏è No...
[2025-04-22 13:27:08] URL API: https://api.sms-gate.app/3rdparty/v1/message
[2025-04-22 13:27:08] Utilisateur: -GCB75
[2025-04-22 13:27:08] Num√©ro format√©: +33673973704
[2025-04-22 13:27:08] Donn√©es JSON: {"message":"\ud83d\udc4b Bonjour karl,\r\n\ud83d\udee0\ufe0f Nous avons bien re\u00e7u votre urban glider 2x2 et nos experts geeks sont d\u00e9j\u00e0 \u00e0 l'\u0153uvre pour le remettre en \u00e9tat.\r\n\ud83d\udd0e Suivez l'avancement de la r\u00e9paration ici :\r\n\ud83d\udc49 http:\/\/Mdgeek.top\/suivi.php?id=639\r\n\ud83d\udcde Une question ? Contactez nous au 08 95 79 59 33\r\n\ud83c\udfe0 Maison du GEEK \ud83d\udee0\ufe0f","phoneNumbers":["+33673973704"]}
[2025-04-22 13:27:08] Ex√©cution de la requ√™te cURL...
[2025-04-22 13:27:08] Code HTTP: 202
[2025-04-22 13:27:08] Temps: 423 ms
[2025-04-22 13:27:08] R√©ponse: {"id":"VWfFA8MtJ2AIFIK5lh5Yl","state":"Pending","isHashed":false,"isEncrypted":false,"recipients":[{"phoneNumber":"+33673973704","state":"Pending"}],"states":null}
[2025-04-22 13:27:08] Destinataire: +33673973704, Message: üëã Bonjour karl,
üõ†Ô∏è No..., Statut: 202, R√©ponse: {"id":"VWfFA8MtJ2AIFIK5lh5Yl","state":"Pending","isHashed":false,"isEncrypted":false,"recipients":[{"phoneNumber":"+33673973704","state":"Pending"}],"states":null}
[2025-04-22 13:27:08] SMS enregistr√© dans la base de donn√©es, ID: 318
[2025-04-22 13:27:08] === ENVOI SMS R√âUSSI ===
[2025-04-22 14:03:11] === ENVOI SMS D√âMARR√â ===
[2025-04-22 14:03:11] Destinataire: +33749057297
[2025-04-22 14:03:11] Message: üëã Bonjour ronaldo,
üõ†Ô∏è...
[2025-04-22 14:03:11] URL API: https://api.sms-gate.app/3rdparty/v1/message
[2025-04-22 14:03:11] Utilisateur: -GCB75
[2025-04-22 14:03:11] Num√©ro format√©: +33749057297
[2025-04-22 14:03:11] Donn√©es JSON: {"message":"\ud83d\udc4b Bonjour ronaldo,\r\n\ud83d\udee0\ufe0f Nous avons bien re\u00e7u votre iPhone 13 pro max et nos experts geeks sont d\u00e9j\u00e0 \u00e0 l'\u0153uvre pour le remettre en \u00e9tat.\r\n\ud83d\udd0e Suivez l'avancement de la r\u00e9paration ici :\r\n\ud83d\udc49 http:\/\/Mdgeek.top\/suivi.php?id=640\r\n\ud83d\udcde Une question ? Contactez nous au 08 95 79 59 33\r\n\ud83c\udfe0 Maison du GEEK \ud83d\udee0\ufe0f","phoneNumbers":["+33749057297"]}
[2025-04-22 14:03:11] Ex√©cution de la requ√™te cURL...
[2025-04-22 14:03:11] Code HTTP: 202
[2025-04-22 14:03:11] Temps: 344 ms
[2025-04-22 14:03:11] R√©ponse: {"id":"Qqa7PXmXwDJUtc0sT_n_x","state":"Pending","isHashed":false,"isEncrypted":false,"recipients":[{"phoneNumber":"+33749057297","state":"Pending"}],"states":null}
[2025-04-22 14:03:11] Destinataire: +33749057297, Message: üëã Bonjour ronaldo,
üõ†Ô∏è..., Statut: 202, R√©ponse: {"id":"Qqa7PXmXwDJUtc0sT_n_x","state":"Pending","isHashed":false,"isEncrypted":false,"recipients":[{"phoneNumber":"+33749057297","state":"Pending"}],"states":null}
[2025-04-22 14:03:11] SMS enregistr√© dans la base de donn√©es, ID: 319
[2025-04-22 14:03:11] === ENVOI SMS R√âUSSI ===
[2025-04-22 14:08:18] === ENVOI SMS D√âMARR√â ===
[2025-04-22 14:08:18] Destinataire: +33745583304
[2025-04-22 14:08:18] Message: üëã Bonjour cinthya,
üõ†Ô∏è...
[2025-04-22 14:08:18] URL API: https://api.sms-gate.app/3rdparty/v1/message
[2025-04-22 14:08:18] Utilisateur: -GCB75
[2025-04-22 14:08:18] Num√©ro format√©: +33745583304
[2025-04-22 14:08:18] Donn√©es JSON: {"message":"\ud83d\udc4b Bonjour cinthya,\r\n\ud83d\udee0\ufe0f Nous avons bien re\u00e7u votre iPhone 12 mini et nos experts geeks sont d\u00e9j\u00e0 \u00e0 l'\u0153uvre pour le remettre en \u00e9tat.\r\n\ud83d\udd0e Suivez l'avancement de la r\u00e9paration ici :\r\n\ud83d\udc49 http:\/\/Mdgeek.top\/suivi.php?id=641\r\n\ud83d\udcde Une question ? Contactez nous au 08 95 79 59 33\r\n\ud83c\udfe0 Maison du GEEK \ud83d\udee0\ufe0f","phoneNumbers":["+33745583304"]}
[2025-04-22 14:08:18] Ex√©cution de la requ√™te cURL...
[2025-04-22 14:08:19] Code HTTP: 202
[2025-04-22 14:08:19] Temps: 352 ms
[2025-04-22 14:08:19] R√©ponse: {"id":"-ibGDZE2tjJanR2W4sBph","state":"Pending","isHashed":false,"isEncrypted":false,"recipients":[{"phoneNumber":"+33745583304","state":"Pending"}],"states":null}
[2025-04-22 14:08:19] Destinataire: +33745583304, Message: üëã Bonjour cinthya,
üõ†Ô∏è..., Statut: 202, R√©ponse: {"id":"-ibGDZE2tjJanR2W4sBph","state":"Pending","isHashed":false,"isEncrypted":false,"recipients":[{"phoneNumber":"+33745583304","state":"Pending"}],"states":null}
[2025-04-22 14:08:19] SMS enregistr√© dans la base de donn√©es, ID: 320
[2025-04-22 14:08:19] === ENVOI SMS R√âUSSI ===
[2025-04-22 14:25:32] === ENVOI SMS D√âMARR√â ===
[2025-04-22 14:25:32] Destinataire: +33760106281
[2025-04-22 14:25:32] Message: üëã Bonjour junior,
üõ†Ô∏è ...
[2025-04-22 14:25:32] URL API: https://api.sms-gate.app/3rdparty/v1/message
[2025-04-22 14:25:32] Utilisateur: -GCB75
[2025-04-22 14:25:32] Num√©ro format√©: +33760106281
[2025-04-22 14:25:32] Donn√©es JSON: {"message":"\ud83d\udc4b Bonjour junior,\r\n\ud83d\udee0\ufe0f Nous avons bien re\u00e7u votre MacBook Pro et nos experts geeks sont d\u00e9j\u00e0 \u00e0 l'\u0153uvre pour le remettre en \u00e9tat.\r\n\ud83d\udd0e Suivez l'avancement de la r\u00e9paration ici :\r\n\ud83d\udc49 http:\/\/Mdgeek.top\/suivi.php?id=642\r\n\ud83d\udcde Une question ? Contactez nous au 08 95 79 59 33\r\n\ud83c\udfe0 Maison du GEEK \ud83d\udee0\ufe0f","phoneNumbers":["+33760106281"]}
[2025-04-22 14:25:32] Ex√©cution de la requ√™te cURL...
[2025-04-22 14:25:33] Code HTTP: 202
[2025-04-22 14:25:33] Temps: 326 ms
[2025-04-22 14:25:33] R√©ponse: {"id":"H2mMDHma2sg5YauMrFq2Y","state":"Pending","isHashed":false,"isEncrypted":false,"recipients":[{"phoneNumber":"+33760106281","state":"Pending"}],"states":null}
[2025-04-22 14:25:33] Destinataire: +33760106281, Message: üëã Bonjour junior,
üõ†Ô∏è ..., Statut: 202, R√©ponse: {"id":"H2mMDHma2sg5YauMrFq2Y","state":"Pending","isHashed":false,"isEncrypted":false,"recipients":[{"phoneNumber":"+33760106281","state":"Pending"}],"states":null}
[2025-04-22 14:25:33] SMS enregistr√© dans la base de donn√©es, ID: 321
[2025-04-22 14:25:33] === ENVOI SMS R√âUSSI ===
[2025-04-22 14:52:39] === ENVOI SMS D√âMARR√â ===
[2025-04-22 14:52:39] Destinataire: +33760106281
[2025-04-22 14:52:39] Message: üëã Bonjour junior,
üõ†Ô∏è ...
[2025-04-22 14:52:39] URL API: https://api.sms-gate.app/3rdparty/v1/message
[2025-04-22 14:52:39] Utilisateur: -GCB75
[2025-04-22 14:52:39] Num√©ro format√©: +33760106281
[2025-04-22 14:52:39] Donn√©es JSON: {"message":"\ud83d\udc4b Bonjour junior,\r\n\ud83d\udee0\ufe0f Nous avons bien re\u00e7u votre macbook pro et nos experts geeks sont d\u00e9j\u00e0 \u00e0 l'\u0153uvre pour le remettre en \u00e9tat.\r\n\ud83d\udd0e Suivez l'avancement de la r\u00e9paration ici :\r\n\ud83d\udc49 http:\/\/Mdgeek.top\/suivi.php?id=643\r\n\ud83d\udcde Une question ? Contactez nous au 08 95 79 59 33\r\n\ud83c\udfe0 Maison du GEEK \ud83d\udee0\ufe0f","phoneNumbers":["+33760106281"]}
[2025-04-22 14:52:39] Ex√©cution de la requ√™te cURL...
[2025-04-22 14:52:40] Code HTTP: 202
[2025-04-22 14:52:40] Temps: 440 ms
[2025-04-22 14:52:40] R√©ponse: {"id":"m4ttugAByy9OzeVuIYF1a","state":"Pending","isHashed":false,"isEncrypted":false,"recipients":[{"phoneNumber":"+33760106281","state":"Pending"}],"states":null}
[2025-04-22 14:52:40] Destinataire: +33760106281, Message: üëã Bonjour junior,
üõ†Ô∏è ..., Statut: 202, R√©ponse: {"id":"m4ttugAByy9OzeVuIYF1a","state":"Pending","isHashed":false,"isEncrypted":false,"recipients":[{"phoneNumber":"+33760106281","state":"Pending"}],"states":null}
[2025-04-22 14:52:40] SMS enregistr√© dans la base de donn√©es, ID: 322
[2025-04-22 14:52:40] === ENVOI SMS R√âUSSI ===
[2025-04-22 15:55:59] === ENVOI SMS D√âMARR√â ===
[2025-04-22 15:55:59] Destinataire: +33753132907
[2025-04-22 15:55:59] Message: üëã Bonjour saif,
üõ†Ô∏è No...
[2025-04-22 15:55:59] URL API: https://api.sms-gate.app/3rdparty/v1/message
[2025-04-22 15:55:59] Utilisateur: -GCB75
[2025-04-22 15:55:59] Num√©ro format√©: +33753132907
[2025-04-22 15:55:59] Donn√©es JSON: {"message":"\ud83d\udc4b Bonjour saif,\r\n\ud83d\udee0\ufe0f Nous avons bien re\u00e7u votre dualtron togo limited et nos experts geeks sont d\u00e9j\u00e0 \u00e0 l'\u0153uvre pour le remettre en \u00e9tat.\r\n\ud83d\udd0e Suivez l'avancement de la r\u00e9paration ici :\r\n\ud83d\udc49 http:\/\/Mdgeek.top\/suivi.php?id=644\r\n\ud83d\udcde Une question ? Contactez nous au 08 95 79 59 33\r\n\ud83c\udfe0 Maison du GEEK \ud83d\udee0\ufe0f","phoneNumbers":["+33753132907"]}
[2025-04-22 15:55:59] Ex√©cution de la requ√™te cURL...
[2025-04-22 15:55:59] Code HTTP: 202
[2025-04-22 15:55:59] Temps: 413 ms
[2025-04-22 15:55:59] R√©ponse: {"id":"t_SQcHQAT9zg2FqczJsBw","state":"Pending","isHashed":false,"isEncrypted":false,"recipients":[{"phoneNumber":"+33753132907","state":"Pending"}],"states":null}
[2025-04-22 15:55:59] Destinataire: +33753132907, Message: üëã Bonjour saif,
üõ†Ô∏è No..., Statut: 202, R√©ponse: {"id":"t_SQcHQAT9zg2FqczJsBw","state":"Pending","isHashed":false,"isEncrypted":false,"recipients":[{"phoneNumber":"+33753132907","state":"Pending"}],"states":null}
[2025-04-22 15:55:59] SMS enregistr√© dans la base de donn√©es, ID: 323
[2025-04-22 15:55:59] === ENVOI SMS R√âUSSI ===
[2025-04-22 16:06:31] === ENVOI SMS D√âMARR√â ===
[2025-04-22 16:06:31] Destinataire: +33749057297
[2025-04-22 16:06:31] Message: ronaldo, votre iPhone 13 pro m...
[2025-04-22 16:06:31] URL API: https://api.sms-gate.app/3rdparty/v1/message
[2025-04-22 16:06:31] Utilisateur: -GCB75
[2025-04-22 16:06:31] Num√©ro format√©: +33749057297
[2025-04-22 16:06:31] Donn√©es JSON: {"message":"ronaldo, votre iPhone 13 pro max est pr\u00eat ! Il vous attend pour retrouver une vie normale. \ud83e\udd73\r\n\ud83e\uddfe Suivi : http:\/\/Mdgeek.top\/suivi.php?id=640\r\nMaison du Geek \u2013 08 95 79 59 33","phoneNumbers":["+33749057297"]}
[2025-04-22 16:06:31] Ex√©cution de la requ√™te cURL...
[2025-04-22 16:06:31] Code HTTP: 202
[2025-04-22 16:06:31] Temps: 338 ms
[2025-04-22 16:06:31] R√©ponse: {"id":"N6Oxj13s8g6AwWrhnSStw","state":"Pending","isHashed":false,"isEncrypted":false,"recipients":[{"phoneNumber":"+33749057297","state":"Pending"}],"states":null}
[2025-04-22 16:06:31] Destinataire: +33749057297, Message: ronaldo, votre iPhone 13 pro m..., Statut: 202, R√©ponse: {"id":"N6Oxj13s8g6AwWrhnSStw","state":"Pending","isHashed":false,"isEncrypted":false,"recipients":[{"phoneNumber":"+33749057297","state":"Pending"}],"states":null}
[2025-04-22 16:06:31] SMS enregistr√© dans la base de donn√©es, ID: 324
[2025-04-22 16:06:31] === ENVOI SMS R√âUSSI ===
[2025-04-22 16:12:27] === ENVOI SMS D√âMARR√â ===
[2025-04-22 16:12:27] Destinataire: +33749057297
[2025-04-22 16:12:27] Message: ronaldo, votre iPhone 13 pro m...
[2025-04-22 16:12:27] URL API: https://api.sms-gate.app/3rdparty/v1/message
[2025-04-22 16:12:27] Utilisateur: -GCB75
[2025-04-22 16:12:27] Num√©ro format√©: +33749057297
[2025-04-22 16:12:27] Donn√©es JSON: {"message":"ronaldo, votre iPhone 13 pro max est pr\u00eat ! Il vous attend pour retrouver une vie normale. \ud83e\udd73\r\n\ud83e\uddfe Suivi : http:\/\/Mdgeek.top\/suivi.php?id=640\r\nMaison du Geek \u2013 08 95 79 59 33","phoneNumbers":["+33749057297"]}
[2025-04-22 16:12:27] Ex√©cution de la requ√™te cURL...
[2025-04-22 16:12:27] Code HTTP: 202
[2025-04-22 16:12:27] Temps: 336 ms
[2025-04-22 16:12:27] R√©ponse: {"id":"il8rLfSkCtZONeoWulFmA","state":"Pending","isHashed":false,"isEncrypted":false,"recipients":[{"phoneNumber":"+33749057297","state":"Pending"}],"states":null}
[2025-04-22 16:12:27] Destinataire: +33749057297, Message: ronaldo, votre iPhone 13 pro m..., Statut: 202, R√©ponse: {"id":"il8rLfSkCtZONeoWulFmA","state":"Pending","isHashed":false,"isEncrypted":false,"recipients":[{"phoneNumber":"+33749057297","state":"Pending"}],"states":null}
[2025-04-22 16:12:27] SMS enregistr√© dans la base de donn√©es, ID: 325
[2025-04-22 16:12:27] === ENVOI SMS R√âUSSI ===
[2025-04-22 16:15:29] === ENVOI SMS D√âMARR√â ===
[2025-04-22 16:15:29] Destinataire: +33749057297
[2025-04-22 16:15:29] Message: ronaldo, votre iPhone 13 pro m...
[2025-04-22 16:15:29] URL API: https://api.sms-gate.app/3rdparty/v1/message
[2025-04-22 16:15:29] Utilisateur: -GCB75
[2025-04-22 16:15:29] Num√©ro format√©: +33749057297
[2025-04-22 16:15:29] Donn√©es JSON: {"message":"ronaldo, votre iPhone 13 pro max est pr\u00eat ! Il vous attend pour retrouver une vie normale. \ud83e\udd73\r\n\ud83e\uddfe Suivi : http:\/\/Mdgeek.top\/suivi.php?id=640\r\nMaison du Geek \u2013 08 95 79 59 33","phoneNumbers":["+33749057297"]}
[2025-04-22 16:15:29] Ex√©cution de la requ√™te cURL...
[2025-04-22 16:15:30] Code HTTP: 202
[2025-04-22 16:15:30] Temps: 315 ms
[2025-04-22 16:15:30] R√©ponse: {"id":"WASD9wmLYaCjNIvi4K7oG","state":"Pending","isHashed":false,"isEncrypted":false,"recipients":[{"phoneNumber":"+33749057297","state":"Pending"}],"states":null}
[2025-04-22 16:15:30] Destinataire: +33749057297, Message: ronaldo, votre iPhone 13 pro m..., Statut: 202, R√©ponse: {"id":"WASD9wmLYaCjNIvi4K7oG","state":"Pending","isHashed":false,"isEncrypted":false,"recipients":[{"phoneNumber":"+33749057297","state":"Pending"}],"states":null}
[2025-04-22 16:15:30] SMS enregistr√© dans la base de donn√©es, ID: 326
[2025-04-22 16:15:30] === ENVOI SMS R√âUSSI ===
[2025-04-22 16:16:28] === ENVOI SMS D√âMARR√â ===
[2025-04-22 16:16:28] Destinataire: +33749057297
[2025-04-22 16:16:28] Message: ronaldo, votre iPhone 13 pro m...
[2025-04-22 16:16:28] URL API: https://api.sms-gate.app/3rdparty/v1/message
[2025-04-22 16:16:28] Utilisateur: -GCB75
[2025-04-22 16:16:28] Num√©ro format√©: +33749057297
[2025-04-22 16:16:28] Donn√©es JSON: {"message":"ronaldo, votre iPhone 13 pro max est pr\u00eat ! Il vous attend pour retrouver une vie normale. \ud83e\udd73\r\n\ud83e\uddfe Suivi : http:\/\/Mdgeek.top\/suivi.php?id=640\r\nMaison du Geek \u2013 08 95 79 59 33","phoneNumbers":["+33749057297"]}
[2025-04-22 16:16:28] Ex√©cution de la requ√™te cURL...
[2025-04-22 16:16:28] Code HTTP: 202
[2025-04-22 16:16:28] Temps: 316 ms
[2025-04-22 16:16:28] R√©ponse: {"id":"12HLFFB0DVAe_7qgWYUvY","state":"Pending","isHashed":false,"isEncrypted":false,"recipients":[{"phoneNumber":"+33749057297","state":"Pending"}],"states":null}
[2025-04-22 16:16:28] Destinataire: +33749057297, Message: ronaldo, votre iPhone 13 pro m..., Statut: 202, R√©ponse: {"id":"12HLFFB0DVAe_7qgWYUvY","state":"Pending","isHashed":false,"isEncrypted":false,"recipients":[{"phoneNumber":"+33749057297","state":"Pending"}],"states":null}
[2025-04-22 16:16:28] SMS enregistr√© dans la base de donn√©es, ID: 327
[2025-04-22 16:16:28] === ENVOI SMS R√âUSSI ===
[2025-04-22 16:17:20] === ENVOI SMS D√âMARR√â ===
[2025-04-22 16:17:20] Destinataire: +33749057297
[2025-04-22 16:17:20] Message: ronaldo, votre iPhone 13 pro m...
[2025-04-22 16:17:20] URL API: https://api.sms-gate.app/3rdparty/v1/message
[2025-04-22 16:17:20] Utilisateur: -GCB75
[2025-04-22 16:17:20] Num√©ro format√©: +33749057297
[2025-04-22 16:17:20] Donn√©es JSON: {"message":"ronaldo, votre iPhone 13 pro max est pr\u00eat ! Il vous attend pour retrouver une vie normale. \ud83e\udd73\r\n\ud83e\uddfe Suivi : http:\/\/Mdgeek.top\/suivi.php?id=640\r\nMaison du Geek \u2013 08 95 79 59 33","phoneNumbers":["+33749057297"]}
[2025-04-22 16:17:20] Ex√©cution de la requ√™te cURL...
[2025-04-22 16:17:20] Code HTTP: 202
[2025-04-22 16:17:20] Temps: 314 ms
[2025-04-22 16:17:20] R√©ponse: {"id":"8oXb_24wLEOvANYbFwGXc","state":"Pending","isHashed":false,"isEncrypted":false,"recipients":[{"phoneNumber":"+33749057297","state":"Pending"}],"states":null}
[2025-04-22 16:17:20] Destinataire: +33749057297, Message: ronaldo, votre iPhone 13 pro m..., Statut: 202, R√©ponse: {"id":"8oXb_24wLEOvANYbFwGXc","state":"Pending","isHashed":false,"isEncrypted":false,"recipients":[{"phoneNumber":"+33749057297","state":"Pending"}],"states":null}
[2025-04-22 16:17:20] SMS enregistr√© dans la base de donn√©es, ID: 328
[2025-04-22 16:17:20] === ENVOI SMS R√âUSSI ===
[2025-04-22 16:17:54] === ENVOI SMS D√âMARR√â ===
[2025-04-22 16:17:54] Destinataire: +33749057297
[2025-04-22 16:17:54] Message: ronaldo, votre iPhone 13 pro m...
[2025-04-22 16:17:54] URL API: https://api.sms-gate.app/3rdparty/v1/message
[2025-04-22 16:17:54] Utilisateur: -GCB75
[2025-04-22 16:17:54] Num√©ro format√©: +33749057297
[2025-04-22 16:17:54] Donn√©es JSON: {"message":"ronaldo, votre iPhone 13 pro max est pr\u00eat ! Il vous attend pour retrouver une vie normale. \ud83e\udd73\r\n\ud83e\uddfe Suivi : http:\/\/Mdgeek.top\/suivi.php?id=640\r\nMaison du Geek \u2013 08 95 79 59 33","phoneNumbers":["+33749057297"]}
[2025-04-22 16:17:54] Ex√©cution de la requ√™te cURL...
[2025-04-22 16:17:54] Code HTTP: 202
[2025-04-22 16:17:54] Temps: 336 ms
[2025-04-22 16:17:54] R√©ponse: {"id":"HELPTdTPXmNGtkKaGBiC4","state":"Pending","isHashed":false,"isEncrypted":false,"recipients":[{"phoneNumber":"+33749057297","state":"Pending"}],"states":null}
[2025-04-22 16:17:54] Destinataire: +33749057297, Message: ronaldo, votre iPhone 13 pro m..., Statut: 202, R√©ponse: {"id":"HELPTdTPXmNGtkKaGBiC4","state":"Pending","isHashed":false,"isEncrypted":false,"recipients":[{"phoneNumber":"+33749057297","state":"Pending"}],"states":null}
[2025-04-22 16:17:54] SMS enregistr√© dans la base de donn√©es, ID: 329
[2025-04-22 16:17:54] === ENVOI SMS R√âUSSI ===
[2025-04-22 16:18:29] === ENVOI SMS D√âMARR√â ===
[2025-04-22 16:18:29] Destinataire: +33749057297
[2025-04-22 16:18:29] Message: Nous avons tout essay√© pour s...
[2025-04-22 16:18:29] URL API: https://api.sms-gate.app/3rdparty/v1/message
[2025-04-22 16:18:29] Utilisateur: -GCB75
[2025-04-22 16:18:29] Num√©ro format√©: +33749057297
[2025-04-22 16:18:29] Donn√©es JSON: {"message":"Nous avons tout essay\u00e9 pour sauver votre iPhone 13 pro max (), mais pour des raisons techniques, nous avons d\u00fb annuler la r\u00e9paration.\r\n\ud83d\udcc4 D\u00e9tails : http:\/\/Mdgeek.top\/suivi.php?id=640\r\nMaison du Geek \u2013 08 95 79 59 33","phoneNumbers":["+33749057297"]}
[2025-04-22 16:18:29] Ex√©cution de la requ√™te cURL...
[2025-04-22 16:18:30] Code HTTP: 202
[2025-04-22 16:18:30] Temps: 315 ms
[2025-04-22 16:18:30] R√©ponse: {"id":"vpp6Aob7YlrqQTSO5OZ1n","state":"Pending","isHashed":false,"isEncrypted":false,"recipients":[{"phoneNumber":"+33749057297","state":"Pending"}],"states":null}
[2025-04-22 16:18:30] Destinataire: +33749057297, Message: Nous avons tout essay√© pour s..., Statut: 202, R√©ponse: {"id":"vpp6Aob7YlrqQTSO5OZ1n","state":"Pending","isHashed":false,"isEncrypted":false,"recipients":[{"phoneNumber":"+33749057297","state":"Pending"}],"states":null}
[2025-04-22 16:18:30] SMS enregistr√© dans la base de donn√©es, ID: 330
[2025-04-22 16:18:30] === ENVOI SMS R√âUSSI ===
[2025-04-22 16:18:42] === ENVOI SMS D√âMARR√â ===
[2025-04-22 16:18:42] Destinataire: +33749057297
[2025-04-22 16:18:42] Message: Bonjour ronaldo, votre dossier...
[2025-04-22 16:18:42] URL API: https://api.sms-gate.app/3rdparty/v1/message
[2025-04-22 16:18:42] Utilisateur: -GCB75
[2025-04-22 16:18:42] Num√©ro format√©: +33749057297
[2025-04-22 16:18:42] Donn√©es JSON: {"message":"Bonjour ronaldo, votre dossier 640 au sujet de votre iPhone 13 pro max est en attente de validation par un responsable technique. Nous vous tenons inform\u00e9 tr\u00e8s bient\u00f4t.\r\n\ud83d\udcf2 Suivi : http:\/\/Mdgeek.top\/suivi.php?id=640\r\nMaison du Geek \u2013 08 95 79 59 33","phoneNumbers":["+33749057297"]}
[2025-04-22 16:18:42] Ex√©cution de la requ√™te cURL...
[2025-04-22 16:18:42] Code HTTP: 202
[2025-04-22 16:18:42] Temps: 310 ms
[2025-04-22 16:18:42] R√©ponse: {"id":"ulCxKPWr-L-lq91eFh1X7","state":"Pending","isHashed":false,"isEncrypted":false,"recipients":[{"phoneNumber":"+33749057297","state":"Pending"}],"states":null}
[2025-04-22 16:18:42] Destinataire: +33749057297, Message: Bonjour ronaldo, votre dossier..., Statut: 202, R√©ponse: {"id":"ulCxKPWr-L-lq91eFh1X7","state":"Pending","isHashed":false,"isEncrypted":false,"recipients":[{"phoneNumber":"+33749057297","state":"Pending"}],"states":null}
[2025-04-22 16:18:42] SMS enregistr√© dans la base de donn√©es, ID: 331
[2025-04-22 16:18:42] === ENVOI SMS R√âUSSI ===
[2025-04-22 16:18:55] === ENVOI SMS D√âMARR√â ===
[2025-04-22 16:18:55] Destinataire: +33749057297
[2025-04-22 16:18:55] Message: ronaldo, votre iPhone 13 pro m...
[2025-04-22 16:18:55] URL API: https://api.sms-gate.app/3rdparty/v1/message
[2025-04-22 16:18:55] Utilisateur: -GCB75
[2025-04-22 16:18:55] Num√©ro format√©: +33749057297
[2025-04-22 16:18:55] Donn√©es JSON: {"message":"ronaldo, votre iPhone 13 pro max est pr\u00eat ! Il vous attend pour retrouver une vie normale. \ud83e\udd73\r\n\ud83e\uddfe Suivi : http:\/\/Mdgeek.top\/suivi.php?id=640\r\nMaison du Geek \u2013 08 95 79 59 33","phoneNumbers":["+33749057297"]}
[2025-04-22 16:18:55] Ex√©cution de la requ√™te cURL...
[2025-04-22 16:18:56] Code HTTP: 202
[2025-04-22 16:18:56] Temps: 309 ms
[2025-04-22 16:18:56] R√©ponse: {"id":"YTr86g0dbAwYoEPvJ6mEQ","state":"Pending","isHashed":false,"isEncrypted":false,"recipients":[{"phoneNumber":"+33749057297","state":"Pending"}],"states":null}
[2025-04-22 16:18:56] Destinataire: +33749057297, Message: ronaldo, votre iPhone 13 pro m..., Statut: 202, R√©ponse: {"id":"YTr86g0dbAwYoEPvJ6mEQ","state":"Pending","isHashed":false,"isEncrypted":false,"recipients":[{"phoneNumber":"+33749057297","state":"Pending"}],"states":null}
[2025-04-22 16:18:56] SMS enregistr√© dans la base de donn√©es, ID: 332
[2025-04-22 16:18:56] === ENVOI SMS R√âUSSI ===
[2025-04-22 16:19:48] === ENVOI SMS D√âMARR√â ===
[2025-04-22 16:19:48] Destinataire: +33618830077
[2025-04-22 16:19:48] Message: üëã Bonjour anouar,
üõ†Ô∏è ...
[2025-04-22 16:19:48] URL API: https://api.sms-gate.app/3rdparty/v1/message
[2025-04-22 16:19:48] Utilisateur: -GCB75
[2025-04-22 16:19:48] Num√©ro format√©: +33618830077
[2025-04-22 16:19:48] Donn√©es JSON: {"message":"\ud83d\udc4b Bonjour anouar,\r\n\ud83d\udee0\ufe0f Nous avons bien re\u00e7u votre tablette sm t805 et nos experts geeks sont d\u00e9j\u00e0 \u00e0 l'\u0153uvre pour le remettre en \u00e9tat.\r\n\ud83d\udd0e Suivez l'avancement de la r\u00e9paration ici :\r\n\ud83d\udc49 http:\/\/Mdgeek.top\/suivi.php?id=645\r\n\ud83d\udcde Une question ? Contactez nous au 08 95 79 59 33\r\n\ud83c\udfe0 Maison du GEEK \ud83d\udee0\ufe0f","phoneNumbers":["+33618830077"]}
[2025-04-22 16:19:48] Ex√©cution de la requ√™te cURL...
[2025-04-22 16:19:48] Code HTTP: 202
[2025-04-22 16:19:48] Temps: 313 ms
[2025-04-22 16:19:48] R√©ponse: {"id":"4l3oNpG1FonJ-6cYdQ0rK","state":"Pending","isHashed":false,"isEncrypted":false,"recipients":[{"phoneNumber":"+33618830077","state":"Pending"}],"states":null}
[2025-04-22 16:19:48] Destinataire: +33618830077, Message: üëã Bonjour anouar,
üõ†Ô∏è ..., Statut: 202, R√©ponse: {"id":"4l3oNpG1FonJ-6cYdQ0rK","state":"Pending","isHashed":false,"isEncrypted":false,"recipients":[{"phoneNumber":"+33618830077","state":"Pending"}],"states":null}
[2025-04-22 16:19:48] SMS enregistr√© dans la base de donn√©es, ID: 333
[2025-04-22 16:19:48] === ENVOI SMS R√âUSSI ===
[2025-04-22 16:24:22] === ENVOI SMS D√âMARR√â ===
[2025-04-22 16:24:22] Destinataire: +33749057297
[2025-04-22 16:24:22] Message: ronaldo, votre iPhone 13 pro m...
[2025-04-22 16:24:22] URL API: https://api.sms-gate.app/3rdparty/v1/message
[2025-04-22 16:24:22] Utilisateur: -GCB75
[2025-04-22 16:24:22] Num√©ro format√©: +33749057297
[2025-04-22 16:24:22] Donn√©es JSON: {"message":"ronaldo, votre iPhone 13 pro max est pr\u00eat ! Il vous attend pour retrouver une vie normale. \ud83e\udd73\r\n\ud83e\uddfe Suivi : http:\/\/Mdgeek.top\/suivi.php?id=640\r\nMaison du Geek \u2013 08 95 79 59 33","phoneNumbers":["+33749057297"]}
[2025-04-22 16:24:22] Ex√©cution de la requ√™te cURL...
[2025-04-22 16:24:23] Code HTTP: 202
[2025-04-22 16:24:23] Temps: 345 ms
[2025-04-22 16:24:23] R√©ponse: {"id":"NxGxY-7gCrDNwhlK0_-5M","state":"Pending","isHashed":false,"isEncrypted":false,"recipients":[{"phoneNumber":"+33749057297","state":"Pending"}],"states":null}
[2025-04-22 16:24:23] Destinataire: +33749057297, Message: ronaldo, votre iPhone 13 pro m..., Statut: 202, R√©ponse: {"id":"NxGxY-7gCrDNwhlK0_-5M","state":"Pending","isHashed":false,"isEncrypted":false,"recipients":[{"phoneNumber":"+33749057297","state":"Pending"}],"states":null}
[2025-04-22 16:24:23] SMS enregistr√© dans la base de donn√©es, ID: 334
[2025-04-22 16:24:23] === ENVOI SMS R√âUSSI ===
[2025-04-22 16:33:29] === ENVOI SMS D√âMARR√â ===
[2025-04-22 16:33:29] Destinataire: +33753132907
[2025-04-22 16:33:29] Message: saif, votre dualtron togo limi...
[2025-04-22 16:33:29] URL API: https://api.sms-gate.app/3rdparty/v1/message
[2025-04-22 16:33:29] Utilisateur: -GCB75
[2025-04-22 16:33:29] Num√©ro format√©: +33753132907
[2025-04-22 16:33:29] Donn√©es JSON: {"message":"saif, votre dualtron togo limited est pr\u00eat ! Il vous attend pour retrouver une vie normale. \ud83e\udd73\r\n\ud83e\uddfe Suivi : http:\/\/Mdgeek.top\/suivi.php?id=644\r\nMaison du Geek \u2013 08 95 79 59 33","phoneNumbers":["+33753132907"]}
[2025-04-22 16:33:29] Ex√©cution de la requ√™te cURL...
[2025-04-22 16:33:29] Code HTTP: 202
[2025-04-22 16:33:29] Temps: 361 ms
[2025-04-22 16:33:29] R√©ponse: {"id":"unYFDLXrl8H5OqTAiFLpY","state":"Pending","isHashed":false,"isEncrypted":false,"recipients":[{"phoneNumber":"+33753132907","state":"Pending"}],"states":null}
[2025-04-22 16:33:29] Destinataire: +33753132907, Message: saif, votre dualtron togo limi..., Statut: 202, R√©ponse: {"id":"unYFDLXrl8H5OqTAiFLpY","state":"Pending","isHashed":false,"isEncrypted":false,"recipients":[{"phoneNumber":"+33753132907","state":"Pending"}],"states":null}
[2025-04-22 16:33:29] SMS enregistr√© dans la base de donn√©es, ID: 335
[2025-04-22 16:33:29] === ENVOI SMS R√âUSSI ===
[2025-04-22 16:55:59] === ENVOI SMS D√âMARR√â ===
[2025-04-22 16:55:59] Destinataire: +33767233917
[2025-04-22 16:55:59] Message: üëã Bonjour leny,
üõ†Ô∏è No...
[2025-04-22 16:55:59] URL API: https://api.sms-gate.app/3rdparty/v1/message
[2025-04-22 16:55:59] Utilisateur: -GCB75
[2025-04-22 16:55:59] Num√©ro format√©: +33767233917
[2025-04-22 16:55:59] Donn√©es JSON: {"message":"\ud83d\udc4b Bonjour leny,\r\n\ud83d\udee0\ufe0f Nous avons bien re\u00e7u votre pc gamer tour et nos experts geeks sont d\u00e9j\u00e0 \u00e0 l'\u0153uvre pour le remettre en \u00e9tat.\r\n\ud83d\udd0e Suivez l'avancement de la r\u00e9paration ici :\r\n\ud83d\udc49 http:\/\/Mdgeek.top\/suivi.php?id=646\r\n\ud83d\udcde Une question ? Contactez nous au 08 95 79 59 33\r\n\ud83c\udfe0 Maison du GEEK \ud83d\udee0\ufe0f","phoneNumbers":["+33767233917"]}
[2025-04-22 16:55:59] Ex√©cution de la requ√™te cURL...
[2025-04-22 16:55:59] Code HTTP: 202
[2025-04-22 16:55:59] Temps: 334 ms
[2025-04-22 16:55:59] R√©ponse: {"id":"Wuq_1wvEhtayL0REXGcLv","state":"Pending","isHashed":false,"isEncrypted":false,"recipients":[{"phoneNumber":"+33767233917","state":"Pending"}],"states":null}
[2025-04-22 16:55:59] Destinataire: +33767233917, Message: üëã Bonjour leny,
üõ†Ô∏è No..., Statut: 202, R√©ponse: {"id":"Wuq_1wvEhtayL0REXGcLv","state":"Pending","isHashed":false,"isEncrypted":false,"recipients":[{"phoneNumber":"+33767233917","state":"Pending"}],"states":null}
[2025-04-22 16:55:59] SMS enregistr√© dans la base de donn√©es, ID: 336
[2025-04-22 16:55:59] === ENVOI SMS R√âUSSI ===
[2025-04-22 18:34:07] === ENVOI SMS D√âMARR√â ===
[2025-04-22 18:34:07] Destinataire: 33782962906
[2025-04-22 18:34:07] Message: üëã Bonjour saber,
üõ†Ô∏è N...
[2025-04-22 18:34:07] URL API: https://api.sms-gate.app/3rdparty/v1/message
[2025-04-22 18:34:07] Utilisateur: -GCB75
[2025-04-22 18:34:07] Num√©ro format√©: +33782962906
[2025-04-22 18:34:07] Donn√©es JSON: {"message":"\ud83d\udc4b Bonjour saber,\r\n\ud83d\udee0\ufe0f Nous avons bien re\u00e7u votre iphone 8 et nos experts geeks sont d\u00e9j\u00e0 \u00e0 l'\u0153uvre pour le remettre en \u00e9tat.\r\n\ud83d\udd0e Suivez l'avancement de la r\u00e9paration ici :\r\n\ud83d\udc49 http:\/\/Mdgeek.top\/suivi.php?id=647\r\n\ud83d\udcde Une question ? Contactez nous au 08 95 79 59 33\r\n\ud83c\udfe0 Maison du GEEK \ud83d\udee0\ufe0f","phoneNumbers":["+33782962906"]}
[2025-04-22 18:34:07] Ex√©cution de la requ√™te cURL...
[2025-04-22 18:34:07] Code HTTP: 202
[2025-04-22 18:34:07] Temps: 315 ms
[2025-04-22 18:34:07] R√©ponse: {"id":"Znn4EsubmgCl6YE18X1_v","state":"Pending","isHashed":false,"isEncrypted":false,"recipients":[{"phoneNumber":"+33782962906","state":"Pending"}],"states":null}
[2025-04-22 18:34:07] Destinataire: +33782962906, Message: üëã Bonjour saber,
üõ†Ô∏è N..., Statut: 202, R√©ponse: {"id":"Znn4EsubmgCl6YE18X1_v","state":"Pending","isHashed":false,"isEncrypted":false,"recipients":[{"phoneNumber":"+33782962906","state":"Pending"}],"states":null}
[2025-04-22 18:34:07] SMS enregistr√© dans la base de donn√©es, ID: 337
[2025-04-22 18:34:07] === ENVOI SMS R√âUSSI ===
[2025-04-22 18:36:55] === ENVOI SMS D√âMARR√â ===
[2025-04-22 18:36:55] Destinataire: 33782962906
[2025-04-22 18:36:55] Message: üëã Bonjour saber,
üõ†Ô∏è N...
[2025-04-22 18:36:55] URL API: https://api.sms-gate.app/3rdparty/v1/message
[2025-04-22 18:36:55] Utilisateur: -GCB75
[2025-04-22 18:36:55] Num√©ro format√©: +33782962906
[2025-04-22 18:36:55] Donn√©es JSON: {"message":"\ud83d\udc4b Bonjour saber,\r\n\ud83d\udee0\ufe0f Nous avons bien re\u00e7u votre iphone 8 et nos experts geeks sont d\u00e9j\u00e0 \u00e0 l'\u0153uvre pour le remettre en \u00e9tat.\r\n\ud83d\udd0e Suivez l'avancement de la r\u00e9paration ici :\r\n\ud83d\udc49 http:\/\/Mdgeek.top\/suivi.php?id=648\r\n\ud83d\udcde Une question ? Contactez nous au 08 95 79 59 33\r\n\ud83c\udfe0 Maison du GEEK \ud83d\udee0\ufe0f","phoneNumbers":["+33782962906"]}
[2025-04-22 18:36:55] Ex√©cution de la requ√™te cURL...
[2025-04-22 18:36:55] Code HTTP: 202
[2025-04-22 18:36:55] Temps: 216 ms
[2025-04-22 18:36:55] R√©ponse: {"id":"G27VDBSxwlsMwW1bRyW5w","state":"Pending","isHashed":false,"isEncrypted":false,"recipients":[{"phoneNumber":"+33782962906","state":"Pending"}],"states":null}
[2025-04-22 18:36:55] Destinataire: +33782962906, Message: üëã Bonjour saber,
üõ†Ô∏è N..., Statut: 202, R√©ponse: {"id":"G27VDBSxwlsMwW1bRyW5w","state":"Pending","isHashed":false,"isEncrypted":false,"recipients":[{"phoneNumber":"+33782962906","state":"Pending"}],"states":null}
[2025-04-22 18:36:55] SMS enregistr√© dans la base de donn√©es, ID: 338
[2025-04-22 18:36:55] === ENVOI SMS R√âUSSI ===
[2025-04-22 18:40:08] === ENVOI SMS D√âMARR√â ===
[2025-04-22 18:40:08] Destinataire: 33782962906
[2025-04-22 18:40:08] Message: üëã Bonjour saber,
üõ†Ô∏è N...
[2025-04-22 18:40:08] URL API: https://api.sms-gate.app/3rdparty/v1/message
[2025-04-22 18:40:08] Utilisateur: -GCB75
[2025-04-22 18:40:08] Num√©ro format√©: +33782962906
[2025-04-22 18:40:08] Donn√©es JSON: {"message":"\ud83d\udc4b Bonjour saber,\r\n\ud83d\udee0\ufe0f Nous avons bien re\u00e7u votre iphone 8 et nos experts geeks sont d\u00e9j\u00e0 \u00e0 l'\u0153uvre pour le remettre en \u00e9tat.\r\n\ud83d\udd0e Suivez l'avancement de la r\u00e9paration ici :\r\n\ud83d\udc49 http:\/\/Mdgeek.top\/suivi.php?id=649\r\n\ud83d\udcde Une question ? Contactez nous au 08 95 79 59 33\r\n\ud83c\udfe0 Maison du GEEK \ud83d\udee0\ufe0f","phoneNumbers":["+33782962906"]}
[2025-04-22 18:40:08] Ex√©cution de la requ√™te cURL...
[2025-04-22 18:40:09] Code HTTP: 202
[2025-04-22 18:40:09] Temps: 317 ms
[2025-04-22 18:40:09] R√©ponse: {"id":"0-KSOsfVxAwIjRBZ6Xw3u","state":"Pending","isHashed":false,"isEncrypted":false,"recipients":[{"phoneNumber":"+33782962906","state":"Pending"}],"states":null}
[2025-04-22 18:40:09] Destinataire: +33782962906, Message: üëã Bonjour saber,
üõ†Ô∏è N..., Statut: 202, R√©ponse: {"id":"0-KSOsfVxAwIjRBZ6Xw3u","state":"Pending","isHashed":false,"isEncrypted":false,"recipients":[{"phoneNumber":"+33782962906","state":"Pending"}],"states":null}
[2025-04-22 18:40:09] SMS enregistr√© dans la base de donn√©es, ID: 339
[2025-04-22 18:40:09] === ENVOI SMS R√âUSSI ===
[2025-04-22 18:41:03] === ENVOI SMS D√âMARR√â ===
[2025-04-22 18:41:03] Destinataire: 33782962906
[2025-04-22 18:41:03] Message: üëã Bonjour saber,
üõ†Ô∏è N...
[2025-04-22 18:41:03] URL API: https://api.sms-gate.app/3rdparty/v1/message
[2025-04-22 18:41:03] Utilisateur: -GCB75
[2025-04-22 18:41:03] Num√©ro format√©: +33782962906
[2025-04-22 18:41:03] Donn√©es JSON: {"message":"\ud83d\udc4b Bonjour saber,\r\n\ud83d\udee0\ufe0f Nous avons bien re\u00e7u votre test et nos experts geeks sont d\u00e9j\u00e0 \u00e0 l'\u0153uvre pour le remettre en \u00e9tat.\r\n\ud83d\udd0e Suivez l'avancement de la r\u00e9paration ici :\r\n\ud83d\udc49 http:\/\/Mdgeek.top\/suivi.php?id=650\r\n\ud83d\udcde Une question ? Contactez nous au 08 95 79 59 33\r\n\ud83c\udfe0 Maison du GEEK \ud83d\udee0\ufe0f","phoneNumbers":["+33782962906"]}
[2025-04-22 18:41:03] Ex√©cution de la requ√™te cURL...
[2025-04-22 18:41:04] Code HTTP: 202
[2025-04-22 18:41:04] Temps: 311 ms
[2025-04-22 18:41:04] R√©ponse: {"id":"l8Xw5oZf0hU82pXaBfPWv","state":"Pending","isHashed":false,"isEncrypted":false,"recipients":[{"phoneNumber":"+33782962906","state":"Pending"}],"states":null}
[2025-04-22 18:41:04] Destinataire: +33782962906, Message: üëã Bonjour saber,
üõ†Ô∏è N..., Statut: 202, R√©ponse: {"id":"l8Xw5oZf0hU82pXaBfPWv","state":"Pending","isHashed":false,"isEncrypted":false,"recipients":[{"phoneNumber":"+33782962906","state":"Pending"}],"states":null}
[2025-04-22 18:41:04] SMS enregistr√© dans la base de donn√©es, ID: 340
[2025-04-22 18:41:04] === ENVOI SMS R√âUSSI ===
[2025-04-22 18:44:57] === ENVOI SMS D√âMARR√â ===
[2025-04-22 18:44:57] Destinataire: 33782962906
[2025-04-22 18:44:57] Message: üëã Bonjour saber,
üõ†Ô∏è N...
[2025-04-22 18:44:57] URL API: https://api.sms-gate.app/3rdparty/v1/message
[2025-04-22 18:44:57] Utilisateur: -GCB75
[2025-04-22 18:44:57] Num√©ro format√©: +33782962906
[2025-04-22 18:44:57] Donn√©es JSON: {"message":"\ud83d\udc4b Bonjour saber,\r\n\ud83d\udee0\ufe0f Nous avons bien re\u00e7u votre sad et nos experts geeks sont d\u00e9j\u00e0 \u00e0 l'\u0153uvre pour le remettre en \u00e9tat.\r\n\ud83d\udd0e Suivez l'avancement de la r\u00e9paration ici :\r\n\ud83d\udc49 http:\/\/Mdgeek.top\/suivi.php?id=651\r\n\ud83d\udcde Une question ? Contactez nous au 08 95 79 59 33\r\n\ud83c\udfe0 Maison du GEEK \ud83d\udee0\ufe0f","phoneNumbers":["+33782962906"]}
[2025-04-22 18:44:57] Ex√©cution de la requ√™te cURL...
[2025-04-22 18:44:57] Code HTTP: 202
[2025-04-22 18:44:57] Temps: 327 ms
[2025-04-22 18:44:57] R√©ponse: {"id":"tNGL5GFRsoETxwFWQcT4F","state":"Pending","isHashed":false,"isEncrypted":false,"recipients":[{"phoneNumber":"+33782962906","state":"Pending"}],"states":null}
[2025-04-22 18:44:57] Destinataire: +33782962906, Message: üëã Bonjour saber,
üõ†Ô∏è N..., Statut: 202, R√©ponse: {"id":"tNGL5GFRsoETxwFWQcT4F","state":"Pending","isHashed":false,"isEncrypted":false,"recipients":[{"phoneNumber":"+33782962906","state":"Pending"}],"states":null}
[2025-04-22 18:44:57] SMS enregistr√© dans la base de donn√©es, ID: 341
[2025-04-22 18:44:57] === ENVOI SMS R√âUSSI ===
