[2025-04-22 00:09:59] === TRAITEMENT REQUÊTE SMS ===
[2025-04-22 00:09:59] Données reçues: {"action":"send_sms","client_id":"414","reparation_id":"636","message":"Bonjour [CLIENT_PRENOM], nous vous rappelons votre rendez-vous pour votre [APPAREIL_TYPE] [APPAREIL_MODELE]. \u00c0 bient\u00f4t, l'\u00e9quipe MD GEEK","telephone":"33782962906"}
[2025-04-22 00:09:59] Variables à remplacer trouvées: [CLIENT_PRENOM], [APPAREIL_TYPE], [APPAREIL_MODELE]
[2025-04-22 00:09:59] Données récupérées - Client: Oui, Réparation: Oui
[2025-04-22 00:09:59] Message après remplacement des variables: Bonjour saber, nous vous rappelons votre rendez-vous pour votre Informatique Test. À bientôt, l'équipe MD GEEK
[2025-04-22 00:09:59] Envoi du SMS au numéro: 33782962906
[2025-04-22 00:09:59] Numéro formaté: +33782962906
[2025-04-22 00:09:59] Données JSON: {"message":"Bonjour saber, nous vous rappelons votre rendez-vous pour votre Informatique Test. \u00c0 bient\u00f4t, l'\u00e9quipe MD GEEK","phoneNumbers":["+33782962906"]}
[2025-04-22 00:09:59] Exécution de la requête cURL...
[2025-04-22 00:09:59] Code HTTP: 202
[2025-04-22 00:09:59] Réponse: {"id":"_e2yKpqSyFOraoe0aZU83","state":"Pending","isHashed":false,"isEncrypted":false,"recipients":[{"phoneNumber":"+33782962906","state":"Pending"}],"states":null}
[2025-04-22 00:09:59] Envoi SMS réussi
[2025-04-22 00:09:59] Erreur lors de l'enregistrement du SMS: SQLSTATE[42S22]: Column not found: 1054 Unknown column 'client_id' in 'INSERT INTO'
[2025-04-22 00:09:59] Résultat final: {"success":true,"message":"SMS envoy\u00e9 avec succ\u00e8s","response":{"id":"_e2yKpqSyFOraoe0aZU83","state":"Pending","isHashed":false,"isEncrypted":false,"recipients":[{"phoneNumber":"+33782962906","state":"Pending"}],"states":null}}
[2025-04-22 00:13:05] === TRAITEMENT REQUÊTE SMS ===
[2025-04-22 00:13:05] Données reçues: {"action":"send_sms","client_id":"414","reparation_id":"636","message":"sadsdahdsahsadhashhdashsadsdahdsahsadhashhdashsadsdahdsahsadhashhdashsadsdahdsahsadhashhdashsadsdahdsahsadhashhdashsadsdahdsahsadhashhdashsadsdahdsahsadhashhdashsadsdahdsahsadhashhdashsadsdahdsahsadhashhdashsadsdahdsahsadhashhdashsadsdahdsahsadhashhdashsadsdahdsahsadhashhdashsadsdahdsahsadhashhdashsadsdahdsahsadhashhdashsadsdahdsahsadhashhdashsadsdahdsahsadhashhdashsadsdahdsahsadhashhdash","telephone":"33782962906"}
[2025-04-22 00:13:05] Envoi du SMS au numéro: 33782962906
[2025-04-22 00:13:05] Numéro formaté: +33782962906
[2025-04-22 00:13:05] Données JSON: {"message":"sadsdahdsahsadhashhdashsadsdahdsahsadhashhdashsadsdahdsahsadhashhdashsadsdahdsahsadhashhdashsadsdahdsahsadhashhdashsadsdahdsahsadhashhdashsadsdahdsahsadhashhdashsadsdahdsahsadhashhdashsadsdahdsahsadhashhdashsadsdahdsahsadhashhdashsadsdahdsahsadhashhdashsadsdahdsahsadhashhdashsadsdahdsahsadhashhdashsadsdahdsahsadhashhdashsadsdahdsahsadhashhdashsadsdahdsahsadhashhdashsadsdahdsahsadhashhdash","phoneNumbers":["+33782962906"]}
[2025-04-22 00:13:05] Exécution de la requête cURL...
[2025-04-22 00:13:06] Code HTTP: 202
[2025-04-22 00:13:06] Réponse: {"id":"OuwRx7yJ5iLGUoAvK450b","state":"Pending","isHashed":false,"isEncrypted":false,"recipients":[{"phoneNumber":"+33782962906","state":"Pending"}],"states":null}
[2025-04-22 00:13:06] Envoi SMS réussi
[2025-04-22 00:13:06] Erreur lors de l'enregistrement du SMS: SQLSTATE[42S22]: Column not found: 1054 Unknown column 'client_id' in 'INSERT INTO'
[2025-04-22 00:13:06] Résultat final: {"success":true,"message":"SMS envoy\u00e9 avec succ\u00e8s","response":{"id":"OuwRx7yJ5iLGUoAvK450b","state":"Pending","isHashed":false,"isEncrypted":false,"recipients":[{"phoneNumber":"+33782962906","state":"Pending"}],"states":null}}
[2025-04-22 00:25:38] === TRAITEMENT REQUÊTE SMS ===
[2025-04-22 00:25:38] Données reçues: {"action":"send_sms","client_id":"414","reparation_id":"636","message":"\ud83d\udce3 [CLIENT_PRENOM],\r\nTon [APPAREIL_MODELE] est pr\u00eat mais t\u2019attend toujours ! Des frais de gardiennage s\u2019appliquent \ud83e\ude99 et apr\u00e8s 90j il sera recycl\u00e9 gratuitement \u267b\ufe0f\r\n\ud83d\udccd Suivi : http:\/\/Mdgeek.top\/suivi.php?id=[REPARATION_ID]\r\n\ud83d\udcde 08 95 79 59 33\r\n\ud83c\udfe0 Maison du Geek\r\n\r\nMAISON DU GEEK\r\n78 BD PAUL DOUMER\r\n06110 LE CANNET\r\n08 95 79 59 33","telephone":"33782962906"}
[2025-04-22 00:25:38] Variables à remplacer trouvées: [CLIENT_PRENOM], [REPARATION_ID], [APPAREIL_MODELE]
[2025-04-22 00:25:38] Données récupérées - Client: Oui, Réparation: Oui
[2025-04-22 00:25:38] Message après remplacement des variables: 📣 saber,
Ton Test est prêt mais t’attend toujours ! Des frais de gardiennage s’appliquent 🪙 et après 90j il sera recyclé gratuitement ♻️
📍 Suivi : http://Mdgeek.top/suivi.php?id=636
📞 08 95 79 59 33
🏠 Maison du Geek

MAISON DU GEEK
78 BD PAUL DOUMER
06110 LE CANNET
08 95 79 59 33
[2025-04-22 00:25:38] Envoi du SMS au numéro: 33782962906
[2025-04-22 00:25:38] Numéro formaté: +33782962906
[2025-04-22 00:25:38] Données JSON: {"message":"\ud83d\udce3 saber,\r\nTon Test est pr\u00eat mais t\u2019attend toujours ! Des frais de gardiennage s\u2019appliquent \ud83e\ude99 et apr\u00e8s 90j il sera recycl\u00e9 gratuitement \u267b\ufe0f\r\n\ud83d\udccd Suivi : http:\/\/Mdgeek.top\/suivi.php?id=636\r\n\ud83d\udcde 08 95 79 59 33\r\n\ud83c\udfe0 Maison du Geek\r\n\r\nMAISON DU GEEK\r\n78 BD PAUL DOUMER\r\n06110 LE CANNET\r\n08 95 79 59 33","phoneNumbers":["+33782962906"]}
[2025-04-22 00:25:38] Exécution de la requête cURL...
[2025-04-22 00:25:38] Code HTTP: 202
[2025-04-22 00:25:38] Réponse: {"id":"po09ypR-k5XVvKK1GHTOm","state":"Pending","isHashed":false,"isEncrypted":false,"recipients":[{"phoneNumber":"+33782962906","state":"Pending"}],"states":null}
[2025-04-22 00:25:38] Envoi SMS réussi
[2025-04-22 00:25:38] Erreur lors de l'enregistrement du SMS: SQLSTATE[42S22]: Column not found: 1054 Unknown column 'client_id' in 'INSERT INTO'
[2025-04-22 00:25:38] Résultat final: {"success":true,"message":"SMS envoy\u00e9 avec succ\u00e8s","response":{"id":"po09ypR-k5XVvKK1GHTOm","state":"Pending","isHashed":false,"isEncrypted":false,"recipients":[{"phoneNumber":"+33782962906","state":"Pending"}],"states":null}}
[2025-04-22 00:25:39] === TRAITEMENT REQUÊTE SMS ===
[2025-04-22 00:25:39] Données reçues: {"action":"send_sms","client_id":"414","reparation_id":"636","message":"\ud83d\udce3 [CLIENT_PRENOM],\r\nTon [APPAREIL_MODELE] est pr\u00eat mais t\u2019attend toujours ! Des frais de gardiennage s\u2019appliquent \ud83e\ude99 et apr\u00e8s 90j il sera recycl\u00e9 gratuitement \u267b\ufe0f\r\n\ud83d\udccd Suivi : http:\/\/Mdgeek.top\/suivi.php?id=[REPARATION_ID]\r\n\ud83d\udcde 08 95 79 59 33\r\n\ud83c\udfe0 Maison du Geek\r\n\r\nMAISON DU GEEK\r\n78 BD PAUL DOUMER\r\n06110 LE CANNET\r\n08 95 79 59 33","telephone":"33782962906"}
[2025-04-22 00:25:39] Variables à remplacer trouvées: [CLIENT_PRENOM], [REPARATION_ID], [APPAREIL_MODELE]
[2025-04-22 00:25:39] Données récupérées - Client: Oui, Réparation: Oui
[2025-04-22 00:25:39] Message après remplacement des variables: 📣 saber,
Ton Test est prêt mais t’attend toujours ! Des frais de gardiennage s’appliquent 🪙 et après 90j il sera recyclé gratuitement ♻️
📍 Suivi : http://Mdgeek.top/suivi.php?id=636
📞 08 95 79 59 33
🏠 Maison du Geek

MAISON DU GEEK
78 BD PAUL DOUMER
06110 LE CANNET
08 95 79 59 33
[2025-04-22 00:25:39] Envoi du SMS au numéro: 33782962906
[2025-04-22 00:25:39] Numéro formaté: +33782962906
[2025-04-22 00:25:39] Données JSON: {"message":"\ud83d\udce3 saber,\r\nTon Test est pr\u00eat mais t\u2019attend toujours ! Des frais de gardiennage s\u2019appliquent \ud83e\ude99 et apr\u00e8s 90j il sera recycl\u00e9 gratuitement \u267b\ufe0f\r\n\ud83d\udccd Suivi : http:\/\/Mdgeek.top\/suivi.php?id=636\r\n\ud83d\udcde 08 95 79 59 33\r\n\ud83c\udfe0 Maison du Geek\r\n\r\nMAISON DU GEEK\r\n78 BD PAUL DOUMER\r\n06110 LE CANNET\r\n08 95 79 59 33","phoneNumbers":["+33782962906"]}
[2025-04-22 00:25:39] Exécution de la requête cURL...
[2025-04-22 00:25:39] Code HTTP: 202
[2025-04-22 00:25:39] Réponse: {"id":"FTg2LpYxsMw91JFVFxs6Y","state":"Pending","isHashed":false,"isEncrypted":false,"recipients":[{"phoneNumber":"+33782962906","state":"Pending"}],"states":null}
[2025-04-22 00:25:39] Envoi SMS réussi
[2025-04-22 00:25:39] Erreur lors de l'enregistrement du SMS: SQLSTATE[42S22]: Column not found: 1054 Unknown column 'client_id' in 'INSERT INTO'
[2025-04-22 00:25:39] Résultat final: {"success":true,"message":"SMS envoy\u00e9 avec succ\u00e8s","response":{"id":"FTg2LpYxsMw91JFVFxs6Y","state":"Pending","isHashed":false,"isEncrypted":false,"recipients":[{"phoneNumber":"+33782962906","state":"Pending"}],"states":null}}
[2025-04-22 00:26:19] === TRAITEMENT REQUÊTE SMS ===
[2025-04-22 00:26:19] Données reçues: {"action":"send_sms","client_id":"414","reparation_id":"636","message":"\ud83d\ude14 [CLIENT_PRENOM],\r\nOn a tout tent\u00e9 pour r\u00e9parer ton [APPAREIL_MODELE], mais pour raisons techniques, on a d\u00fb annuler la r\u00e9paration.\r\n\ud83d\udd0d D\u00e9tails : http:\/\/Mdgeek.top\/suivi.php?id=[REPARATION_ID]\r\n\ud83d\udcde Une Question ?  08 95 79 59 33\r\n\ud83c\udfe0 Maison du Geek\r\n\r\nMAISON DU GEEK\r\n78 BD PAUL DOUMER\r\n06110 LE CANNET\r\n08 95 79 59 33","telephone":"33782962906"}
[2025-04-22 00:26:19] Variables à remplacer trouvées: [CLIENT_PRENOM], [REPARATION_ID], [APPAREIL_MODELE]
[2025-04-22 00:26:19] Données récupérées - Client: Oui, Réparation: Oui
[2025-04-22 00:26:19] Message après remplacement des variables: 😔 saber,
On a tout tenté pour réparer ton Test, mais pour raisons techniques, on a dû annuler la réparation.
🔍 Détails : http://Mdgeek.top/suivi.php?id=636
📞 Une Question ?  08 95 79 59 33
🏠 Maison du Geek

MAISON DU GEEK
78 BD PAUL DOUMER
06110 LE CANNET
08 95 79 59 33
[2025-04-22 00:26:19] Envoi du SMS au numéro: 33782962906
[2025-04-22 00:26:19] Numéro formaté: +33782962906
[2025-04-22 00:26:19] Données JSON: {"message":"\ud83d\ude14 saber,\r\nOn a tout tent\u00e9 pour r\u00e9parer ton Test, mais pour raisons techniques, on a d\u00fb annuler la r\u00e9paration.\r\n\ud83d\udd0d D\u00e9tails : http:\/\/Mdgeek.top\/suivi.php?id=636\r\n\ud83d\udcde Une Question ?  08 95 79 59 33\r\n\ud83c\udfe0 Maison du Geek\r\n\r\nMAISON DU GEEK\r\n78 BD PAUL DOUMER\r\n06110 LE CANNET\r\n08 95 79 59 33","phoneNumbers":["+33782962906"]}
[2025-04-22 00:26:19] Exécution de la requête cURL...
[2025-04-22 00:26:19] Code HTTP: 202
[2025-04-22 00:26:19] Réponse: {"id":"kdr2tqu9cZmGst24ZLjbW","state":"Pending","isHashed":false,"isEncrypted":false,"recipients":[{"phoneNumber":"+33782962906","state":"Pending"}],"states":null}
[2025-04-22 00:26:19] Envoi SMS réussi
[2025-04-22 00:26:19] Erreur lors de l'enregistrement du SMS: SQLSTATE[42S22]: Column not found: 1054 Unknown column 'client_id' in 'INSERT INTO'
[2025-04-22 00:26:19] Résultat final: {"success":true,"message":"SMS envoy\u00e9 avec succ\u00e8s","response":{"id":"kdr2tqu9cZmGst24ZLjbW","state":"Pending","isHashed":false,"isEncrypted":false,"recipients":[{"phoneNumber":"+33782962906","state":"Pending"}],"states":null}}
[2025-04-22 19:00:19] === TRAITEMENT REQUÊTE SMS ===
[2025-04-22 19:00:19] Données reçues: {"client_id":"414","telephone":"33782962906","template":"9","message":"Bonjour [CLIENT_PRENOM], votre dossier [REPARATION_ID] au sujet de votre [APPAREIL_MODELE] est en attente de validation par un responsable technique. Nous vous tenons inform\u00e9 tr\u00e8s bient\u00f4t.\r\n\ud83d\udcf2 Suivi : http:\/\/Mdgeek.top\/suivi.php?id=[REPARATION_ID]\r\nMaison du Geek \u2013 08 95 79 59 33"}
[2025-04-22 19:00:19] Variables à remplacer trouvées: [CLIENT_PRENOM], [REPARATION_ID], [APPAREIL_MODELE]
[2025-04-22 19:00:19] Données récupérées - Client: Oui, Réparation: Oui
[2025-04-22 19:00:19] Message après remplacement des variables: Bonjour saber, votre dossier 651 au sujet de votre sad est en attente de validation par un responsable technique. Nous vous tenons informé très bientôt.
📲 Suivi : http://Mdgeek.top/suivi.php?id=651
Maison du Geek – 08 95 79 59 33
[2025-04-22 19:00:19] Envoi du SMS au numéro: 33782962906
[2025-04-22 19:00:19] Numéro formaté: +33782962906
[2025-04-22 19:00:19] Données JSON: {"message":"Bonjour saber, votre dossier 651 au sujet de votre sad est en attente de validation par un responsable technique. Nous vous tenons inform\u00e9 tr\u00e8s bient\u00f4t.\r\n\ud83d\udcf2 Suivi : http:\/\/Mdgeek.top\/suivi.php?id=651\r\nMaison du Geek \u2013 08 95 79 59 33","phoneNumbers":["+33782962906"]}
[2025-04-22 19:00:19] Exécution de la requête cURL...
[2025-04-22 19:00:19] Code HTTP: 202
[2025-04-22 19:00:19] Réponse: {"id":"PkVGlI3PZYjjAkrDL_Piy","state":"Pending","isHashed":false,"isEncrypted":false,"recipients":[{"phoneNumber":"+33782962906","state":"Pending"}],"states":null}
[2025-04-22 19:00:19] Envoi SMS réussi
[2025-04-22 19:00:19] Erreur lors de l'enregistrement du SMS: SQLSTATE[42S22]: Column not found: 1054 Unknown column 'client_id' in 'INSERT INTO'
[2025-04-22 19:00:19] Résultat final: {"success":true,"message":"SMS envoy\u00e9 avec succ\u00e8s","response":{"id":"PkVGlI3PZYjjAkrDL_Piy","state":"Pending","isHashed":false,"isEncrypted":false,"recipients":[{"phoneNumber":"+33782962906","state":"Pending"}],"states":null}}
