[2025-04-18 00:01:13] === ENVOI SMS D√âMARR√â ===
[2025-04-18 00:01:13] Destinataire: 33782962906
[2025-04-18 00:01:13] ATTENTION! Variable non remplac√©e d√©tect√©e: \APPAREIL_MARQUE\
[2025-04-18 00:01:13] ALERTE: Le message contient des variables qui n'ont pas √©t√© remplac√©es!
[2025-04-18 00:01:13] Message brut avec variables non remplac√©es: Bonjour saber, on a pris en charge votre ([APPAREIL_MARQUE]). Rassurez-vous, Nos geeks sont sur le coup !
üì≤ Suivi : http://Mdgeek.top/suivi.php?id=613
Maison du Geek ‚Äì 08 95 79 59 33
[2025-04-18 00:01:13] Message apr√®s remplacement des variables par d√©faut: Bonjour saber, on a pris en charge votre ([Marque]). Rassurez-vous, Nos geeks sont sur le coup !
üì≤ Suivi : http://Mdgeek.top/suivi.php?id=613
Maison du Geek ‚Äì 08 95 79 59 33
[2025-04-18 00:01:13] Message: Bonjour saber, on a pris en ch...
[2025-04-18 00:01:13] URL API: https://api.sms-gate.app/3rdparty/v1/message
[2025-04-18 00:01:13] Utilisateur: -GCB75
[2025-04-18 00:01:13] Num√©ro format√©: +33782962906
[2025-04-18 00:01:13] Donn√©es JSON: {"message":"Bonjour saber, on a pris en charge votre ([Marque]). Rassurez-vous, Nos geeks sont sur le coup !\r\n\ud83d\udcf2 Suivi : http:\/\/Mdgeek.top\/suivi.php?id=613\r\nMaison du Geek \u2013 08 95 79 59 33","phoneNumbers":["+33782962906"]}
[2025-04-18 00:01:13] Ex√©cution de la requ√™te cURL...
[2025-04-18 00:01:13] Code HTTP: 202
[2025-04-18 00:01:13] Temps: 319 ms
[2025-04-18 00:01:13] R√©ponse: {"id":"0CbMGO8Dap31iAHhUAJkF","state":"Pending","isHashed":false,"isEncrypted":false,"recipients":[{"phoneNumber":"+33782962906","state":"Pending"}],"states":null}
[2025-04-18 00:01:13] Destinataire: +33782962906, Message: Bonjour saber, on a pris en ch..., Statut: 202, R√©ponse: {"id":"0CbMGO8Dap31iAHhUAJkF","state":"Pending","isHashed":false,"isEncrypted":false,"recipients":[{"phoneNumber":"+33782962906","state":"Pending"}],"states":null}
[2025-04-18 00:01:13] SMS enregistr√© dans la base de donn√©es, ID: 207
[2025-04-18 00:01:13] === ENVOI SMS R√âUSSI ===
[2025-04-18 00:03:49] === ENVOI SMS D√âMARR√â ===
[2025-04-18 00:03:49] Destinataire: 33782962906
[2025-04-18 00:03:49] Message: Bonjour saber, on a pris en ch...
[2025-04-18 00:03:49] URL API: https://api.sms-gate.app/3rdparty/v1/message
[2025-04-18 00:03:49] Utilisateur: -GCB75
[2025-04-18 00:03:49] Num√©ro format√©: +33782962906
[2025-04-18 00:03:49] Donn√©es JSON: {"message":"Bonjour saber, on a pris en charge votre ( as ). Rassurez-vous, Nos geeks sont sur le coup !\r\n\ud83d\udcf2 Suivi : http:\/\/Mdgeek.top\/suivi.php?id=614\r\nMaison du Geek \u2013 08 95 79 59 33","phoneNumbers":["+33782962906"]}
[2025-04-18 00:03:49] Ex√©cution de la requ√™te cURL...
[2025-04-18 00:03:49] Code HTTP: 202
[2025-04-18 00:03:49] Temps: 327 ms
[2025-04-18 00:03:49] R√©ponse: {"id":"riPbDzf-xOIJegRjEZ5eG","state":"Pending","isHashed":false,"isEncrypted":false,"recipients":[{"phoneNumber":"+33782962906","state":"Pending"}],"states":null}
[2025-04-18 00:03:49] Destinataire: +33782962906, Message: Bonjour saber, on a pris en ch..., Statut: 202, R√©ponse: {"id":"riPbDzf-xOIJegRjEZ5eG","state":"Pending","isHashed":false,"isEncrypted":false,"recipients":[{"phoneNumber":"+33782962906","state":"Pending"}],"states":null}
[2025-04-18 00:03:49] SMS enregistr√© dans la base de donn√©es, ID: 208
[2025-04-18 00:03:49] === ENVOI SMS R√âUSSI ===
[2025-04-18 00:10:07] === ENVOI SMS D√âMARR√â ===
[2025-04-18 00:10:07] Destinataire: 33782962906
[2025-04-18 00:10:07] Message: saber, votre as est pr√™t ! Il...
[2025-04-18 00:10:07] URL API: https://api.sms-gate.app/3rdparty/v1/message
[2025-04-18 00:10:07] Utilisateur: -GCB75
[2025-04-18 00:10:07] Num√©ro format√©: +33782962906
[2025-04-18 00:10:07] Donn√©es JSON: {"message":"saber, votre as est pr\u00eat ! Il vous attend pour retrouver une vie normale. \ud83e\udd73\r\n\ud83e\uddfe Suivi : http:\/\/Mdgeek.top\/suivi.php?id=614\r\nMaison du Geek \u2013 08 95 79 59 33","phoneNumbers":["+33782962906"]}
[2025-04-18 00:10:07] Ex√©cution de la requ√™te cURL...
[2025-04-18 00:10:08] Code HTTP: 202
[2025-04-18 00:10:08] Temps: 351 ms
[2025-04-18 00:10:08] R√©ponse: {"id":"51PcyJ4SkreOwu59xwk83","state":"Pending","isHashed":false,"isEncrypted":false,"recipients":[{"phoneNumber":"+33782962906","state":"Pending"}],"states":null}
[2025-04-18 00:10:08] Destinataire: +33782962906, Message: saber, votre as est pr√™t ! Il..., Statut: 202, R√©ponse: {"id":"51PcyJ4SkreOwu59xwk83","state":"Pending","isHashed":false,"isEncrypted":false,"recipients":[{"phoneNumber":"+33782962906","state":"Pending"}],"states":null}
[2025-04-18 00:10:08] SMS enregistr√© dans la base de donn√©es, ID: 209
[2025-04-18 00:10:08] === ENVOI SMS R√âUSSI ===
[2025-04-18 00:10:57] === ENVOI SMS D√âMARR√â ===
[2025-04-18 00:10:57] Destinataire: 33782962906
[2025-04-18 00:10:57] Message: Bonjour saber, votre dossier 6...
[2025-04-18 00:10:57] URL API: https://api.sms-gate.app/3rdparty/v1/message
[2025-04-18 00:10:57] Utilisateur: -GCB75
[2025-04-18 00:10:57] Num√©ro format√©: +33782962906
[2025-04-18 00:10:57] Donn√©es JSON: {"message":"Bonjour saber, votre dossier 614 au sujet de votre as est en attente de validation par un responsable technique. Nous vous tenons inform\u00e9 tr\u00e8s bient\u00f4t.\r\n\ud83d\udcf2 Suivi : http:\/\/Mdgeek.top\/suivi.php?id=614\r\nMaison du Geek \u2013 08 95 79 59 33","phoneNumbers":["+33782962906"]}
[2025-04-18 00:10:57] Ex√©cution de la requ√™te cURL...
[2025-04-18 00:10:58] Code HTTP: 202
[2025-04-18 00:10:58] Temps: 310 ms
[2025-04-18 00:10:58] R√©ponse: {"id":"qNLF1tbZgxGxoW8aKmsJn","state":"Pending","isHashed":false,"isEncrypted":false,"recipients":[{"phoneNumber":"+33782962906","state":"Pending"}],"states":null}
[2025-04-18 00:10:58] Destinataire: +33782962906, Message: Bonjour saber, votre dossier 6..., Statut: 202, R√©ponse: {"id":"qNLF1tbZgxGxoW8aKmsJn","state":"Pending","isHashed":false,"isEncrypted":false,"recipients":[{"phoneNumber":"+33782962906","state":"Pending"}],"states":null}
[2025-04-18 00:10:58] SMS enregistr√© dans la base de donn√©es, ID: 210
[2025-04-18 00:10:58] === ENVOI SMS R√âUSSI ===
[2025-04-18 00:36:47] === ENVOI SMS D√âMARR√â ===
[2025-04-18 00:36:47] Destinataire: 33782962906
[2025-04-18 00:36:47] Message: saber, votre as est pr√™t ! Il...
[2025-04-18 00:36:47] URL API: https://api.sms-gate.app/3rdparty/v1/message
[2025-04-18 00:36:47] Utilisateur: -GCB75
[2025-04-18 00:36:47] Num√©ro format√©: +33782962906
[2025-04-18 00:36:47] Donn√©es JSON: {"message":"saber, votre as est pr\u00eat ! Il vous attend pour retrouver une vie normale. \ud83e\udd73\r\n\ud83e\uddfe Suivi : http:\/\/Mdgeek.top\/suivi.php?id=614\r\nMaison du Geek \u2013 08 95 79 59 33","phoneNumbers":["+33782962906"]}
[2025-04-18 00:36:47] Ex√©cution de la requ√™te cURL...
[2025-04-18 00:36:47] Code HTTP: 202
[2025-04-18 00:36:47] Temps: 225 ms
[2025-04-18 00:36:47] R√©ponse: {"id":"7ZpfEWdfGAlLbJRkLoiEZ","state":"Pending","isHashed":false,"isEncrypted":false,"recipients":[{"phoneNumber":"+33782962906","state":"Pending"}],"states":null}
[2025-04-18 00:36:47] Destinataire: +33782962906, Message: saber, votre as est pr√™t ! Il..., Statut: 202, R√©ponse: {"id":"7ZpfEWdfGAlLbJRkLoiEZ","state":"Pending","isHashed":false,"isEncrypted":false,"recipients":[{"phoneNumber":"+33782962906","state":"Pending"}],"states":null}
[2025-04-18 00:36:47] SMS enregistr√© dans la base de donn√©es, ID: 211
[2025-04-18 00:36:47] === ENVOI SMS R√âUSSI ===
[2025-04-18 01:14:52] === ENVOI SMS D√âMARR√â ===
[2025-04-18 01:14:52] Destinataire: 33782962906
[2025-04-18 01:14:52] Message: üî¨ En cours de diagnostic
s...
[2025-04-18 01:14:52] URL API: https://api.sms-gate.app/3rdparty/v1/message
[2025-04-18 01:14:52] Utilisateur: -GCB75
[2025-04-18 01:14:52] Num√©ro format√©: +33782962906
[2025-04-18 01:14:52] Donn√©es JSON: {"message":"\ud83d\udd2c En cours de diagnostic\r\nsaber, notre labo d\u00e9cortique votre as. On analyse chaque pixel pour trouver la panne.\r\n\ud83d\udd0e Suivi : http:\/\/Mdgeek.top\/suivi.php?id=614\r\nMaison du Geek \u2013 08 95 79 59 33","phoneNumbers":["+33782962906"]}
[2025-04-18 01:14:52] Ex√©cution de la requ√™te cURL...
[2025-04-18 01:14:53] Code HTTP: 202
[2025-04-18 01:14:53] Temps: 441 ms
[2025-04-18 01:14:53] R√©ponse: {"id":"8E2ubnqS_V5AUGpm2dQxt","state":"Pending","isHashed":false,"isEncrypted":false,"recipients":[{"phoneNumber":"+33782962906","state":"Pending"}],"states":null}
[2025-04-18 01:14:53] Destinataire: +33782962906, Message: üî¨ En cours de diagnostic
s..., Statut: 202, R√©ponse: {"id":"8E2ubnqS_V5AUGpm2dQxt","state":"Pending","isHashed":false,"isEncrypted":false,"recipients":[{"phoneNumber":"+33782962906","state":"Pending"}],"states":null}
[2025-04-18 01:14:53] SMS enregistr√© dans la base de donn√©es, ID: 212
[2025-04-18 01:14:53] === ENVOI SMS R√âUSSI ===
[2025-04-18 01:15:00] === ENVOI SMS D√âMARR√â ===
[2025-04-18 01:15:00] Destinataire: 33782962906
[2025-04-18 01:15:00] Message: üî¨ En cours de diagnostic
s...
[2025-04-18 01:15:00] URL API: https://api.sms-gate.app/3rdparty/v1/message
[2025-04-18 01:15:00] Utilisateur: -GCB75
[2025-04-18 01:15:00] Num√©ro format√©: +33782962906
[2025-04-18 01:15:00] Donn√©es JSON: {"message":"\ud83d\udd2c En cours de diagnostic\r\nsaber, notre labo d\u00e9cortique votre as. On analyse chaque pixel pour trouver la panne.\r\n\ud83d\udd0e Suivi : http:\/\/Mdgeek.top\/suivi.php?id=614\r\nMaison du Geek \u2013 08 95 79 59 33","phoneNumbers":["+33782962906"]}
[2025-04-18 01:15:00] Ex√©cution de la requ√™te cURL...
[2025-04-18 01:15:00] Code HTTP: 202
[2025-04-18 01:15:00] Temps: 339 ms
[2025-04-18 01:15:00] R√©ponse: {"id":"0-xmpa59IoOo-yapBc6Ke","state":"Pending","isHashed":false,"isEncrypted":false,"recipients":[{"phoneNumber":"+33782962906","state":"Pending"}],"states":null}
[2025-04-18 01:15:00] Destinataire: +33782962906, Message: üî¨ En cours de diagnostic
s..., Statut: 202, R√©ponse: {"id":"0-xmpa59IoOo-yapBc6Ke","state":"Pending","isHashed":false,"isEncrypted":false,"recipients":[{"phoneNumber":"+33782962906","state":"Pending"}],"states":null}
[2025-04-18 01:15:00] SMS enregistr√© dans la base de donn√©es, ID: 213
[2025-04-18 01:15:00] === ENVOI SMS R√âUSSI ===
[2025-04-18 01:15:13] === ENVOI SMS D√âMARR√â ===
[2025-04-18 01:15:13] Destinataire: 33782962906
[2025-04-18 01:15:13] Message: üî¨ En cours de diagnostic
s...
[2025-04-18 01:15:13] URL API: https://api.sms-gate.app/3rdparty/v1/message
[2025-04-18 01:15:13] Utilisateur: -GCB75
[2025-04-18 01:15:13] Num√©ro format√©: +33782962906
[2025-04-18 01:15:13] Donn√©es JSON: {"message":"\ud83d\udd2c En cours de diagnostic\r\nsaber, notre labo d\u00e9cortique votre as. On analyse chaque pixel pour trouver la panne.\r\n\ud83d\udd0e Suivi : http:\/\/Mdgeek.top\/suivi.php?id=614\r\nMaison du Geek \u2013 08 95 79 59 33","phoneNumbers":["+33782962906"]}
[2025-04-18 01:15:13] Ex√©cution de la requ√™te cURL...
[2025-04-18 01:15:13] Code HTTP: 202
[2025-04-18 01:15:13] Temps: 313 ms
[2025-04-18 01:15:13] R√©ponse: {"id":"y8-vKF-5Uks4qgemEzMTV","state":"Pending","isHashed":false,"isEncrypted":false,"recipients":[{"phoneNumber":"+33782962906","state":"Pending"}],"states":null}
[2025-04-18 01:15:13] Destinataire: +33782962906, Message: üî¨ En cours de diagnostic
s..., Statut: 202, R√©ponse: {"id":"y8-vKF-5Uks4qgemEzMTV","state":"Pending","isHashed":false,"isEncrypted":false,"recipients":[{"phoneNumber":"+33782962906","state":"Pending"}],"states":null}
[2025-04-18 01:15:13] SMS enregistr√© dans la base de donn√©es, ID: 214
[2025-04-18 01:15:13] === ENVOI SMS R√âUSSI ===
[2025-04-18 01:15:17] === ENVOI SMS D√âMARR√â ===
[2025-04-18 01:15:17] Destinataire: 33782962906
[2025-04-18 01:15:17] Message: saber, ton as t‚Äôattend toujo...
[2025-04-18 01:15:17] URL API: https://api.sms-gate.app/3rdparty/v1/message
[2025-04-18 01:15:17] Utilisateur: -GCB75
[2025-04-18 01:15:17] Num√©ro format√©: +33782962906
[2025-04-18 01:15:17] Donn√©es JSON: {"message":"saber, ton as t\u2019attend toujours ! \u23f3 Frais de gardiennage en cours. Apr\u00e8s 90j, l\u2019appareil pourra \u00eatre recycl\u00e9.\r\n\ud83d\udce6 Suivi : http:\/\/Mdgeek.top\/suivi.php?id=614\r\nMaison du Geek \u2013 08 95 79 59 33","phoneNumbers":["+33782962906"]}
[2025-04-18 01:15:17] Ex√©cution de la requ√™te cURL...
[2025-04-18 01:15:17] Code HTTP: 202
[2025-04-18 01:15:17] Temps: 310 ms
[2025-04-18 01:15:17] R√©ponse: {"id":"7fRta-aZmBR84IrWl32iU","state":"Pending","isHashed":false,"isEncrypted":false,"recipients":[{"phoneNumber":"+33782962906","state":"Pending"}],"states":null}
[2025-04-18 01:15:17] Destinataire: +33782962906, Message: saber, ton as t‚Äôattend toujo..., Statut: 202, R√©ponse: {"id":"7fRta-aZmBR84IrWl32iU","state":"Pending","isHashed":false,"isEncrypted":false,"recipients":[{"phoneNumber":"+33782962906","state":"Pending"}],"states":null}
[2025-04-18 01:15:17] SMS enregistr√© dans la base de donn√©es, ID: 215
[2025-04-18 01:15:17] === ENVOI SMS R√âUSSI ===
[2025-04-18 01:16:03] === ENVOI SMS D√âMARR√â ===
[2025-04-18 01:16:03] Destinataire: 33782962906
[2025-04-18 01:16:03] Message: saber, ton as t‚Äôattend toujo...
[2025-04-18 01:16:03] URL API: https://api.sms-gate.app/3rdparty/v1/message
[2025-04-18 01:16:03] Utilisateur: -GCB75
[2025-04-18 01:16:03] Num√©ro format√©: +33782962906
[2025-04-18 01:16:03] Donn√©es JSON: {"message":"saber, ton as t\u2019attend toujours ! \u23f3 Frais de gardiennage en cours. Apr\u00e8s 90j, l\u2019appareil pourra \u00eatre recycl\u00e9.\r\n\ud83d\udce6 Suivi : http:\/\/Mdgeek.top\/suivi.php?id=614\r\nMaison du Geek \u2013 08 95 79 59 33","phoneNumbers":["+33782962906"]}
[2025-04-18 01:16:03] Ex√©cution de la requ√™te cURL...
[2025-04-18 01:16:03] Code HTTP: 202
[2025-04-18 01:16:03] Temps: 317 ms
[2025-04-18 01:16:03] R√©ponse: {"id":"3_o5HeA4K5CiXSvDPut8W","state":"Pending","isHashed":false,"isEncrypted":false,"recipients":[{"phoneNumber":"+33782962906","state":"Pending"}],"states":null}
[2025-04-18 01:16:03] Destinataire: +33782962906, Message: saber, ton as t‚Äôattend toujo..., Statut: 202, R√©ponse: {"id":"3_o5HeA4K5CiXSvDPut8W","state":"Pending","isHashed":false,"isEncrypted":false,"recipients":[{"phoneNumber":"+33782962906","state":"Pending"}],"states":null}
[2025-04-18 01:16:03] SMS enregistr√© dans la base de donn√©es, ID: 216
[2025-04-18 01:16:03] === ENVOI SMS R√âUSSI ===
[2025-04-18 01:16:24] === ENVOI SMS D√âMARR√â ===
[2025-04-18 01:16:24] Destinataire: 33782962906
[2025-04-18 01:16:24] Message: üî¨ En cours de diagnostic
s...
[2025-04-18 01:16:24] URL API: https://api.sms-gate.app/3rdparty/v1/message
[2025-04-18 01:16:24] Utilisateur: -GCB75
[2025-04-18 01:16:24] Num√©ro format√©: +33782962906
[2025-04-18 01:16:24] Donn√©es JSON: {"message":"\ud83d\udd2c En cours de diagnostic\r\nsaber, notre labo d\u00e9cortique votre as. On analyse chaque pixel pour trouver la panne.\r\n\ud83d\udd0e Suivi : http:\/\/Mdgeek.top\/suivi.php?id=614\r\nMaison du Geek \u2013 08 95 79 59 33","phoneNumbers":["+33782962906"]}
[2025-04-18 01:16:24] Ex√©cution de la requ√™te cURL...
[2025-04-18 01:16:24] Code HTTP: 202
[2025-04-18 01:16:24] Temps: 313 ms
[2025-04-18 01:16:24] R√©ponse: {"id":"MxkcW1N-Eh5psUDt20GMS","state":"Pending","isHashed":false,"isEncrypted":false,"recipients":[{"phoneNumber":"+33782962906","state":"Pending"}],"states":null}
[2025-04-18 01:16:24] Destinataire: +33782962906, Message: üî¨ En cours de diagnostic
s..., Statut: 202, R√©ponse: {"id":"MxkcW1N-Eh5psUDt20GMS","state":"Pending","isHashed":false,"isEncrypted":false,"recipients":[{"phoneNumber":"+33782962906","state":"Pending"}],"states":null}
[2025-04-18 01:16:24] SMS enregistr√© dans la base de donn√©es, ID: 217
[2025-04-18 01:16:24] === ENVOI SMS R√âUSSI ===
[2025-04-18 01:24:32] === ENVOI SMS D√âMARR√â ===
[2025-04-18 01:24:32] Destinataire: 33782962906
[2025-04-18 01:24:32] Message: üõ†Ô∏è Bonjour saber,
Une no...
[2025-04-18 01:24:32] URL API: https://api.sms-gate.app/3rdparty/v1/message
[2025-04-18 01:24:32] Utilisateur: -GCB75
[2025-04-18 01:24:32] Num√©ro format√©: +33782962906
[2025-04-18 01:24:32] Donn√©es JSON: {"message":"\ud83d\udee0\ufe0f Bonjour saber,\r\nUne nouvelle intervention a commenc\u00e9 sur votre iphone 8 . Les tournevis sont de sortie !\r\n\ud83d\udc40 Suivi ici : http:\/\/mdgeek.top\/suivi.php?id=615\r\n\ud83d\udcde Une question ? 08 95 79 59 33\r\n\ud83c\udfe0 Maison du Geek","phoneNumbers":["+33782962906"]}
[2025-04-18 01:24:32] Ex√©cution de la requ√™te cURL...
[2025-04-18 01:24:33] Code HTTP: 202
[2025-04-18 01:24:33] Temps: 340 ms
[2025-04-18 01:24:33] R√©ponse: {"id":"xQEfrtpM_xu944KPpRfnU","state":"Pending","isHashed":false,"isEncrypted":false,"recipients":[{"phoneNumber":"+33782962906","state":"Pending"}],"states":null}
[2025-04-18 01:24:33] Destinataire: +33782962906, Message: üõ†Ô∏è Bonjour saber,
Une no..., Statut: 202, R√©ponse: {"id":"xQEfrtpM_xu944KPpRfnU","state":"Pending","isHashed":false,"isEncrypted":false,"recipients":[{"phoneNumber":"+33782962906","state":"Pending"}],"states":null}
[2025-04-18 01:24:33] SMS enregistr√© dans la base de donn√©es, ID: 218
[2025-04-18 01:24:33] === ENVOI SMS R√âUSSI ===
[2025-04-18 01:28:26] === ENVOI SMS D√âMARR√â ===
[2025-04-18 01:28:26] Destinataire: 33782962906
[2025-04-18 01:28:26] Message: üëã Bonjour saber,
üõ†Ô∏è N...
[2025-04-18 01:28:26] URL API: https://api.sms-gate.app/3rdparty/v1/message
[2025-04-18 01:28:26] Utilisateur: -GCB75
[2025-04-18 01:28:26] Num√©ro format√©: +33782962906
[2025-04-18 01:28:26] Donn√©es JSON: {"message":"\ud83d\udc4b Bonjour saber,\r\n\ud83d\udee0\ufe0f Nous avons bien re\u00e7u votre DSFet nos experts geeks sont d\u00e9j\u00e0 \u00e0 l'\u0153uvre pour le remettre en \u00e9tat.\r\n\ud83d\udd0e Suivez l'avancement de la r\u00e9paration ici :\r\n\ud83d\udc49 http:\/\/Mdgeek.top\/suivi.php?id=616\r\n\ud83d\udcde Une question ? Contactez nous au 08 95 79 59 33\r\n\ud83c\udfe0 Maison du GEEK \ud83d\udee0\ufe0f","phoneNumbers":["+33782962906"]}
[2025-04-18 01:28:26] Ex√©cution de la requ√™te cURL...
[2025-04-18 01:28:26] Code HTTP: 202
[2025-04-18 01:28:26] Temps: 312 ms
[2025-04-18 01:28:26] R√©ponse: {"id":"IQhsiiYBJNa7PyKRFjpcJ","state":"Pending","isHashed":false,"isEncrypted":false,"recipients":[{"phoneNumber":"+33782962906","state":"Pending"}],"states":null}
[2025-04-18 01:28:26] Destinataire: +33782962906, Message: üëã Bonjour saber,
üõ†Ô∏è N..., Statut: 202, R√©ponse: {"id":"IQhsiiYBJNa7PyKRFjpcJ","state":"Pending","isHashed":false,"isEncrypted":false,"recipients":[{"phoneNumber":"+33782962906","state":"Pending"}],"states":null}
[2025-04-18 01:28:26] SMS enregistr√© dans la base de donn√©es, ID: 219
[2025-04-18 01:28:26] === ENVOI SMS R√âUSSI ===
[2025-04-18 01:38:42] === ENVOI SMS D√âMARR√â ===
[2025-04-18 01:38:42] Destinataire: 33782962906
[2025-04-18 01:38:42] Message: saber, votre DSF est pr√™t ! I...
[2025-04-18 01:38:42] URL API: https://api.sms-gate.app/3rdparty/v1/message
[2025-04-18 01:38:42] Utilisateur: -GCB75
[2025-04-18 01:38:42] Num√©ro format√©: +33782962906
[2025-04-18 01:38:42] Donn√©es JSON: {"message":"saber, votre DSF est pr\u00eat ! Il vous attend pour retrouver une vie normale. \ud83e\udd73\r\n\ud83e\uddfe Suivi : http:\/\/Mdgeek.top\/suivi.php?id=616\r\nMaison du Geek \u2013 08 95 79 59 33","phoneNumbers":["+33782962906"]}
[2025-04-18 01:38:42] Ex√©cution de la requ√™te cURL...
[2025-04-18 01:38:42] Code HTTP: 202
[2025-04-18 01:38:42] Temps: 257 ms
[2025-04-18 01:38:42] R√©ponse: {"id":"FIbuiIxN2arGwcD6nDB41","state":"Pending","isHashed":false,"isEncrypted":false,"recipients":[{"phoneNumber":"+33782962906","state":"Pending"}],"states":null}
[2025-04-18 01:38:42] Destinataire: +33782962906, Message: saber, votre DSF est pr√™t ! I..., Statut: 202, R√©ponse: {"id":"FIbuiIxN2arGwcD6nDB41","state":"Pending","isHashed":false,"isEncrypted":false,"recipients":[{"phoneNumber":"+33782962906","state":"Pending"}],"states":null}
[2025-04-18 01:38:42] SMS enregistr√© dans la base de donn√©es, ID: 220
[2025-04-18 01:38:42] === ENVOI SMS R√âUSSI ===
[2025-04-18 01:39:31] === ENVOI SMS D√âMARR√â ===
[2025-04-18 01:39:32] Destinataire: 33782962906
[2025-04-18 01:39:32] Message: Nous avons tout essay√© pour s...
[2025-04-18 01:39:32] URL API: https://api.sms-gate.app/3rdparty/v1/message
[2025-04-18 01:39:32] Utilisateur: -GCB75
[2025-04-18 01:39:32] Num√©ro format√©: +33782962906
[2025-04-18 01:39:32] Donn√©es JSON: {"message":"Nous avons tout essay\u00e9 pour sauver votre iphone 8 (), mais pour des raisons techniques, nous avons d\u00fb annuler la r\u00e9paration.\r\n\ud83d\udcc4 D\u00e9tails : http:\/\/Mdgeek.top\/suivi.php?id=615\r\nMaison du Geek \u2013 08 95 79 59 33","phoneNumbers":["+33782962906"]}
[2025-04-18 01:39:32] Ex√©cution de la requ√™te cURL...
[2025-04-18 01:39:32] Code HTTP: 202
[2025-04-18 01:39:32] Temps: 312 ms
[2025-04-18 01:39:32] R√©ponse: {"id":"3ANNJzBpmkWRy1EEHDYCo","state":"Pending","isHashed":false,"isEncrypted":false,"recipients":[{"phoneNumber":"+33782962906","state":"Pending"}],"states":null}
[2025-04-18 01:39:32] Destinataire: +33782962906, Message: Nous avons tout essay√© pour s..., Statut: 202, R√©ponse: {"id":"3ANNJzBpmkWRy1EEHDYCo","state":"Pending","isHashed":false,"isEncrypted":false,"recipients":[{"phoneNumber":"+33782962906","state":"Pending"}],"states":null}
[2025-04-18 01:39:32] SMS enregistr√© dans la base de donn√©es, ID: 221
[2025-04-18 01:39:32] === ENVOI SMS R√âUSSI ===
[2025-04-18 01:39:42] === ENVOI SMS D√âMARR√â ===
[2025-04-18 01:39:42] Destinataire: 33782962906
[2025-04-18 01:39:42] Message: üòî saber,
On a tout tent√© ...
[2025-04-18 01:39:42] URL API: https://api.sms-gate.app/3rdparty/v1/message
[2025-04-18 01:39:42] Utilisateur: -GCB75
[2025-04-18 01:39:42] Num√©ro format√©: +33782962906
[2025-04-18 01:39:42] Donn√©es JSON: {"message":"\ud83d\ude14 saber,\r\nOn a tout tent\u00e9 pour r\u00e9parer ton DSF, mais pour raisons techniques, on a d\u00fb annuler la r\u00e9paration.\r\n\ud83d\udd0d D\u00e9tails : http:\/\/Mdgeek.top\/suivi.php?id=616\r\n\ud83d\udcde Une Question ?  08 95 79 59 33\r\n\ud83c\udfe0 Maison du Geek","phoneNumbers":["+33782962906"]}
[2025-04-18 01:39:43] Ex√©cution de la requ√™te cURL...
[2025-04-18 01:39:43] Code HTTP: 202
[2025-04-18 01:39:43] Temps: 312 ms
[2025-04-18 01:39:43] R√©ponse: {"id":"ToCD2F03bj92ozv2cYuDP","state":"Pending","isHashed":false,"isEncrypted":false,"recipients":[{"phoneNumber":"+33782962906","state":"Pending"}],"states":null}
[2025-04-18 01:39:43] Destinataire: +33782962906, Message: üòî saber,
On a tout tent√© ..., Statut: 202, R√©ponse: {"id":"ToCD2F03bj92ozv2cYuDP","state":"Pending","isHashed":false,"isEncrypted":false,"recipients":[{"phoneNumber":"+33782962906","state":"Pending"}],"states":null}
[2025-04-18 01:39:43] SMS enregistr√© dans la base de donn√©es, ID: 222
[2025-04-18 01:39:43] === ENVOI SMS R√âUSSI ===
[2025-04-18 01:39:46] === ENVOI SMS D√âMARR√â ===
[2025-04-18 01:39:46] Destinataire: 33782962906
[2025-04-18 01:39:46] Message: üì£ saber,
Ton iphone 8 est ...
[2025-04-18 01:39:46] URL API: https://api.sms-gate.app/3rdparty/v1/message
[2025-04-18 01:39:46] Utilisateur: -GCB75
[2025-04-18 01:39:46] Num√©ro format√©: +33782962906
[2025-04-18 01:39:46] Donn√©es JSON: {"message":"\ud83d\udce3 saber,\r\nTon iphone 8 est pr\u00eat mais t\u2019attend toujours ! Des frais de gardiennage s\u2019appliquent \ud83e\ude99 et apr\u00e8s 90j il sera recycl\u00e9 gratuitement \u267b\ufe0f\r\n\ud83d\udccd Suivi : http:\/\/Mdgeek.top\/suivi.php?id=615\r\n\ud83d\udcde 08 95 79 59 33\r\n\ud83c\udfe0 Maison du Geek","phoneNumbers":["+33782962906"]}
[2025-04-18 01:39:46] Ex√©cution de la requ√™te cURL...
[2025-04-18 01:39:46] Code HTTP: 202
[2025-04-18 01:39:46] Temps: 310 ms
[2025-04-18 01:39:46] R√©ponse: {"id":"CWV9bhxZrF2EisyANYE2k","state":"Pending","isHashed":false,"isEncrypted":false,"recipients":[{"phoneNumber":"+33782962906","state":"Pending"}],"states":null}
[2025-04-18 01:39:46] Destinataire: +33782962906, Message: üì£ saber,
Ton iphone 8 est ..., Statut: 202, R√©ponse: {"id":"CWV9bhxZrF2EisyANYE2k","state":"Pending","isHashed":false,"isEncrypted":false,"recipients":[{"phoneNumber":"+33782962906","state":"Pending"}],"states":null}
[2025-04-18 01:39:46] SMS enregistr√© dans la base de donn√©es, ID: 223
[2025-04-18 01:39:46] === ENVOI SMS R√âUSSI ===
[2025-04-18 01:39:49] === ENVOI SMS D√âMARR√â ===
[2025-04-18 01:39:49] Destinataire: 33782962906
[2025-04-18 01:39:49] Message: üéâ saber,
Ton DSF est de re...
[2025-04-18 01:39:49] URL API: https://api.sms-gate.app/3rdparty/v1/message
[2025-04-18 01:39:49] Utilisateur: -GCB75
[2025-04-18 01:39:49] Num√©ro format√©: +33782962906
[2025-04-18 01:39:49] Donn√©es JSON: {"message":"\ud83c\udf89 saber,\r\nTon DSF est de retour \u00e0 la maison ! On esp\u00e8re qu\u2019il est content \ud83e\udd13\r\n\ud83d\udcac Laisse-nous un petit avis !\r\n\u2b50 https:\/\/g.page\/r\/Ce-HHwKZjezIEB0\/review\r\n\ud83c\udfe0 Maison du Geek\r\n\ud83d\udcde 08 95 79 59 33\r\n","phoneNumbers":["+33782962906"]}
[2025-04-18 01:39:49] Ex√©cution de la requ√™te cURL...
[2025-04-18 01:39:50] Code HTTP: 202
[2025-04-18 01:39:50] Temps: 315 ms
[2025-04-18 01:39:50] R√©ponse: {"id":"5uIEVP1j-Kd7n4U4Jc9Gn","state":"Pending","isHashed":false,"isEncrypted":false,"recipients":[{"phoneNumber":"+33782962906","state":"Pending"}],"states":null}
[2025-04-18 01:39:50] Destinataire: +33782962906, Message: üéâ saber,
Ton DSF est de re..., Statut: 202, R√©ponse: {"id":"5uIEVP1j-Kd7n4U4Jc9Gn","state":"Pending","isHashed":false,"isEncrypted":false,"recipients":[{"phoneNumber":"+33782962906","state":"Pending"}],"states":null}
[2025-04-18 01:39:50] SMS enregistr√© dans la base de donn√©es, ID: 224
[2025-04-18 01:39:50] === ENVOI SMS R√âUSSI ===
[2025-04-18 09:49:32] === ENVOI SMS D√âMARR√â ===
[2025-04-18 09:49:32] Destinataire: 33745187098
[2025-04-18 09:49:32] Message: ..., votre Xiaomi M365 est pr√...
[2025-04-18 09:49:32] URL API: https://api.sms-gate.app/3rdparty/v1/message
[2025-04-18 09:49:32] Utilisateur: -GCB75
[2025-04-18 09:49:32] Num√©ro format√©: +33745187098
[2025-04-18 09:49:32] Donn√©es JSON: {"message":"..., votre Xiaomi M365 est pr\u00eat ! Il vous attend pour retrouver une vie normale. \ud83e\udd73\r\n\ud83e\uddfe Suivi : http:\/\/Mdgeek.top\/suivi.php?id=587\r\nMaison du Geek \u2013 08 95 79 59 33","phoneNumbers":["+33745187098"]}
[2025-04-18 09:49:32] Ex√©cution de la requ√™te cURL...
[2025-04-18 09:49:32] Code HTTP: 202
[2025-04-18 09:49:32] Temps: 434 ms
[2025-04-18 09:49:32] R√©ponse: {"id":"cnU6tNA-PKC6BfwLSFVhN","state":"Pending","isHashed":false,"isEncrypted":false,"recipients":[{"phoneNumber":"+33745187098","state":"Pending"}],"states":null}
[2025-04-18 09:49:32] Destinataire: +33745187098, Message: ..., votre Xiaomi M365 est pr√..., Statut: 202, R√©ponse: {"id":"cnU6tNA-PKC6BfwLSFVhN","state":"Pending","isHashed":false,"isEncrypted":false,"recipients":[{"phoneNumber":"+33745187098","state":"Pending"}],"states":null}
[2025-04-18 09:49:32] SMS enregistr√© dans la base de donn√©es, ID: 225
[2025-04-18 09:49:32] === ENVOI SMS R√âUSSI ===
[2025-04-18 11:57:39] === ENVOI SMS D√âMARR√â ===
[2025-04-18 11:57:39] Destinataire: 33782962906
[2025-04-18 11:57:39] Message: saber, votre DSF est pr√™t ! I...
[2025-04-18 11:57:39] URL API: https://api.sms-gate.app/3rdparty/v1/message
[2025-04-18 11:57:39] Utilisateur: -GCB75
[2025-04-18 11:57:39] Num√©ro format√©: +33782962906
[2025-04-18 11:57:39] Donn√©es JSON: {"message":"saber, votre DSF est pr\u00eat ! Il vous attend pour retrouver une vie normale. \ud83e\udd73\r\n\ud83e\uddfe Suivi : http:\/\/Mdgeek.top\/suivi.php?id=616\r\nMaison du Geek \u2013 08 95 79 59 33","phoneNumbers":["+33782962906"]}
[2025-04-18 11:57:39] Ex√©cution de la requ√™te cURL...
[2025-04-18 11:57:39] Code HTTP: 202
[2025-04-18 11:57:39] Temps: 431 ms
[2025-04-18 11:57:39] R√©ponse: {"id":"OVLAmpdGhKym_yAG1AACf","state":"Pending","isHashed":false,"isEncrypted":false,"recipients":[{"phoneNumber":"+33782962906","state":"Pending"}],"states":null}
[2025-04-18 11:57:39] Destinataire: +33782962906, Message: saber, votre DSF est pr√™t ! I..., Statut: 202, R√©ponse: {"id":"OVLAmpdGhKym_yAG1AACf","state":"Pending","isHashed":false,"isEncrypted":false,"recipients":[{"phoneNumber":"+33782962906","state":"Pending"}],"states":null}
[2025-04-18 11:57:39] SMS enregistr√© dans la base de donn√©es, ID: 226
[2025-04-18 11:57:39] === ENVOI SMS R√âUSSI ===
[2025-04-18 12:15:27] === ENVOI SMS D√âMARR√â ===
[2025-04-18 12:15:27] Destinataire: +33745345479
[2025-04-18 12:15:27] Message: üëã Bonjour Alexandra,
üõ†Ô...
[2025-04-18 12:15:27] URL API: https://api.sms-gate.app/3rdparty/v1/message
[2025-04-18 12:15:27] Utilisateur: -GCB75
[2025-04-18 12:15:27] Num√©ro format√©: +33745345479
[2025-04-18 12:15:27] Donn√©es JSON: {"message":"\ud83d\udc4b Bonjour Alexandra,\r\n\ud83d\udee0\ufe0f Nous avons bien re\u00e7u votre iPhone 12 et nos experts geeks sont d\u00e9j\u00e0 \u00e0 l'\u0153uvre pour le remettre en \u00e9tat.\r\n\ud83d\udd0e Suivez l'avancement de la r\u00e9paration ici :\r\n\ud83d\udc49 http:\/\/Mdgeek.top\/suivi.php?id=617\r\n\ud83d\udcde Une question ? Contactez nous au 08 95 79 59 33\r\n\ud83c\udfe0 Maison du GEEK \ud83d\udee0\ufe0f","phoneNumbers":["+33745345479"]}
[2025-04-18 12:15:27] Ex√©cution de la requ√™te cURL...
[2025-04-18 12:15:27] Code HTTP: 202
[2025-04-18 12:15:27] Temps: 336 ms
[2025-04-18 12:15:27] R√©ponse: {"id":"p07IWDuF4LrfCarkTCsFI","state":"Pending","isHashed":false,"isEncrypted":false,"recipients":[{"phoneNumber":"+33745345479","state":"Pending"}],"states":null}
[2025-04-18 12:15:27] Destinataire: +33745345479, Message: üëã Bonjour Alexandra,
üõ†Ô..., Statut: 202, R√©ponse: {"id":"p07IWDuF4LrfCarkTCsFI","state":"Pending","isHashed":false,"isEncrypted":false,"recipients":[{"phoneNumber":"+33745345479","state":"Pending"}],"states":null}
[2025-04-18 12:15:27] SMS enregistr√© dans la base de donn√©es, ID: 227
[2025-04-18 12:15:27] === ENVOI SMS R√âUSSI ===
[2025-04-18 12:20:15] === ENVOI SMS D√âMARR√â ===
[2025-04-18 12:20:15] Destinataire: +39 340 076 0220
[2025-04-18 12:20:15] Message: üëã Bonjour Ludovic,
üõ†Ô∏è...
[2025-04-18 12:20:15] URL API: https://api.sms-gate.app/3rdparty/v1/message
[2025-04-18 12:20:15] Utilisateur: -GCB75
[2025-04-18 12:20:15] Num√©ro format√©: +393400760220
[2025-04-18 12:20:15] Donn√©es JSON: {"message":"\ud83d\udc4b Bonjour Ludovic,\r\n\ud83d\udee0\ufe0f Nous avons bien re\u00e7u votre Ninebot et nos experts geeks sont d\u00e9j\u00e0 \u00e0 l'\u0153uvre pour le remettre en \u00e9tat.\r\n\ud83d\udd0e Suivez l'avancement de la r\u00e9paration ici :\r\n\ud83d\udc49 http:\/\/Mdgeek.top\/suivi.php?id=618\r\n\ud83d\udcde Une question ? Contactez nous au 08 95 79 59 33\r\n\ud83c\udfe0 Maison du GEEK \ud83d\udee0\ufe0f","phoneNumbers":["+393400760220"]}
[2025-04-18 12:20:15] Ex√©cution de la requ√™te cURL...
[2025-04-18 12:20:15] Code HTTP: 202
[2025-04-18 12:20:15] Temps: 323 ms
[2025-04-18 12:20:15] R√©ponse: {"id":"hbYQSMtxGEYSCMdY4TsTg","state":"Pending","isHashed":false,"isEncrypted":false,"recipients":[{"phoneNumber":"+393400760220","state":"Pending"}],"states":null}
[2025-04-18 12:20:15] Destinataire: +393400760220, Message: üëã Bonjour Ludovic,
üõ†Ô∏è..., Statut: 202, R√©ponse: {"id":"hbYQSMtxGEYSCMdY4TsTg","state":"Pending","isHashed":false,"isEncrypted":false,"recipients":[{"phoneNumber":"+393400760220","state":"Pending"}],"states":null}
[2025-04-18 12:20:16] SMS enregistr√© dans la base de donn√©es, ID: 228
[2025-04-18 12:20:16] === ENVOI SMS R√âUSSI ===
[2025-04-18 12:20:54] === ENVOI SMS D√âMARR√â ===
[2025-04-18 12:20:54] Destinataire: +39 340 076 0220
[2025-04-18 12:20:54] Message: üëã Bonjour Ludovic,
üõ†Ô∏è...
[2025-04-18 12:20:54] URL API: https://api.sms-gate.app/3rdparty/v1/message
[2025-04-18 12:20:54] Utilisateur: -GCB75
[2025-04-18 12:20:54] Num√©ro format√©: +393400760220
[2025-04-18 12:20:54] Donn√©es JSON: {"message":"\ud83d\udc4b Bonjour Ludovic,\r\n\ud83d\udee0\ufe0f Nous avons bien re\u00e7u votre Ninebot et nos experts geeks sont d\u00e9j\u00e0 \u00e0 l'\u0153uvre pour le remettre en \u00e9tat.\r\n\ud83d\udd0e Suivez l'avancement de la r\u00e9paration ici :\r\n\ud83d\udc49 http:\/\/Mdgeek.top\/suivi.php?id=619\r\n\ud83d\udcde Une question ? Contactez nous au 08 95 79 59 33\r\n\ud83c\udfe0 Maison du GEEK \ud83d\udee0\ufe0f","phoneNumbers":["+393400760220"]}
[2025-04-18 12:20:54] Ex√©cution de la requ√™te cURL...
[2025-04-18 12:20:55] Code HTTP: 202
[2025-04-18 12:20:55] Temps: 331 ms
[2025-04-18 12:20:55] R√©ponse: {"id":"6AX6mvUZ6gqi3yIegq8Ck","state":"Pending","isHashed":false,"isEncrypted":false,"recipients":[{"phoneNumber":"+393400760220","state":"Pending"}],"states":null}
[2025-04-18 12:20:55] Destinataire: +393400760220, Message: üëã Bonjour Ludovic,
üõ†Ô∏è..., Statut: 202, R√©ponse: {"id":"6AX6mvUZ6gqi3yIegq8Ck","state":"Pending","isHashed":false,"isEncrypted":false,"recipients":[{"phoneNumber":"+393400760220","state":"Pending"}],"states":null}
[2025-04-18 12:20:55] SMS enregistr√© dans la base de donn√©es, ID: 229
[2025-04-18 12:20:55] === ENVOI SMS R√âUSSI ===
[2025-04-18 12:25:11] === ENVOI SMS D√âMARR√â ===
[2025-04-18 12:25:11] Destinataire: +39 340 076 0220
[2025-04-18 12:25:11] Message: üëã Bonjour Ludovic,
üõ†Ô∏è...
[2025-04-18 12:25:11] URL API: https://api.sms-gate.app/3rdparty/v1/message
[2025-04-18 12:25:11] Utilisateur: -GCB75
[2025-04-18 12:25:11] Num√©ro format√©: +393400760220
[2025-04-18 12:25:11] Donn√©es JSON: {"message":"\ud83d\udc4b Bonjour Ludovic,\r\n\ud83d\udee0\ufe0f Nous avons bien re\u00e7u votre Ninebot et nos experts geeks sont d\u00e9j\u00e0 \u00e0 l'\u0153uvre pour le remettre en \u00e9tat.\r\n\ud83d\udd0e Suivez l'avancement de la r\u00e9paration ici :\r\n\ud83d\udc49 http:\/\/Mdgeek.top\/suivi.php?id=620\r\n\ud83d\udcde Une question ? Contactez nous au 08 95 79 59 33\r\n\ud83c\udfe0 Maison du GEEK \ud83d\udee0\ufe0f","phoneNumbers":["+393400760220"]}
[2025-04-18 12:25:11] Ex√©cution de la requ√™te cURL...
[2025-04-18 12:25:11] Code HTTP: 202
[2025-04-18 12:25:11] Temps: 319 ms
[2025-04-18 12:25:11] R√©ponse: {"id":"rws0lNUqTRIedNL54nGUv","state":"Pending","isHashed":false,"isEncrypted":false,"recipients":[{"phoneNumber":"+393400760220","state":"Pending"}],"states":null}
[2025-04-18 12:25:11] Destinataire: +393400760220, Message: üëã Bonjour Ludovic,
üõ†Ô∏è..., Statut: 202, R√©ponse: {"id":"rws0lNUqTRIedNL54nGUv","state":"Pending","isHashed":false,"isEncrypted":false,"recipients":[{"phoneNumber":"+393400760220","state":"Pending"}],"states":null}
[2025-04-18 12:25:11] SMS enregistr√© dans la base de donn√©es, ID: 230
[2025-04-18 12:25:11] === ENVOI SMS R√âUSSI ===
[2025-04-18 13:13:28] === ENVOI SMS D√âMARR√â ===
[2025-04-18 13:13:28] Destinataire: +33745345479
[2025-04-18 13:13:28] Message: Alexandra, votre iPhone 12 est...
[2025-04-18 13:13:28] URL API: https://api.sms-gate.app/3rdparty/v1/message
[2025-04-18 13:13:28] Utilisateur: -GCB75
[2025-04-18 13:13:28] Num√©ro format√©: +33745345479
[2025-04-18 13:13:28] Donn√©es JSON: {"message":"Alexandra, votre iPhone 12 est pr\u00eat ! Il vous attend pour retrouver une vie normale. \ud83e\udd73\r\n\ud83e\uddfe Suivi : http:\/\/Mdgeek.top\/suivi.php?id=617\r\nMaison du Geek \u2013 08 95 79 59 33","phoneNumbers":["+33745345479"]}
[2025-04-18 13:13:28] Ex√©cution de la requ√™te cURL...
[2025-04-18 13:13:29] Code HTTP: 202
[2025-04-18 13:13:29] Temps: 428 ms
[2025-04-18 13:13:29] R√©ponse: {"id":"6p0ZB29loLKdRFVLbL53_","state":"Pending","isHashed":false,"isEncrypted":false,"recipients":[{"phoneNumber":"+33745345479","state":"Pending"}],"states":null}
[2025-04-18 13:13:29] Destinataire: +33745345479, Message: Alexandra, votre iPhone 12 est..., Statut: 202, R√©ponse: {"id":"6p0ZB29loLKdRFVLbL53_","state":"Pending","isHashed":false,"isEncrypted":false,"recipients":[{"phoneNumber":"+33745345479","state":"Pending"}],"states":null}
[2025-04-18 13:13:29] SMS enregistr√© dans la base de donn√©es, ID: 231
[2025-04-18 13:13:29] === ENVOI SMS R√âUSSI ===
[2025-04-18 13:53:00] === ENVOI SMS D√âMARR√â ===
[2025-04-18 13:53:00] Destinataire: +33745345479
[2025-04-18 13:53:00] Message: üéâ Alexandra,
Ton iPhone 12...
[2025-04-18 13:53:00] URL API: https://api.sms-gate.app/3rdparty/v1/message
[2025-04-18 13:53:00] Utilisateur: -GCB75
[2025-04-18 13:53:00] Num√©ro format√©: +33745345479
[2025-04-18 13:53:00] Donn√©es JSON: {"message":"\ud83c\udf89 Alexandra,\r\nTon iPhone 12 est de retour \u00e0 la maison ! On esp\u00e8re qu\u2019il est content \ud83e\udd13\r\n\ud83d\udcac Laisse-nous un petit avis !\r\n\u2b50 https:\/\/g.page\/r\/Ce-HHwKZjezIEB0\/review\r\n\ud83c\udfe0 Maison du Geek\r\n\ud83d\udcde 08 95 79 59 33\r\n","phoneNumbers":["+33745345479"]}
[2025-04-18 13:53:00] Ex√©cution de la requ√™te cURL...
[2025-04-18 13:53:00] Code HTTP: 202
[2025-04-18 13:53:00] Temps: 409 ms
[2025-04-18 13:53:00] R√©ponse: {"id":"1k7ieu8hduZaX6_uUqGKr","state":"Pending","isHashed":false,"isEncrypted":false,"recipients":[{"phoneNumber":"+33745345479","state":"Pending"}],"states":null}
[2025-04-18 13:53:00] Destinataire: +33745345479, Message: üéâ Alexandra,
Ton iPhone 12..., Statut: 202, R√©ponse: {"id":"1k7ieu8hduZaX6_uUqGKr","state":"Pending","isHashed":false,"isEncrypted":false,"recipients":[{"phoneNumber":"+33745345479","state":"Pending"}],"states":null}
[2025-04-18 13:53:00] SMS enregistr√© dans la base de donn√©es, ID: 232
[2025-04-18 13:53:00] === ENVOI SMS R√âUSSI ===
[2025-04-18 14:10:50] === ENVOI SMS D√âMARR√â ===
[2025-04-18 14:10:50] Destinataire: +33698557044
[2025-04-18 14:10:50] Message: üëã Bonjour Denys,
üõ†Ô∏è N...
[2025-04-18 14:10:50] URL API: https://api.sms-gate.app/3rdparty/v1/message
[2025-04-18 14:10:50] Utilisateur: -GCB75
[2025-04-18 14:10:50] Num√©ro format√©: +33698557044
[2025-04-18 14:10:50] Donn√©es JSON: {"message":"\ud83d\udc4b Bonjour Denys,\r\n\ud83d\udee0\ufe0f Nous avons bien re\u00e7u votre ISCOOTER et nos experts geeks sont d\u00e9j\u00e0 \u00e0 l'\u0153uvre pour le remettre en \u00e9tat.\r\n\ud83d\udd0e Suivez l'avancement de la r\u00e9paration ici :\r\n\ud83d\udc49 http:\/\/Mdgeek.top\/suivi.php?id=621\r\n\ud83d\udcde Une question ? Contactez nous au 08 95 79 59 33\r\n\ud83c\udfe0 Maison du GEEK \ud83d\udee0\ufe0f","phoneNumbers":["+33698557044"]}
[2025-04-18 14:10:50] Ex√©cution de la requ√™te cURL...
[2025-04-18 14:10:50] Code HTTP: 202
[2025-04-18 14:10:50] Temps: 327 ms
[2025-04-18 14:10:50] R√©ponse: {"id":"7L0cN8X8j8AlCKduX0R8e","state":"Pending","isHashed":false,"isEncrypted":false,"recipients":[{"phoneNumber":"+33698557044","state":"Pending"}],"states":null}
[2025-04-18 14:10:50] Destinataire: +33698557044, Message: üëã Bonjour Denys,
üõ†Ô∏è N..., Statut: 202, R√©ponse: {"id":"7L0cN8X8j8AlCKduX0R8e","state":"Pending","isHashed":false,"isEncrypted":false,"recipients":[{"phoneNumber":"+33698557044","state":"Pending"}],"states":null}
[2025-04-18 14:10:50] SMS enregistr√© dans la base de donn√©es, ID: 233
[2025-04-18 14:10:50] === ENVOI SMS R√âUSSI ===
[2025-04-18 14:20:17] === ENVOI SMS D√âMARR√â ===
[2025-04-18 14:20:17] Destinataire: 33622009900
[2025-04-18 14:20:17] Message: üëã Bonjour .,
üõ†Ô∏è Nous ...
[2025-04-18 14:20:17] URL API: https://api.sms-gate.app/3rdparty/v1/message
[2025-04-18 14:20:17] Utilisateur: -GCB75
[2025-04-18 14:20:17] Num√©ro format√©: +33622009900
[2025-04-18 14:20:17] Donn√©es JSON: {"message":"\ud83d\udc4b Bonjour .,\r\n\ud83d\udee0\ufe0f Nous avons bien re\u00e7u votre Boitier fire stick et nos experts geeks sont d\u00e9j\u00e0 \u00e0 l'\u0153uvre pour le remettre en \u00e9tat.\r\n\ud83d\udd0e Suivez l'avancement de la r\u00e9paration ici :\r\n\ud83d\udc49 http:\/\/Mdgeek.top\/suivi.php?id=622\r\n\ud83d\udcde Une question ? Contactez nous au 08 95 79 59 33\r\n\ud83c\udfe0 Maison du GEEK \ud83d\udee0\ufe0f","phoneNumbers":["+33622009900"]}
[2025-04-18 14:20:17] Ex√©cution de la requ√™te cURL...
[2025-04-18 14:20:17] Code HTTP: 202
[2025-04-18 14:20:17] Temps: 326 ms
[2025-04-18 14:20:17] R√©ponse: {"id":"IxYUKQbChBWwV9_c8y6ZY","state":"Pending","isHashed":false,"isEncrypted":false,"recipients":[{"phoneNumber":"+33622009900","state":"Pending"}],"states":null}
[2025-04-18 14:20:17] Destinataire: +33622009900, Message: üëã Bonjour .,
üõ†Ô∏è Nous ..., Statut: 202, R√©ponse: {"id":"IxYUKQbChBWwV9_c8y6ZY","state":"Pending","isHashed":false,"isEncrypted":false,"recipients":[{"phoneNumber":"+33622009900","state":"Pending"}],"states":null}
[2025-04-18 14:20:17] SMS enregistr√© dans la base de donn√©es, ID: 234
[2025-04-18 14:20:17] === ENVOI SMS R√âUSSI ===
[2025-04-18 14:28:46] === ENVOI SMS D√âMARR√â ===
[2025-04-18 14:28:46] Destinataire: 33614341278
[2025-04-18 14:28:46] Message: üëã Bonjour Sav,
üõ†Ô∏è Nou...
[2025-04-18 14:28:46] URL API: https://api.sms-gate.app/3rdparty/v1/message
[2025-04-18 14:28:46] Utilisateur: -GCB75
[2025-04-18 14:28:46] Num√©ro format√©: +33614341278
[2025-04-18 14:28:46] Donn√©es JSON: {"message":"\ud83d\udc4b Bonjour Sav,\r\n\ud83d\udee0\ufe0f Nous avons bien re\u00e7u votre Saber et nos experts geeks sont d\u00e9j\u00e0 \u00e0 l'\u0153uvre pour le remettre en \u00e9tat.\r\n\ud83d\udd0e Suivez l'avancement de la r\u00e9paration ici :\r\n\ud83d\udc49 http:\/\/Mdgeek.top\/suivi.php?id=623\r\n\ud83d\udcde Une question ? Contactez nous au 08 95 79 59 33\r\n\ud83c\udfe0 Maison du GEEK \ud83d\udee0\ufe0f","phoneNumbers":["+33614341278"]}
[2025-04-18 14:28:46] Ex√©cution de la requ√™te cURL...
[2025-04-18 14:28:47] Code HTTP: 202
[2025-04-18 14:28:47] Temps: 412 ms
[2025-04-18 14:28:47] R√©ponse: {"id":"Jd-RsJkLJ2r0figwIzmVB","state":"Pending","isHashed":false,"isEncrypted":false,"recipients":[{"phoneNumber":"+33614341278","state":"Pending"}],"states":null}
[2025-04-18 14:28:47] Destinataire: +33614341278, Message: üëã Bonjour Sav,
üõ†Ô∏è Nou..., Statut: 202, R√©ponse: {"id":"Jd-RsJkLJ2r0figwIzmVB","state":"Pending","isHashed":false,"isEncrypted":false,"recipients":[{"phoneNumber":"+33614341278","state":"Pending"}],"states":null}
[2025-04-18 14:28:47] SMS enregistr√© dans la base de donn√©es, ID: 235
[2025-04-18 14:28:47] === ENVOI SMS R√âUSSI ===
[2025-04-18 14:32:58] === ENVOI SMS D√âMARR√â ===
[2025-04-18 14:32:58] Destinataire: 33614341278
[2025-04-18 14:32:58] Message: Sav, votre Saber est pr√™t ! I...
[2025-04-18 14:32:58] URL API: https://api.sms-gate.app/3rdparty/v1/message
[2025-04-18 14:32:58] Utilisateur: -GCB75
[2025-04-18 14:32:58] Num√©ro format√©: +33614341278
[2025-04-18 14:32:58] Donn√©es JSON: {"message":"Sav, votre Saber est pr\u00eat ! Il vous attend pour retrouver une vie normale. \ud83e\udd73\r\n\ud83e\uddfe Suivi : http:\/\/Mdgeek.top\/suivi.php?id=623\r\nMaison du Geek \u2013 08 95 79 59 33","phoneNumbers":["+33614341278"]}
[2025-04-18 14:32:58] Ex√©cution de la requ√™te cURL...
[2025-04-18 14:32:59] Code HTTP: 202
[2025-04-18 14:32:59] Temps: 322 ms
[2025-04-18 14:32:59] R√©ponse: {"id":"iYHXZIxxsgkfFOAsGFV79","state":"Pending","isHashed":false,"isEncrypted":false,"recipients":[{"phoneNumber":"+33614341278","state":"Pending"}],"states":null}
[2025-04-18 14:32:59] Destinataire: +33614341278, Message: Sav, votre Saber est pr√™t ! I..., Statut: 202, R√©ponse: {"id":"iYHXZIxxsgkfFOAsGFV79","state":"Pending","isHashed":false,"isEncrypted":false,"recipients":[{"phoneNumber":"+33614341278","state":"Pending"}],"states":null}
[2025-04-18 14:32:59] SMS enregistr√© dans la base de donn√©es, ID: 236
[2025-04-18 14:32:59] === ENVOI SMS R√âUSSI ===
[2025-04-18 15:01:45] === ENVOI SMS D√âMARR√â ===
[2025-04-18 15:01:45] Destinataire: 33614341278
[2025-04-18 15:01:45] Message: üéâ Sav,
Ton Saber est de re...
[2025-04-18 15:01:45] URL API: https://api.sms-gate.app/3rdparty/v1/message
[2025-04-18 15:01:45] Utilisateur: -GCB75
[2025-04-18 15:01:45] Num√©ro format√©: +33614341278
[2025-04-18 15:01:45] Donn√©es JSON: {"message":"\ud83c\udf89 Sav,\r\nTon Saber est de retour \u00e0 la maison ! On esp\u00e8re qu\u2019il est content \ud83e\udd13\r\n\ud83d\udcac Laisse-nous un petit avis !\r\n\u2b50 https:\/\/g.page\/r\/Ce-HHwKZjezIEB0\/review\r\n\ud83c\udfe0 Maison du Geek\r\n\ud83d\udcde 08 95 79 59 33\r\n","phoneNumbers":["+33614341278"]}
[2025-04-18 15:01:45] Ex√©cution de la requ√™te cURL...
[2025-04-18 15:01:45] Code HTTP: 202
[2025-04-18 15:01:45] Temps: 405 ms
[2025-04-18 15:01:45] R√©ponse: {"id":"zAqmVtpwEeQy9v2GLweeF","state":"Pending","isHashed":false,"isEncrypted":false,"recipients":[{"phoneNumber":"+33614341278","state":"Pending"}],"states":null}
[2025-04-18 15:01:45] Destinataire: +33614341278, Message: üéâ Sav,
Ton Saber est de re..., Statut: 202, R√©ponse: {"id":"zAqmVtpwEeQy9v2GLweeF","state":"Pending","isHashed":false,"isEncrypted":false,"recipients":[{"phoneNumber":"+33614341278","state":"Pending"}],"states":null}
[2025-04-18 15:01:45] SMS enregistr√© dans la base de donn√©es, ID: 237
[2025-04-18 15:01:45] === ENVOI SMS R√âUSSI ===
[2025-04-18 15:42:39] === ENVOI SMS D√âMARR√â ===
[2025-04-18 15:42:39] Destinataire: 33641991850
[2025-04-18 15:42:39] Message: üëã Bonjour .....,
üõ†Ô∏è N...
[2025-04-18 15:42:39] URL API: https://api.sms-gate.app/3rdparty/v1/message
[2025-04-18 15:42:39] Utilisateur: -GCB75
[2025-04-18 15:42:39] Num√©ro format√©: +33641991850
[2025-04-18 15:42:39] Donn√©es JSON: {"message":"\ud83d\udc4b Bonjour .....,\r\n\ud83d\udee0\ufe0f Nous avons bien re\u00e7u votre xiaomi m365 et nos experts geeks sont d\u00e9j\u00e0 \u00e0 l'\u0153uvre pour le remettre en \u00e9tat.\r\n\ud83d\udd0e Suivez l'avancement de la r\u00e9paration ici :\r\n\ud83d\udc49 http:\/\/Mdgeek.top\/suivi.php?id=624\r\n\ud83d\udcde Une question ? Contactez nous au 08 95 79 59 33\r\n\ud83c\udfe0 Maison du GEEK \ud83d\udee0\ufe0f","phoneNumbers":["+33641991850"]}
[2025-04-18 15:42:39] Ex√©cution de la requ√™te cURL...
[2025-04-18 15:42:39] Code HTTP: 202
[2025-04-18 15:42:39] Temps: 298 ms
[2025-04-18 15:42:39] R√©ponse: {"id":"IsyedWsu5bZ_yVBNVswbH","state":"Pending","isHashed":false,"isEncrypted":false,"recipients":[{"phoneNumber":"+33641991850","state":"Pending"}],"states":null}
[2025-04-18 15:42:39] Destinataire: +33641991850, Message: üëã Bonjour .....,
üõ†Ô∏è N..., Statut: 202, R√©ponse: {"id":"IsyedWsu5bZ_yVBNVswbH","state":"Pending","isHashed":false,"isEncrypted":false,"recipients":[{"phoneNumber":"+33641991850","state":"Pending"}],"states":null}
[2025-04-18 15:42:39] SMS enregistr√© dans la base de donn√©es, ID: 238
[2025-04-18 15:42:39] === ENVOI SMS R√âUSSI ===
[2025-04-18 15:42:51] === ENVOI SMS D√âMARR√â ===
[2025-04-18 15:42:51] Destinataire: +33771300956
[2025-04-18 15:42:51] Message: üëã Bonjour saif,
üõ†Ô∏è No...
[2025-04-18 15:42:51] URL API: https://api.sms-gate.app/3rdparty/v1/message
[2025-04-18 15:42:51] Utilisateur: -GCB75
[2025-04-18 15:42:51] Num√©ro format√©: +33771300956
[2025-04-18 15:42:51] Donn√©es JSON: {"message":"\ud83d\udc4b Bonjour saif,\r\n\ud83d\udee0\ufe0f Nous avons bien re\u00e7u votre Togo plus et nos experts geeks sont d\u00e9j\u00e0 \u00e0 l'\u0153uvre pour le remettre en \u00e9tat.\r\n\ud83d\udd0e Suivez l'avancement de la r\u00e9paration ici :\r\n\ud83d\udc49 http:\/\/Mdgeek.top\/suivi.php?id=625\r\n\ud83d\udcde Une question ? Contactez nous au 08 95 79 59 33\r\n\ud83c\udfe0 Maison du GEEK \ud83d\udee0\ufe0f","phoneNumbers":["+33771300956"]}
[2025-04-18 15:42:51] Ex√©cution de la requ√™te cURL...
[2025-04-18 15:42:52] Code HTTP: 202
[2025-04-18 15:42:52] Temps: 312 ms
[2025-04-18 15:42:52] R√©ponse: {"id":"W-PpdQBHkrCk2PQZPn95s","state":"Pending","isHashed":false,"isEncrypted":false,"recipients":[{"phoneNumber":"+33771300956","state":"Pending"}],"states":null}
[2025-04-18 15:42:52] Destinataire: +33771300956, Message: üëã Bonjour saif,
üõ†Ô∏è No..., Statut: 202, R√©ponse: {"id":"W-PpdQBHkrCk2PQZPn95s","state":"Pending","isHashed":false,"isEncrypted":false,"recipients":[{"phoneNumber":"+33771300956","state":"Pending"}],"states":null}
[2025-04-18 15:42:52] SMS enregistr√© dans la base de donn√©es, ID: 239
[2025-04-18 15:42:52] === ENVOI SMS R√âUSSI ===
[2025-04-18 15:45:16] === ENVOI SMS D√âMARR√â ===
[2025-04-18 15:45:16] Destinataire: 33641991850
[2025-04-18 15:45:16] Message: ....., votre xiaomi m365 est p...
[2025-04-18 15:45:16] URL API: https://api.sms-gate.app/3rdparty/v1/message
[2025-04-18 15:45:16] Utilisateur: -GCB75
[2025-04-18 15:45:16] Num√©ro format√©: +33641991850
[2025-04-18 15:45:16] Donn√©es JSON: {"message":"....., votre xiaomi m365 est pr\u00eat ! Il vous attend pour retrouver une vie normale. \ud83e\udd73\r\n\ud83e\uddfe Suivi : http:\/\/Mdgeek.top\/suivi.php?id=624\r\nMaison du Geek \u2013 08 95 79 59 33","phoneNumbers":["+33641991850"]}
[2025-04-18 15:45:16] Ex√©cution de la requ√™te cURL...
[2025-04-18 15:45:16] Code HTTP: 202
[2025-04-18 15:45:16] Temps: 313 ms
[2025-04-18 15:45:16] R√©ponse: {"id":"ad0T-_u3lSaZljLAhYgyY","state":"Pending","isHashed":false,"isEncrypted":false,"recipients":[{"phoneNumber":"+33641991850","state":"Pending"}],"states":null}
[2025-04-18 15:45:16] Destinataire: +33641991850, Message: ....., votre xiaomi m365 est p..., Statut: 202, R√©ponse: {"id":"ad0T-_u3lSaZljLAhYgyY","state":"Pending","isHashed":false,"isEncrypted":false,"recipients":[{"phoneNumber":"+33641991850","state":"Pending"}],"states":null}
[2025-04-18 15:45:16] SMS enregistr√© dans la base de donn√©es, ID: 240
[2025-04-18 15:45:16] === ENVOI SMS R√âUSSI ===
[2025-04-18 18:11:45] === ENVOI SMS D√âMARR√â ===
[2025-04-18 18:11:45] Destinataire: 33782962906
[2025-04-18 18:11:45] Message: üëã Bonjour saber,
üõ†Ô∏è N...
[2025-04-18 18:11:45] URL API: https://api.sms-gate.app/3rdparty/v1/message
[2025-04-18 18:11:45] Utilisateur: -GCB75
[2025-04-18 18:11:45] Num√©ro format√©: +33782962906
[2025-04-18 18:11:45] Donn√©es JSON: {"message":"\ud83d\udc4b Bonjour saber,\r\n\ud83d\udee0\ufe0f Nous avons bien re\u00e7u votre iPhone 8 et nos experts geeks sont d\u00e9j\u00e0 \u00e0 l'\u0153uvre pour le remettre en \u00e9tat.\r\n\ud83d\udd0e Suivez l'avancement de la r\u00e9paration ici :\r\n\ud83d\udc49 http:\/\/Mdgeek.top\/suivi.php?id=626\r\n\ud83d\udcde Une question ? Contactez nous au 08 95 79 59 33\r\n\ud83c\udfe0 Maison du GEEK \ud83d\udee0\ufe0f","phoneNumbers":["+33782962906"]}
[2025-04-18 18:11:45] Ex√©cution de la requ√™te cURL...
[2025-04-18 18:11:45] Code HTTP: 202
[2025-04-18 18:11:45] Temps: 456 ms
[2025-04-18 18:11:45] R√©ponse: {"id":"uxejBKrXDMncLWvmCJlJl","state":"Pending","isHashed":false,"isEncrypted":false,"recipients":[{"phoneNumber":"+33782962906","state":"Pending"}],"states":null}
[2025-04-18 18:11:45] Destinataire: +33782962906, Message: üëã Bonjour saber,
üõ†Ô∏è N..., Statut: 202, R√©ponse: {"id":"uxejBKrXDMncLWvmCJlJl","state":"Pending","isHashed":false,"isEncrypted":false,"recipients":[{"phoneNumber":"+33782962906","state":"Pending"}],"states":null}
[2025-04-18 18:11:45] SMS enregistr√© dans la base de donn√©es, ID: 241
[2025-04-18 18:11:45] === ENVOI SMS R√âUSSI ===
[2025-04-18 23:38:07] === ENVOI SMS D√âMARR√â ===
[2025-04-18 23:38:07] Destinataire: 33622009900
[2025-04-18 23:38:07] Message: Bonjour ., votre dossier 622 a...
[2025-04-18 23:38:07] URL API: https://api.sms-gate.app/3rdparty/v1/message
[2025-04-18 23:38:07] Utilisateur: -GCB75
[2025-04-18 23:38:07] Num√©ro format√©: +33622009900
[2025-04-18 23:38:07] Donn√©es JSON: {"message":"Bonjour ., votre dossier 622 au sujet de votre Boitier fire stick est en attente de validation par un responsable technique. Nous vous tenons inform\u00e9 tr\u00e8s bient\u00f4t.\r\n\ud83d\udcf2 Suivi : http:\/\/Mdgeek.top\/suivi.php?id=622\r\nMaison du Geek \u2013 08 95 79 59 33","phoneNumbers":["+33622009900"]}
[2025-04-18 23:38:07] Ex√©cution de la requ√™te cURL...
[2025-04-18 23:38:07] Code HTTP: 202
[2025-04-18 23:38:07] Temps: 433 ms
[2025-04-18 23:38:07] R√©ponse: {"id":"1ZHpeSwfq91aISuto05Dd","state":"Pending","isHashed":false,"isEncrypted":false,"recipients":[{"phoneNumber":"+33622009900","state":"Pending"}],"states":null}
[2025-04-18 23:38:07] Destinataire: +33622009900, Message: Bonjour ., votre dossier 622 a..., Statut: 202, R√©ponse: {"id":"1ZHpeSwfq91aISuto05Dd","state":"Pending","isHashed":false,"isEncrypted":false,"recipients":[{"phoneNumber":"+33622009900","state":"Pending"}],"states":null}
[2025-04-18 23:38:07] SMS enregistr√© dans la base de donn√©es, ID: 242
[2025-04-18 23:38:07] === ENVOI SMS R√âUSSI ===
[2025-04-18 23:38:21] === ENVOI SMS D√âMARR√â ===
[2025-04-18 23:38:21] Destinataire: 33614341278
[2025-04-18 23:38:21] Message: Bonjour Sav, votre dossier 623...
[2025-04-18 23:38:21] URL API: https://api.sms-gate.app/3rdparty/v1/message
[2025-04-18 23:38:21] Utilisateur: -GCB75
[2025-04-18 23:38:21] Num√©ro format√©: +33614341278
[2025-04-18 23:38:21] Donn√©es JSON: {"message":"Bonjour Sav, votre dossier 623 au sujet de votre Saber est en attente de validation par un responsable technique. Nous vous tenons inform\u00e9 tr\u00e8s bient\u00f4t.\r\n\ud83d\udcf2 Suivi : http:\/\/Mdgeek.top\/suivi.php?id=623\r\nMaison du Geek \u2013 08 95 79 59 33","phoneNumbers":["+33614341278"]}
[2025-04-18 23:38:21] Ex√©cution de la requ√™te cURL...
[2025-04-18 23:38:21] Code HTTP: 202
[2025-04-18 23:38:21] Temps: 310 ms
[2025-04-18 23:38:21] R√©ponse: {"id":"CwjobuybAkfIgMD97Bn1I","state":"Pending","isHashed":false,"isEncrypted":false,"recipients":[{"phoneNumber":"+33614341278","state":"Pending"}],"states":null}
[2025-04-18 23:38:21] Destinataire: +33614341278, Message: Bonjour Sav, votre dossier 623..., Statut: 202, R√©ponse: {"id":"CwjobuybAkfIgMD97Bn1I","state":"Pending","isHashed":false,"isEncrypted":false,"recipients":[{"phoneNumber":"+33614341278","state":"Pending"}],"states":null}
[2025-04-18 23:38:21] SMS enregistr√© dans la base de donn√©es, ID: 243
[2025-04-18 23:38:21] === ENVOI SMS R√âUSSI ===
