[2025-04-24 12:36:53] ====== DÉBUT DEBUG SMS ======
[2025-04-24 12:36:53] Template ID: 11
[2025-04-24 12:36:53] Template nom: Restitué
[2025-04-24 12:36:53] Template contenu brut: 🎉 [CLIENT_PRENOM],
Ton [APPAREIL_MODELE] est de retour à la maison ! On espère qu’il est content 🤓
💬 Laisse-nous un petit avis !
⭐ https://g.page/r/Ce-HHwKZjezIEB0/review
🏠 Maison du Geek
📞 08 95 79 59 33

[2025-04-24 12:36:53] Réparation ID: 655
[2025-04-24 12:36:53] Variables à remplacer:
[2025-04-24 12:36:53]   [CLIENT_NOM] => 'Valand'
[2025-04-24 12:36:53]   [CLIENT_PRENOM] => 'Adrien'
[2025-04-24 12:36:53]   [CLIENT_TELEPHONE] => '33613917144'
[2025-04-24 12:36:53]   [REPARATION_ID] => '655'
[2025-04-24 12:36:53]   [APPAREIL_TYPE] => 'Trottinette'
[2025-04-24 12:36:53]   [APPAREIL_MARQUE] => ''
[2025-04-24 12:36:53]   [APPAREIL_MODELE] => 'Urban glide 2x2'
[2025-04-24 12:36:53]   [DATE_RECEPTION] => '23/04/2025'
[2025-04-24 12:36:53]   [DATE_FIN_PREVUE] => 'Non définie'
[2025-04-24 12:36:53]   [PRIX] => '69,00'
[2025-04-24 12:36:53] Message avant remplacement: 🎉 [CLIENT_PRENOM],
Ton [APPAREIL_MODELE] est de retour à la maison ! On espère qu’il est content 🤓
💬 Laisse-nous un petit avis !
⭐ https://g.page/r/Ce-HHwKZjezIEB0/review
🏠 Maison du Geek
📞 08 95 79 59 33

[2025-04-24 12:36:53] Remplacement de '[CLIENT_NOM]' par 'Valand': AUCUN CHANGEMENT
[2025-04-24 12:36:53] Remplacement de '[CLIENT_PRENOM]' par 'Adrien': OK
[2025-04-24 12:36:53] Remplacement de '[CLIENT_TELEPHONE]' par '33613917144': AUCUN CHANGEMENT
[2025-04-24 12:36:53] Remplacement de '[REPARATION_ID]' par '655': AUCUN CHANGEMENT
[2025-04-24 12:36:53] Remplacement de '[APPAREIL_TYPE]' par 'Trottinette': AUCUN CHANGEMENT
[2025-04-24 12:36:53] Remplacement de '[APPAREIL_MARQUE]' par '': AUCUN CHANGEMENT
[2025-04-24 12:36:53] Remplacement de '[APPAREIL_MODELE]' par 'Urban glide 2x2': OK
[2025-04-24 12:36:53] Remplacement de '[DATE_RECEPTION]' par '23/04/2025': AUCUN CHANGEMENT
[2025-04-24 12:36:53] Remplacement de '[DATE_FIN_PREVUE]' par 'Non définie': AUCUN CHANGEMENT
[2025-04-24 12:36:53] Remplacement de '[PRIX]' par '69,00': AUCUN CHANGEMENT
[2025-04-24 12:36:53] Message final après remplacement: 🎉 Adrien,
Ton Urban glide 2x2 est de retour à la maison ! On espère qu’il est content 🤓
💬 Laisse-nous un petit avis !
⭐ https://g.page/r/Ce-HHwKZjezIEB0/review
🏠 Maison du Geek
📞 08 95 79 59 33

[2025-04-24 12:36:53] Tentative d'envoi SMS à 33613917144
[2025-04-24 12:36:54] Résultat de l'envoi: SUCCÈS
[2025-04-24 12:36:54] ====== FIN DEBUG SMS ======
