[2025-04-21 10:55:39] ====== DÉBUT DEBUG SMS ======
[2025-04-21 10:55:39] Template ID: 2
[2025-04-21 10:55:39] Template nom: Réparation terminée
[2025-04-21 10:55:39] Template contenu brut: [CLIENT_PRENOM], votre [APPAREIL_MODELE] est prêt ! Il vous attend pour retrouver une vie normale. 🥳
🧾 Suivi : http://Mdgeek.top/suivi.php?id=[REPARATION_ID]
Maison du Geek – 08 95 79 59 33
[2025-04-21 10:55:39] Réparation ID: 632
[2025-04-21 10:55:39] Variables à remplacer:
[2025-04-21 10:55:39]   [CLIENT_NOM] => 'Guellim'
[2025-04-21 10:55:39]   [CLIENT_PRENOM] => 'Wajdi'
[2025-04-21 10:55:39]   [CLIENT_TELEPHONE] => '33665495221'
[2025-04-21 10:55:39]   [REPARATION_ID] => '632'
[2025-04-21 10:55:39]   [APPAREIL_TYPE] => 'Informatique'
[2025-04-21 10:55:39]   [APPAREIL_MARQUE] => ''
[2025-04-21 10:55:39]   [APPAREIL_MODELE] => 'iPhone 11'
[2025-04-21 10:55:39]   [DATE_RECEPTION] => '20/04/2025'
[2025-04-21 10:55:39]   [DATE_FIN_PREVUE] => 'Non définie'
[2025-04-21 10:55:39]   [PRIX] => '80,00'
[2025-04-21 10:55:39] Message avant remplacement: [CLIENT_PRENOM], votre [APPAREIL_MODELE] est prêt ! Il vous attend pour retrouver une vie normale. 🥳
🧾 Suivi : http://Mdgeek.top/suivi.php?id=[REPARATION_ID]
Maison du Geek – 08 95 79 59 33
[2025-04-21 10:55:39] Remplacement de '[CLIENT_NOM]' par 'Guellim': AUCUN CHANGEMENT
[2025-04-21 10:55:39] Remplacement de '[CLIENT_PRENOM]' par 'Wajdi': OK
[2025-04-21 10:55:39] Remplacement de '[CLIENT_TELEPHONE]' par '33665495221': AUCUN CHANGEMENT
[2025-04-21 10:55:39] Remplacement de '[REPARATION_ID]' par '632': OK
[2025-04-21 10:55:39] Remplacement de '[APPAREIL_TYPE]' par 'Informatique': AUCUN CHANGEMENT
[2025-04-21 10:55:39] Remplacement de '[APPAREIL_MARQUE]' par '': AUCUN CHANGEMENT
[2025-04-21 10:55:39] Remplacement de '[APPAREIL_MODELE]' par 'iPhone 11': OK
[2025-04-21 10:55:39] Remplacement de '[DATE_RECEPTION]' par '20/04/2025': AUCUN CHANGEMENT
[2025-04-21 10:55:39] Remplacement de '[DATE_FIN_PREVUE]' par 'Non définie': AUCUN CHANGEMENT
[2025-04-21 10:55:39] Remplacement de '[PRIX]' par '80,00': AUCUN CHANGEMENT
[2025-04-21 10:55:39] Message final après remplacement: Wajdi, votre iPhone 11 est prêt ! Il vous attend pour retrouver une vie normale. 🥳
🧾 Suivi : http://Mdgeek.top/suivi.php?id=632
Maison du Geek – 08 95 79 59 33
[2025-04-21 10:55:39] Tentative d'envoi SMS à 33665495221
[2025-04-21 10:55:39] Résultat de l'envoi: SUCCÈS
[2025-04-21 10:55:39] ====== FIN DEBUG SMS ======
[2025-04-21 18:20:14] ====== DÉBUT DEBUG SMS DEVIS ======
[2025-04-21 18:20:14] Template ID: 8
[2025-04-21 18:20:14] Template nom: En cours de diagnostique
[2025-04-21 18:20:14] Template contenu brut: 👋 Hello [CLIENT_PRENOM],
Votre devis pour le 📱 [APPAREIL_MODELE] est prêt !
🧐 Consultez-le ici :
🔗 http://Mdgeek.top/suivi.php?id=[REPARATION_ID]
📞 Une question ? Appelez-nous au ☎️ 04 93 46 71 63
🏠 Maison du Geek – 📱 08 95 79 59 33
[2025-04-21 18:20:14] Réparation ID: 631
[2025-04-21 18:20:14] Variables à remplacer:
[2025-04-21 18:20:14]   [CLIENT_NOM] => 'guezguez'
[2025-04-21 18:20:14]   [CLIENT_PRENOM] => 'saber'
[2025-04-21 18:20:14]   [CLIENT_TELEPHONE] => '33782962906'
[2025-04-21 18:20:14]   [REPARATION_ID] => '631'
[2025-04-21 18:20:14]   [APPAREIL_TYPE] => 'Informatique'
[2025-04-21 18:20:14]   [APPAREIL_MARQUE] => ''
[2025-04-21 18:20:14]   [APPAREIL_MODELE] => 'Test'
[2025-04-21 18:20:14]   [DATE_RECEPTION] => '19/04/2025'
[2025-04-21 18:20:14]   [DATE_FIN_PREVUE] => 'Non définie'
[2025-04-21 18:20:14]   [PRIX] => '20,00'
[2025-04-21 18:20:14] Message avant remplacement: 👋 Hello [CLIENT_PRENOM],
Votre devis pour le 📱 [APPAREIL_MODELE] est prêt !
🧐 Consultez-le ici :
🔗 http://Mdgeek.top/suivi.php?id=[REPARATION_ID]
📞 Une question ? Appelez-nous au ☎️ 04 93 46 71 63
🏠 Maison du Geek – 📱 08 95 79 59 33
[2025-04-21 18:20:14] Remplacement de '[CLIENT_NOM]' par 'guezguez': AUCUN CHANGEMENT
[2025-04-21 18:20:14] Remplacement de '[CLIENT_PRENOM]' par 'saber': OK
[2025-04-21 18:20:14] Remplacement de '[CLIENT_TELEPHONE]' par '33782962906': AUCUN CHANGEMENT
[2025-04-21 18:20:14] Remplacement de '[REPARATION_ID]' par '631': OK
[2025-04-21 18:20:14] Remplacement de '[APPAREIL_TYPE]' par 'Informatique': AUCUN CHANGEMENT
[2025-04-21 18:20:14] Remplacement de '[APPAREIL_MARQUE]' par '': AUCUN CHANGEMENT
[2025-04-21 18:20:14] Remplacement de '[APPAREIL_MODELE]' par 'Test': OK
[2025-04-21 18:20:14] Remplacement de '[DATE_RECEPTION]' par '19/04/2025': AUCUN CHANGEMENT
[2025-04-21 18:20:14] Remplacement de '[DATE_FIN_PREVUE]' par 'Non définie': AUCUN CHANGEMENT
[2025-04-21 18:20:14] Remplacement de '[PRIX]' par '20,00': AUCUN CHANGEMENT
[2025-04-21 18:20:14] Message final après remplacement: 👋 Hello saber,
Votre devis pour le 📱 Test est prêt !
🧐 Consultez-le ici :
🔗 http://Mdgeek.top/suivi.php?id=631
📞 Une question ? Appelez-nous au ☎️ 04 93 46 71 63
🏠 Maison du Geek – 📱 08 95 79 59 33
[2025-04-21 18:20:14] Tentative d'envoi SMS à 33782962906
[2025-04-21 18:20:14] Résultat de l'envoi: SUCCÈS
[2025-04-21 18:20:14] ====== FIN DEBUG SMS DEVIS ======
[2025-04-21 18:20:14] ====== DÉBUT DEBUG SMS DEVIS ======
[2025-04-21 18:20:14] Template ID: 8
[2025-04-21 18:20:14] Template nom: En cours de diagnostique
[2025-04-21 18:20:14] Template contenu brut: 👋 Hello [CLIENT_PRENOM],
Votre devis pour le 📱 [APPAREIL_MODELE] est prêt !
🧐 Consultez-le ici :
🔗 http://Mdgeek.top/suivi.php?id=[REPARATION_ID]
📞 Une question ? Appelez-nous au ☎️ 04 93 46 71 63
🏠 Maison du Geek – 📱 08 95 79 59 33
[2025-04-21 18:20:14] Réparation ID: 631
[2025-04-21 18:20:14] Variables à remplacer:
[2025-04-21 18:20:14]   [CLIENT_NOM] => 'guezguez'
[2025-04-21 18:20:14]   [CLIENT_PRENOM] => 'saber'
[2025-04-21 18:20:14]   [CLIENT_TELEPHONE] => '33782962906'
[2025-04-21 18:20:14]   [REPARATION_ID] => '631'
[2025-04-21 18:20:14]   [APPAREIL_TYPE] => 'Informatique'
[2025-04-21 18:20:14]   [APPAREIL_MARQUE] => ''
[2025-04-21 18:20:14]   [APPAREIL_MODELE] => 'Test'
[2025-04-21 18:20:14]   [DATE_RECEPTION] => '19/04/2025'
[2025-04-21 18:20:14]   [DATE_FIN_PREVUE] => 'Non définie'
[2025-04-21 18:20:14]   [PRIX] => '20,00'
[2025-04-21 18:20:14] Message avant remplacement: 👋 Hello [CLIENT_PRENOM],
Votre devis pour le 📱 [APPAREIL_MODELE] est prêt !
🧐 Consultez-le ici :
🔗 http://Mdgeek.top/suivi.php?id=[REPARATION_ID]
📞 Une question ? Appelez-nous au ☎️ 04 93 46 71 63
🏠 Maison du Geek – 📱 08 95 79 59 33
[2025-04-21 18:20:14] Remplacement de '[CLIENT_NOM]' par 'guezguez': AUCUN CHANGEMENT
[2025-04-21 18:20:14] Remplacement de '[CLIENT_PRENOM]' par 'saber': OK
[2025-04-21 18:20:14] Remplacement de '[CLIENT_TELEPHONE]' par '33782962906': AUCUN CHANGEMENT
[2025-04-21 18:20:14] Remplacement de '[REPARATION_ID]' par '631': OK
[2025-04-21 18:20:14] Remplacement de '[APPAREIL_TYPE]' par 'Informatique': AUCUN CHANGEMENT
[2025-04-21 18:20:14] Remplacement de '[APPAREIL_MARQUE]' par '': AUCUN CHANGEMENT
[2025-04-21 18:20:14] Remplacement de '[APPAREIL_MODELE]' par 'Test': OK
[2025-04-21 18:20:14] Remplacement de '[DATE_RECEPTION]' par '19/04/2025': AUCUN CHANGEMENT
[2025-04-21 18:20:14] Remplacement de '[DATE_FIN_PREVUE]' par 'Non définie': AUCUN CHANGEMENT
[2025-04-21 18:20:14] Remplacement de '[PRIX]' par '20,00': AUCUN CHANGEMENT
[2025-04-21 18:20:14] Message final après remplacement: 👋 Hello saber,
Votre devis pour le 📱 Test est prêt !
🧐 Consultez-le ici :
🔗 http://Mdgeek.top/suivi.php?id=631
📞 Une question ? Appelez-nous au ☎️ 04 93 46 71 63
🏠 Maison du Geek – 📱 08 95 79 59 33
[2025-04-21 18:20:14] Tentative d'envoi SMS à 33782962906
[2025-04-21 18:20:14] Résultat de l'envoi: SUCCÈS
[2025-04-21 18:20:14] ====== FIN DEBUG SMS DEVIS ======
[2025-04-21 18:21:14] ====== DÉBUT DEBUG SMS GARDIENNAGE ======
[2025-04-21 18:21:14] Template ID: 12
[2025-04-21 18:21:14] Template nom: Gardiennage
[2025-04-21 18:21:14] Template contenu brut: 📣 [CLIENT_PRENOM],
Ton [APPAREIL_MODELE] est prêt mais t’attend toujours ! Des frais de gardiennage s’appliquent 🪙 et après 90j il sera recyclé gratuitement ♻️
📍 Suivi : http://Mdgeek.top/suivi.php?id=[REPARATION_ID]
📞 08 95 79 59 33
🏠 Maison du Geek
[2025-04-21 18:21:14] Réparation ID: 631
[2025-04-21 18:21:14] Variables à remplacer:
[2025-04-21 18:21:14]   [CLIENT_NOM] => 'guezguez'
[2025-04-21 18:21:14]   [CLIENT_PRENOM] => 'saber'
[2025-04-21 18:21:14]   [CLIENT_TELEPHONE] => '33782962906'
[2025-04-21 18:21:14]   [REPARATION_ID] => '631'
[2025-04-21 18:21:14]   [APPAREIL_TYPE] => 'Informatique'
[2025-04-21 18:21:14]   [APPAREIL_MARQUE] => ''
[2025-04-21 18:21:14]   [APPAREIL_MODELE] => 'Test'
[2025-04-21 18:21:14]   [DATE_RECEPTION] => '19/04/2025'
[2025-04-21 18:21:14]   [DATE_FIN_PREVUE] => 'Non définie'
[2025-04-21 18:21:14]   [PRIX] => '20,00'
[2025-04-21 18:21:14] Message avant remplacement: 📣 [CLIENT_PRENOM],
Ton [APPAREIL_MODELE] est prêt mais t’attend toujours ! Des frais de gardiennage s’appliquent 🪙 et après 90j il sera recyclé gratuitement ♻️
📍 Suivi : http://Mdgeek.top/suivi.php?id=[REPARATION_ID]
📞 08 95 79 59 33
🏠 Maison du Geek
[2025-04-21 18:21:14] Remplacement de '[CLIENT_NOM]' par 'guezguez': AUCUN CHANGEMENT
[2025-04-21 18:21:14] Remplacement de '[CLIENT_PRENOM]' par 'saber': OK
[2025-04-21 18:21:14] Remplacement de '[CLIENT_TELEPHONE]' par '33782962906': AUCUN CHANGEMENT
[2025-04-21 18:21:14] Remplacement de '[REPARATION_ID]' par '631': OK
[2025-04-21 18:21:14] Remplacement de '[APPAREIL_TYPE]' par 'Informatique': AUCUN CHANGEMENT
[2025-04-21 18:21:14] Remplacement de '[APPAREIL_MARQUE]' par '': AUCUN CHANGEMENT
[2025-04-21 18:21:14] Remplacement de '[APPAREIL_MODELE]' par 'Test': OK
[2025-04-21 18:21:14] Remplacement de '[DATE_RECEPTION]' par '19/04/2025': AUCUN CHANGEMENT
[2025-04-21 18:21:14] Remplacement de '[DATE_FIN_PREVUE]' par 'Non définie': AUCUN CHANGEMENT
[2025-04-21 18:21:14] Remplacement de '[PRIX]' par '20,00': AUCUN CHANGEMENT
[2025-04-21 18:21:14] Message final après remplacement: 📣 saber,
Ton Test est prêt mais t’attend toujours ! Des frais de gardiennage s’appliquent 🪙 et après 90j il sera recyclé gratuitement ♻️
📍 Suivi : http://Mdgeek.top/suivi.php?id=631
📞 08 95 79 59 33
🏠 Maison du Geek
[2025-04-21 18:21:14] Tentative d'envoi SMS à 33782962906
[2025-04-21 18:21:15] Résultat de l'envoi: SUCCÈS
[2025-04-21 18:21:15] ====== FIN DEBUG SMS GARDIENNAGE ======
[2025-04-21 18:21:15] ====== DÉBUT DEBUG SMS GARDIENNAGE ======
[2025-04-21 18:21:15] Template ID: 12
[2025-04-21 18:21:15] Template nom: Gardiennage
[2025-04-21 18:21:15] Template contenu brut: 📣 [CLIENT_PRENOM],
Ton [APPAREIL_MODELE] est prêt mais t’attend toujours ! Des frais de gardiennage s’appliquent 🪙 et après 90j il sera recyclé gratuitement ♻️
📍 Suivi : http://Mdgeek.top/suivi.php?id=[REPARATION_ID]
📞 08 95 79 59 33
🏠 Maison du Geek
[2025-04-21 18:21:15] Réparation ID: 631
[2025-04-21 18:21:15] Variables à remplacer:
[2025-04-21 18:21:15]   [CLIENT_NOM] => 'guezguez'
[2025-04-21 18:21:15]   [CLIENT_PRENOM] => 'saber'
[2025-04-21 18:21:15]   [CLIENT_TELEPHONE] => '33782962906'
[2025-04-21 18:21:15]   [REPARATION_ID] => '631'
[2025-04-21 18:21:15]   [APPAREIL_TYPE] => 'Informatique'
[2025-04-21 18:21:15]   [APPAREIL_MARQUE] => ''
[2025-04-21 18:21:15]   [APPAREIL_MODELE] => 'Test'
[2025-04-21 18:21:15]   [DATE_RECEPTION] => '19/04/2025'
[2025-04-21 18:21:15]   [DATE_FIN_PREVUE] => 'Non définie'
[2025-04-21 18:21:15]   [PRIX] => '20,00'
[2025-04-21 18:21:15] Message avant remplacement: 📣 [CLIENT_PRENOM],
Ton [APPAREIL_MODELE] est prêt mais t’attend toujours ! Des frais de gardiennage s’appliquent 🪙 et après 90j il sera recyclé gratuitement ♻️
📍 Suivi : http://Mdgeek.top/suivi.php?id=[REPARATION_ID]
📞 08 95 79 59 33
🏠 Maison du Geek
[2025-04-21 18:21:15] Remplacement de '[CLIENT_NOM]' par 'guezguez': AUCUN CHANGEMENT
[2025-04-21 18:21:15] Remplacement de '[CLIENT_PRENOM]' par 'saber': OK
[2025-04-21 18:21:15] Remplacement de '[CLIENT_TELEPHONE]' par '33782962906': AUCUN CHANGEMENT
[2025-04-21 18:21:15] Remplacement de '[REPARATION_ID]' par '631': OK
[2025-04-21 18:21:15] Remplacement de '[APPAREIL_TYPE]' par 'Informatique': AUCUN CHANGEMENT
[2025-04-21 18:21:15] Remplacement de '[APPAREIL_MARQUE]' par '': AUCUN CHANGEMENT
[2025-04-21 18:21:15] Remplacement de '[APPAREIL_MODELE]' par 'Test': OK
[2025-04-21 18:21:15] Remplacement de '[DATE_RECEPTION]' par '19/04/2025': AUCUN CHANGEMENT
[2025-04-21 18:21:15] Remplacement de '[DATE_FIN_PREVUE]' par 'Non définie': AUCUN CHANGEMENT
[2025-04-21 18:21:15] Remplacement de '[PRIX]' par '20,00': AUCUN CHANGEMENT
[2025-04-21 18:21:15] Message final après remplacement: 📣 saber,
Ton Test est prêt mais t’attend toujours ! Des frais de gardiennage s’appliquent 🪙 et après 90j il sera recyclé gratuitement ♻️
📍 Suivi : http://Mdgeek.top/suivi.php?id=631
📞 08 95 79 59 33
🏠 Maison du Geek
[2025-04-21 18:21:15] Tentative d'envoi SMS à 33782962906
[2025-04-21 18:21:15] Résultat de l'envoi: SUCCÈS
[2025-04-21 18:21:15] ====== FIN DEBUG SMS GARDIENNAGE ======
[2025-04-21 18:21:22] ====== DÉBUT DEBUG SMS DEVIS ======
[2025-04-21 18:21:22] Template ID: 8
[2025-04-21 18:21:22] Template nom: En cours de diagnostique
[2025-04-21 18:21:22] Template contenu brut: 👋 Hello [CLIENT_PRENOM],
Votre devis pour le 📱 [APPAREIL_MODELE] est prêt !
🧐 Consultez-le ici :
🔗 http://Mdgeek.top/suivi.php?id=[REPARATION_ID]
📞 Une question ? Appelez-nous au ☎️ 04 93 46 71 63
🏠 Maison du Geek – 📱 08 95 79 59 33
[2025-04-21 18:21:22] Réparation ID: 631
[2025-04-21 18:21:22] Variables à remplacer:
[2025-04-21 18:21:22]   [CLIENT_NOM] => 'guezguez'
[2025-04-21 18:21:22]   [CLIENT_PRENOM] => 'saber'
[2025-04-21 18:21:22]   [CLIENT_TELEPHONE] => '33782962906'
[2025-04-21 18:21:22]   [REPARATION_ID] => '631'
[2025-04-21 18:21:22]   [APPAREIL_TYPE] => 'Informatique'
[2025-04-21 18:21:22]   [APPAREIL_MARQUE] => ''
[2025-04-21 18:21:22]   [APPAREIL_MODELE] => 'Test'
[2025-04-21 18:21:22]   [DATE_RECEPTION] => '19/04/2025'
[2025-04-21 18:21:22]   [DATE_FIN_PREVUE] => 'Non définie'
[2025-04-21 18:21:22]   [PRIX] => '20,00'
[2025-04-21 18:21:22] Message avant remplacement: 👋 Hello [CLIENT_PRENOM],
Votre devis pour le 📱 [APPAREIL_MODELE] est prêt !
🧐 Consultez-le ici :
🔗 http://Mdgeek.top/suivi.php?id=[REPARATION_ID]
📞 Une question ? Appelez-nous au ☎️ 04 93 46 71 63
🏠 Maison du Geek – 📱 08 95 79 59 33
[2025-04-21 18:21:22] Remplacement de '[CLIENT_NOM]' par 'guezguez': AUCUN CHANGEMENT
[2025-04-21 18:21:22] Remplacement de '[CLIENT_PRENOM]' par 'saber': OK
[2025-04-21 18:21:22] Remplacement de '[CLIENT_TELEPHONE]' par '33782962906': AUCUN CHANGEMENT
[2025-04-21 18:21:22] Remplacement de '[REPARATION_ID]' par '631': OK
[2025-04-21 18:21:22] Remplacement de '[APPAREIL_TYPE]' par 'Informatique': AUCUN CHANGEMENT
[2025-04-21 18:21:22] Remplacement de '[APPAREIL_MARQUE]' par '': AUCUN CHANGEMENT
[2025-04-21 18:21:22] Remplacement de '[APPAREIL_MODELE]' par 'Test': OK
[2025-04-21 18:21:22] Remplacement de '[DATE_RECEPTION]' par '19/04/2025': AUCUN CHANGEMENT
[2025-04-21 18:21:22] Remplacement de '[DATE_FIN_PREVUE]' par 'Non définie': AUCUN CHANGEMENT
[2025-04-21 18:21:22] Remplacement de '[PRIX]' par '20,00': AUCUN CHANGEMENT
[2025-04-21 18:21:22] Message final après remplacement: 👋 Hello saber,
Votre devis pour le 📱 Test est prêt !
🧐 Consultez-le ici :
🔗 http://Mdgeek.top/suivi.php?id=631
📞 Une question ? Appelez-nous au ☎️ 04 93 46 71 63
🏠 Maison du Geek – 📱 08 95 79 59 33
[2025-04-21 18:21:22] Tentative d'envoi SMS à 33782962906
[2025-04-21 18:21:22] Résultat de l'envoi: SUCCÈS
[2025-04-21 18:21:22] ====== FIN DEBUG SMS DEVIS ======
[2025-04-21 18:21:22] ====== DÉBUT DEBUG SMS DEVIS ======
[2025-04-21 18:21:22] Template ID: 8
[2025-04-21 18:21:22] Template nom: En cours de diagnostique
[2025-04-21 18:21:22] Template contenu brut: 👋 Hello [CLIENT_PRENOM],
Votre devis pour le 📱 [APPAREIL_MODELE] est prêt !
🧐 Consultez-le ici :
🔗 http://Mdgeek.top/suivi.php?id=[REPARATION_ID]
📞 Une question ? Appelez-nous au ☎️ 04 93 46 71 63
🏠 Maison du Geek – 📱 08 95 79 59 33
[2025-04-21 18:21:22] Réparation ID: 631
[2025-04-21 18:21:22] Variables à remplacer:
[2025-04-21 18:21:22]   [CLIENT_NOM] => 'guezguez'
[2025-04-21 18:21:22]   [CLIENT_PRENOM] => 'saber'
[2025-04-21 18:21:22]   [CLIENT_TELEPHONE] => '33782962906'
[2025-04-21 18:21:22]   [REPARATION_ID] => '631'
[2025-04-21 18:21:22]   [APPAREIL_TYPE] => 'Informatique'
[2025-04-21 18:21:22]   [APPAREIL_MARQUE] => ''
[2025-04-21 18:21:22]   [APPAREIL_MODELE] => 'Test'
[2025-04-21 18:21:22]   [DATE_RECEPTION] => '19/04/2025'
[2025-04-21 18:21:22]   [DATE_FIN_PREVUE] => 'Non définie'
[2025-04-21 18:21:22]   [PRIX] => '20,00'
[2025-04-21 18:21:22] Message avant remplacement: 👋 Hello [CLIENT_PRENOM],
Votre devis pour le 📱 [APPAREIL_MODELE] est prêt !
🧐 Consultez-le ici :
🔗 http://Mdgeek.top/suivi.php?id=[REPARATION_ID]
📞 Une question ? Appelez-nous au ☎️ 04 93 46 71 63
🏠 Maison du Geek – 📱 08 95 79 59 33
[2025-04-21 18:21:22] Remplacement de '[CLIENT_NOM]' par 'guezguez': AUCUN CHANGEMENT
[2025-04-21 18:21:22] Remplacement de '[CLIENT_PRENOM]' par 'saber': OK
[2025-04-21 18:21:22] Remplacement de '[CLIENT_TELEPHONE]' par '33782962906': AUCUN CHANGEMENT
[2025-04-21 18:21:22] Remplacement de '[REPARATION_ID]' par '631': OK
[2025-04-21 18:21:22] Remplacement de '[APPAREIL_TYPE]' par 'Informatique': AUCUN CHANGEMENT
[2025-04-21 18:21:22] Remplacement de '[APPAREIL_MARQUE]' par '': AUCUN CHANGEMENT
[2025-04-21 18:21:22] Remplacement de '[APPAREIL_MODELE]' par 'Test': OK
[2025-04-21 18:21:22] Remplacement de '[DATE_RECEPTION]' par '19/04/2025': AUCUN CHANGEMENT
[2025-04-21 18:21:22] Remplacement de '[DATE_FIN_PREVUE]' par 'Non définie': AUCUN CHANGEMENT
[2025-04-21 18:21:22] Remplacement de '[PRIX]' par '20,00': AUCUN CHANGEMENT
[2025-04-21 18:21:22] Message final après remplacement: 👋 Hello saber,
Votre devis pour le 📱 Test est prêt !
🧐 Consultez-le ici :
🔗 http://Mdgeek.top/suivi.php?id=631
📞 Une question ? Appelez-nous au ☎️ 04 93 46 71 63
🏠 Maison du Geek – 📱 08 95 79 59 33
[2025-04-21 18:21:22] Tentative d'envoi SMS à 33782962906
[2025-04-21 18:21:23] Résultat de l'envoi: SUCCÈS
[2025-04-21 18:21:23] ====== FIN DEBUG SMS DEVIS ======
[2025-04-21 18:22:44] ====== DÉBUT DEBUG SMS ======
[2025-04-21 18:22:44] Template ID: 11
[2025-04-21 18:22:44] Template nom: Restitué
[2025-04-21 18:22:44] Template contenu brut: 🎉 [CLIENT_PRENOM],
Ton [APPAREIL_MODELE] est de retour à la maison ! On espère qu’il est content 🤓
💬 Laisse-nous un petit avis !
⭐ https://g.page/r/Ce-HHwKZjezIEB0/review
🏠 Maison du Geek
📞 08 95 79 59 33

[2025-04-21 18:22:44] Réparation ID: 631
[2025-04-21 18:22:44] Variables à remplacer:
[2025-04-21 18:22:44]   [CLIENT_NOM] => 'guezguez'
[2025-04-21 18:22:44]   [CLIENT_PRENOM] => 'saber'
[2025-04-21 18:22:44]   [CLIENT_TELEPHONE] => '33782962906'
[2025-04-21 18:22:44]   [REPARATION_ID] => '631'
[2025-04-21 18:22:44]   [APPAREIL_TYPE] => 'Informatique'
[2025-04-21 18:22:44]   [APPAREIL_MARQUE] => ''
[2025-04-21 18:22:44]   [APPAREIL_MODELE] => 'Test'
[2025-04-21 18:22:44]   [DATE_RECEPTION] => '19/04/2025'
[2025-04-21 18:22:44]   [DATE_FIN_PREVUE] => 'Non définie'
[2025-04-21 18:22:44]   [PRIX] => '20,00'
[2025-04-21 18:22:44] Message avant remplacement: 🎉 [CLIENT_PRENOM],
Ton [APPAREIL_MODELE] est de retour à la maison ! On espère qu’il est content 🤓
💬 Laisse-nous un petit avis !
⭐ https://g.page/r/Ce-HHwKZjezIEB0/review
🏠 Maison du Geek
📞 08 95 79 59 33

[2025-04-21 18:22:44] Remplacement de '[CLIENT_NOM]' par 'guezguez': AUCUN CHANGEMENT
[2025-04-21 18:22:44] Remplacement de '[CLIENT_PRENOM]' par 'saber': OK
[2025-04-21 18:22:44] Remplacement de '[CLIENT_TELEPHONE]' par '33782962906': AUCUN CHANGEMENT
[2025-04-21 18:22:44] Remplacement de '[REPARATION_ID]' par '631': AUCUN CHANGEMENT
[2025-04-21 18:22:44] Remplacement de '[APPAREIL_TYPE]' par 'Informatique': AUCUN CHANGEMENT
[2025-04-21 18:22:44] Remplacement de '[APPAREIL_MARQUE]' par '': AUCUN CHANGEMENT
[2025-04-21 18:22:44] Remplacement de '[APPAREIL_MODELE]' par 'Test': OK
[2025-04-21 18:22:44] Remplacement de '[DATE_RECEPTION]' par '19/04/2025': AUCUN CHANGEMENT
[2025-04-21 18:22:44] Remplacement de '[DATE_FIN_PREVUE]' par 'Non définie': AUCUN CHANGEMENT
[2025-04-21 18:22:44] Remplacement de '[PRIX]' par '20,00': AUCUN CHANGEMENT
[2025-04-21 18:22:44] Message final après remplacement: 🎉 saber,
Ton Test est de retour à la maison ! On espère qu’il est content 🤓
💬 Laisse-nous un petit avis !
⭐ https://g.page/r/Ce-HHwKZjezIEB0/review
🏠 Maison du Geek
📞 08 95 79 59 33

[2025-04-21 18:22:44] Tentative d'envoi SMS à 33782962906
[2025-04-21 18:22:44] Résultat de l'envoi: SUCCÈS
[2025-04-21 18:22:44] ====== FIN DEBUG SMS ======
[2025-04-21 18:25:32] ====== DÉBUT DEBUG SMS ======
[2025-04-21 18:25:32] Template ID: 2
[2025-04-21 18:25:32] Template nom: Réparation terminée
[2025-04-21 18:25:32] Template contenu brut: [CLIENT_PRENOM], votre [APPAREIL_MODELE] est prêt ! Il vous attend pour retrouver une vie normale. 🥳
🧾 Suivi : http://Mdgeek.top/suivi.php?id=[REPARATION_ID]
Maison du Geek – 08 95 79 59 33
[2025-04-21 18:25:32] Réparation ID: 632
[2025-04-21 18:25:32] Variables à remplacer:
[2025-04-21 18:25:32]   [CLIENT_NOM] => 'Guellim'
[2025-04-21 18:25:32]   [CLIENT_PRENOM] => 'Wajdi'
[2025-04-21 18:25:32]   [CLIENT_TELEPHONE] => '33665495221'
[2025-04-21 18:25:32]   [REPARATION_ID] => '632'
[2025-04-21 18:25:32]   [APPAREIL_TYPE] => 'Informatique'
[2025-04-21 18:25:32]   [APPAREIL_MARQUE] => ''
[2025-04-21 18:25:32]   [APPAREIL_MODELE] => 'iPhone 11'
[2025-04-21 18:25:32]   [DATE_RECEPTION] => '20/04/2025'
[2025-04-21 18:25:32]   [DATE_FIN_PREVUE] => 'Non définie'
[2025-04-21 18:25:32]   [PRIX] => '80,00'
[2025-04-21 18:25:32] Message avant remplacement: [CLIENT_PRENOM], votre [APPAREIL_MODELE] est prêt ! Il vous attend pour retrouver une vie normale. 🥳
🧾 Suivi : http://Mdgeek.top/suivi.php?id=[REPARATION_ID]
Maison du Geek – 08 95 79 59 33
[2025-04-21 18:25:32] Remplacement de '[CLIENT_NOM]' par 'Guellim': AUCUN CHANGEMENT
[2025-04-21 18:25:32] Remplacement de '[CLIENT_PRENOM]' par 'Wajdi': OK
[2025-04-21 18:25:32] Remplacement de '[CLIENT_TELEPHONE]' par '33665495221': AUCUN CHANGEMENT
[2025-04-21 18:25:32] Remplacement de '[REPARATION_ID]' par '632': OK
[2025-04-21 18:25:32] Remplacement de '[APPAREIL_TYPE]' par 'Informatique': AUCUN CHANGEMENT
[2025-04-21 18:25:32] Remplacement de '[APPAREIL_MARQUE]' par '': AUCUN CHANGEMENT
[2025-04-21 18:25:32] Remplacement de '[APPAREIL_MODELE]' par 'iPhone 11': OK
[2025-04-21 18:25:32] Remplacement de '[DATE_RECEPTION]' par '20/04/2025': AUCUN CHANGEMENT
[2025-04-21 18:25:32] Remplacement de '[DATE_FIN_PREVUE]' par 'Non définie': AUCUN CHANGEMENT
[2025-04-21 18:25:32] Remplacement de '[PRIX]' par '80,00': AUCUN CHANGEMENT
[2025-04-21 18:25:32] Message final après remplacement: Wajdi, votre iPhone 11 est prêt ! Il vous attend pour retrouver une vie normale. 🥳
🧾 Suivi : http://Mdgeek.top/suivi.php?id=632
Maison du Geek – 08 95 79 59 33
[2025-04-21 18:25:32] Tentative d'envoi SMS à 33665495221
[2025-04-21 18:25:33] Résultat de l'envoi: SUCCÈS
[2025-04-21 18:25:33] ====== FIN DEBUG SMS ======
[2025-04-21 23:04:27] ====== DÉBUT DEBUG SMS DEVIS ======
[2025-04-21 23:04:27] Template ID: 8
[2025-04-21 23:04:27] Template nom: En cours de diagnostique
[2025-04-21 23:04:27] Template contenu brut: 👋 Hello [CLIENT_PRENOM],
Votre devis pour le 📱 [APPAREIL_MODELE] est prêt !
🧐 Consultez-le ici :
🔗 http://Mdgeek.top/suivi.php?id=[REPARATION_ID]
📞 Une question ? Appelez-nous au ☎️ 04 93 46 71 63
🏠 Maison du Geek – 📱 08 95 79 59 33
[2025-04-21 23:04:27] Réparation ID: 636
[2025-04-21 23:04:27] Variables à remplacer:
[2025-04-21 23:04:27]   [CLIENT_NOM] => 'guezguez'
[2025-04-21 23:04:27]   [CLIENT_PRENOM] => 'saber'
[2025-04-21 23:04:27]   [CLIENT_TELEPHONE] => '33782962906'
[2025-04-21 23:04:27]   [REPARATION_ID] => '636'
[2025-04-21 23:04:27]   [APPAREIL_TYPE] => 'Informatique'
[2025-04-21 23:04:27]   [APPAREIL_MARQUE] => ''
[2025-04-21 23:04:27]   [APPAREIL_MODELE] => 'Test'
[2025-04-21 23:04:27]   [DATE_RECEPTION] => '21/04/2025'
[2025-04-21 23:04:27]   [DATE_FIN_PREVUE] => 'Non définie'
[2025-04-21 23:04:27]   [PRIX] => '79,00'
[2025-04-21 23:04:27] Message avant remplacement: 👋 Hello [CLIENT_PRENOM],
Votre devis pour le 📱 [APPAREIL_MODELE] est prêt !
🧐 Consultez-le ici :
🔗 http://Mdgeek.top/suivi.php?id=[REPARATION_ID]
📞 Une question ? Appelez-nous au ☎️ 04 93 46 71 63
🏠 Maison du Geek – 📱 08 95 79 59 33
[2025-04-21 23:04:27] Remplacement de '[CLIENT_NOM]' par 'guezguez': AUCUN CHANGEMENT
[2025-04-21 23:04:27] Remplacement de '[CLIENT_PRENOM]' par 'saber': OK
[2025-04-21 23:04:27] Remplacement de '[CLIENT_TELEPHONE]' par '33782962906': AUCUN CHANGEMENT
[2025-04-21 23:04:27] Remplacement de '[REPARATION_ID]' par '636': OK
[2025-04-21 23:04:27] Remplacement de '[APPAREIL_TYPE]' par 'Informatique': AUCUN CHANGEMENT
[2025-04-21 23:04:27] Remplacement de '[APPAREIL_MARQUE]' par '': AUCUN CHANGEMENT
[2025-04-21 23:04:27] Remplacement de '[APPAREIL_MODELE]' par 'Test': OK
[2025-04-21 23:04:27] Remplacement de '[DATE_RECEPTION]' par '21/04/2025': AUCUN CHANGEMENT
[2025-04-21 23:04:27] Remplacement de '[DATE_FIN_PREVUE]' par 'Non définie': AUCUN CHANGEMENT
[2025-04-21 23:04:27] Remplacement de '[PRIX]' par '79,00': AUCUN CHANGEMENT
[2025-04-21 23:04:27] Message final après remplacement: 👋 Hello saber,
Votre devis pour le 📱 Test est prêt !
🧐 Consultez-le ici :
🔗 http://Mdgeek.top/suivi.php?id=636
📞 Une question ? Appelez-nous au ☎️ 04 93 46 71 63
🏠 Maison du Geek – 📱 08 95 79 59 33
[2025-04-21 23:04:27] Tentative d'envoi SMS à 33782962906
[2025-04-21 23:04:27] Résultat de l'envoi: SUCCÈS
[2025-04-21 23:04:27] ====== FIN DEBUG SMS DEVIS ======
[2025-04-21 23:04:43] ====== DÉBUT DEBUG SMS GARDIENNAGE ======
[2025-04-21 23:04:43] Template ID: 12
[2025-04-21 23:04:43] Template nom: Gardiennage
[2025-04-21 23:04:43] Template contenu brut: 📣 [CLIENT_PRENOM],
Ton [APPAREIL_MODELE] est prêt mais t’attend toujours ! Des frais de gardiennage s’appliquent 🪙 et après 90j il sera recyclé gratuitement ♻️
📍 Suivi : http://Mdgeek.top/suivi.php?id=[REPARATION_ID]
📞 08 95 79 59 33
🏠 Maison du Geek
[2025-04-21 23:04:43] Réparation ID: 636
[2025-04-21 23:04:43] Variables à remplacer:
[2025-04-21 23:04:43]   [CLIENT_NOM] => 'guezguez'
[2025-04-21 23:04:43]   [CLIENT_PRENOM] => 'saber'
[2025-04-21 23:04:43]   [CLIENT_TELEPHONE] => '33782962906'
[2025-04-21 23:04:43]   [REPARATION_ID] => '636'
[2025-04-21 23:04:43]   [APPAREIL_TYPE] => 'Informatique'
[2025-04-21 23:04:43]   [APPAREIL_MARQUE] => ''
[2025-04-21 23:04:43]   [APPAREIL_MODELE] => 'Test'
[2025-04-21 23:04:43]   [DATE_RECEPTION] => '21/04/2025'
[2025-04-21 23:04:43]   [DATE_FIN_PREVUE] => 'Non définie'
[2025-04-21 23:04:43]   [PRIX] => '79,00'
[2025-04-21 23:04:43] Message avant remplacement: 📣 [CLIENT_PRENOM],
Ton [APPAREIL_MODELE] est prêt mais t’attend toujours ! Des frais de gardiennage s’appliquent 🪙 et après 90j il sera recyclé gratuitement ♻️
📍 Suivi : http://Mdgeek.top/suivi.php?id=[REPARATION_ID]
📞 08 95 79 59 33
🏠 Maison du Geek
[2025-04-21 23:04:43] Remplacement de '[CLIENT_NOM]' par 'guezguez': AUCUN CHANGEMENT
[2025-04-21 23:04:43] Remplacement de '[CLIENT_PRENOM]' par 'saber': OK
[2025-04-21 23:04:43] Remplacement de '[CLIENT_TELEPHONE]' par '33782962906': AUCUN CHANGEMENT
[2025-04-21 23:04:43] Remplacement de '[REPARATION_ID]' par '636': OK
[2025-04-21 23:04:43] Remplacement de '[APPAREIL_TYPE]' par 'Informatique': AUCUN CHANGEMENT
[2025-04-21 23:04:43] Remplacement de '[APPAREIL_MARQUE]' par '': AUCUN CHANGEMENT
[2025-04-21 23:04:43] Remplacement de '[APPAREIL_MODELE]' par 'Test': OK
[2025-04-21 23:04:43] Remplacement de '[DATE_RECEPTION]' par '21/04/2025': AUCUN CHANGEMENT
[2025-04-21 23:04:43] Remplacement de '[DATE_FIN_PREVUE]' par 'Non définie': AUCUN CHANGEMENT
[2025-04-21 23:04:43] Remplacement de '[PRIX]' par '79,00': AUCUN CHANGEMENT
[2025-04-21 23:04:43] Message final après remplacement: 📣 saber,
Ton Test est prêt mais t’attend toujours ! Des frais de gardiennage s’appliquent 🪙 et après 90j il sera recyclé gratuitement ♻️
📍 Suivi : http://Mdgeek.top/suivi.php?id=636
📞 08 95 79 59 33
🏠 Maison du Geek
[2025-04-21 23:04:43] Tentative d'envoi SMS à 33782962906
[2025-04-21 23:04:43] Résultat de l'envoi: SUCCÈS
[2025-04-21 23:04:43] ====== FIN DEBUG SMS GARDIENNAGE ======
[2025-04-21 23:05:27] ====== DÉBUT DEBUG SMS ======
[2025-04-21 23:05:27] Template ID: 11
[2025-04-21 23:05:27] Template nom: Restitué
[2025-04-21 23:05:27] Template contenu brut: 🎉 [CLIENT_PRENOM],
Ton [APPAREIL_MODELE] est de retour à la maison ! On espère qu’il est content 🤓
💬 Laisse-nous un petit avis !
⭐ https://g.page/r/Ce-HHwKZjezIEB0/review
🏠 Maison du Geek
📞 08 95 79 59 33

[2025-04-21 23:05:27] Réparation ID: 635
[2025-04-21 23:05:27] Variables à remplacer:
[2025-04-21 23:05:27]   [CLIENT_NOM] => 'guezguez'
[2025-04-21 23:05:27]   [CLIENT_PRENOM] => 'saber'
[2025-04-21 23:05:27]   [CLIENT_TELEPHONE] => '33782962906'
[2025-04-21 23:05:27]   [REPARATION_ID] => '635'
[2025-04-21 23:05:27]   [APPAREIL_TYPE] => 'Informatique'
[2025-04-21 23:05:27]   [APPAREIL_MARQUE] => ''
[2025-04-21 23:05:27]   [APPAREIL_MODELE] => 'Test'
[2025-04-21 23:05:27]   [DATE_RECEPTION] => '21/04/2025'
[2025-04-21 23:05:27]   [DATE_FIN_PREVUE] => 'Non définie'
[2025-04-21 23:05:27]   [PRIX] => '189,00'
[2025-04-21 23:05:27] Message avant remplacement: 🎉 [CLIENT_PRENOM],
Ton [APPAREIL_MODELE] est de retour à la maison ! On espère qu’il est content 🤓
💬 Laisse-nous un petit avis !
⭐ https://g.page/r/Ce-HHwKZjezIEB0/review
🏠 Maison du Geek
📞 08 95 79 59 33

[2025-04-21 23:05:27] Remplacement de '[CLIENT_NOM]' par 'guezguez': AUCUN CHANGEMENT
[2025-04-21 23:05:27] Remplacement de '[CLIENT_PRENOM]' par 'saber': OK
[2025-04-21 23:05:27] Remplacement de '[CLIENT_TELEPHONE]' par '33782962906': AUCUN CHANGEMENT
[2025-04-21 23:05:27] Remplacement de '[REPARATION_ID]' par '635': AUCUN CHANGEMENT
[2025-04-21 23:05:27] Remplacement de '[APPAREIL_TYPE]' par 'Informatique': AUCUN CHANGEMENT
[2025-04-21 23:05:27] Remplacement de '[APPAREIL_MARQUE]' par '': AUCUN CHANGEMENT
[2025-04-21 23:05:27] Remplacement de '[APPAREIL_MODELE]' par 'Test': OK
[2025-04-21 23:05:27] Remplacement de '[DATE_RECEPTION]' par '21/04/2025': AUCUN CHANGEMENT
[2025-04-21 23:05:27] Remplacement de '[DATE_FIN_PREVUE]' par 'Non définie': AUCUN CHANGEMENT
[2025-04-21 23:05:27] Remplacement de '[PRIX]' par '189,00': AUCUN CHANGEMENT
[2025-04-21 23:05:27] Message final après remplacement: 🎉 saber,
Ton Test est de retour à la maison ! On espère qu’il est content 🤓
💬 Laisse-nous un petit avis !
⭐ https://g.page/r/Ce-HHwKZjezIEB0/review
🏠 Maison du Geek
📞 08 95 79 59 33

[2025-04-21 23:05:27] Tentative d'envoi SMS à 33782962906
[2025-04-21 23:05:27] Résultat de l'envoi: SUCCÈS
[2025-04-21 23:05:27] ====== FIN DEBUG SMS ======
[2025-04-21 23:05:39] ====== DÉBUT DEBUG SMS DEVIS ======
[2025-04-21 23:05:39] Template ID: 8
[2025-04-21 23:05:39] Template nom: En cours de diagnostique
[2025-04-21 23:05:39] Template contenu brut: 👋 Hello [CLIENT_PRENOM],
Votre devis pour le 📱 [APPAREIL_MODELE] est prêt !
🧐 Consultez-le ici :
🔗 http://Mdgeek.top/suivi.php?id=[REPARATION_ID]
📞 Une question ? Appelez-nous au ☎️ 04 93 46 71 63
🏠 Maison du Geek – 📱 08 95 79 59 33
[2025-04-21 23:05:39] Réparation ID: 634
[2025-04-21 23:05:39] Variables à remplacer:
[2025-04-21 23:05:39]   [CLIENT_NOM] => 'guezguez'
[2025-04-21 23:05:39]   [CLIENT_PRENOM] => 'saber'
[2025-04-21 23:05:39]   [CLIENT_TELEPHONE] => '33782962906'
[2025-04-21 23:05:39]   [REPARATION_ID] => '634'
[2025-04-21 23:05:39]   [APPAREIL_TYPE] => 'Informatique'
[2025-04-21 23:05:39]   [APPAREIL_MARQUE] => ''
[2025-04-21 23:05:39]   [APPAREIL_MODELE] => 'Test'
[2025-04-21 23:05:39]   [DATE_RECEPTION] => '21/04/2025'
[2025-04-21 23:05:39]   [DATE_FIN_PREVUE] => 'Non définie'
[2025-04-21 23:05:39]   [PRIX] => '80,00'
[2025-04-21 23:05:39] Message avant remplacement: 👋 Hello [CLIENT_PRENOM],
Votre devis pour le 📱 [APPAREIL_MODELE] est prêt !
🧐 Consultez-le ici :
🔗 http://Mdgeek.top/suivi.php?id=[REPARATION_ID]
📞 Une question ? Appelez-nous au ☎️ 04 93 46 71 63
🏠 Maison du Geek – 📱 08 95 79 59 33
[2025-04-21 23:05:39] Remplacement de '[CLIENT_NOM]' par 'guezguez': AUCUN CHANGEMENT
[2025-04-21 23:05:39] Remplacement de '[CLIENT_PRENOM]' par 'saber': OK
[2025-04-21 23:05:39] Remplacement de '[CLIENT_TELEPHONE]' par '33782962906': AUCUN CHANGEMENT
[2025-04-21 23:05:39] Remplacement de '[REPARATION_ID]' par '634': OK
[2025-04-21 23:05:39] Remplacement de '[APPAREIL_TYPE]' par 'Informatique': AUCUN CHANGEMENT
[2025-04-21 23:05:39] Remplacement de '[APPAREIL_MARQUE]' par '': AUCUN CHANGEMENT
[2025-04-21 23:05:39] Remplacement de '[APPAREIL_MODELE]' par 'Test': OK
[2025-04-21 23:05:39] Remplacement de '[DATE_RECEPTION]' par '21/04/2025': AUCUN CHANGEMENT
[2025-04-21 23:05:39] Remplacement de '[DATE_FIN_PREVUE]' par 'Non définie': AUCUN CHANGEMENT
[2025-04-21 23:05:39] Remplacement de '[PRIX]' par '80,00': AUCUN CHANGEMENT
[2025-04-21 23:05:39] Message final après remplacement: 👋 Hello saber,
Votre devis pour le 📱 Test est prêt !
🧐 Consultez-le ici :
🔗 http://Mdgeek.top/suivi.php?id=634
📞 Une question ? Appelez-nous au ☎️ 04 93 46 71 63
🏠 Maison du Geek – 📱 08 95 79 59 33
[2025-04-21 23:05:39] Tentative d'envoi SMS à 33782962906
[2025-04-21 23:05:39] Résultat de l'envoi: SUCCÈS
[2025-04-21 23:05:39] ====== FIN DEBUG SMS DEVIS ======
[2025-04-21 23:06:31] ====== DÉBUT DEBUG SMS DEVIS ======
[2025-04-21 23:06:31] Template ID: 8
[2025-04-21 23:06:31] Template nom: En cours de diagnostique
[2025-04-21 23:06:31] Template contenu brut: 👋 Hello [CLIENT_PRENOM],
Votre devis pour le 📱 [APPAREIL_MODELE] est prêt !
🧐 Consultez-le ici :
🔗 http://Mdgeek.top/suivi.php?id=[REPARATION_ID]
📞 Une question ? Appelez-nous au ☎️ 04 93 46 71 63
🏠 Maison du Geek – 📱 08 95 79 59 33
[2025-04-21 23:06:31] Réparation ID: 634
[2025-04-21 23:06:31] Variables à remplacer:
[2025-04-21 23:06:31]   [CLIENT_NOM] => 'guezguez'
[2025-04-21 23:06:31]   [CLIENT_PRENOM] => 'saber'
[2025-04-21 23:06:31]   [CLIENT_TELEPHONE] => '33782962906'
[2025-04-21 23:06:31]   [REPARATION_ID] => '634'
[2025-04-21 23:06:31]   [APPAREIL_TYPE] => 'Informatique'
[2025-04-21 23:06:31]   [APPAREIL_MARQUE] => ''
[2025-04-21 23:06:31]   [APPAREIL_MODELE] => 'Test'
[2025-04-21 23:06:31]   [DATE_RECEPTION] => '21/04/2025'
[2025-04-21 23:06:31]   [DATE_FIN_PREVUE] => 'Non définie'
[2025-04-21 23:06:31]   [PRIX] => '80,00'
[2025-04-21 23:06:31] Message avant remplacement: 👋 Hello [CLIENT_PRENOM],
Votre devis pour le 📱 [APPAREIL_MODELE] est prêt !
🧐 Consultez-le ici :
🔗 http://Mdgeek.top/suivi.php?id=[REPARATION_ID]
📞 Une question ? Appelez-nous au ☎️ 04 93 46 71 63
🏠 Maison du Geek – 📱 08 95 79 59 33
[2025-04-21 23:06:31] Remplacement de '[CLIENT_NOM]' par 'guezguez': AUCUN CHANGEMENT
[2025-04-21 23:06:31] Remplacement de '[CLIENT_PRENOM]' par 'saber': OK
[2025-04-21 23:06:31] Remplacement de '[CLIENT_TELEPHONE]' par '33782962906': AUCUN CHANGEMENT
[2025-04-21 23:06:31] Remplacement de '[REPARATION_ID]' par '634': OK
[2025-04-21 23:06:31] Remplacement de '[APPAREIL_TYPE]' par 'Informatique': AUCUN CHANGEMENT
[2025-04-21 23:06:31] Remplacement de '[APPAREIL_MARQUE]' par '': AUCUN CHANGEMENT
[2025-04-21 23:06:31] Remplacement de '[APPAREIL_MODELE]' par 'Test': OK
[2025-04-21 23:06:31] Remplacement de '[DATE_RECEPTION]' par '21/04/2025': AUCUN CHANGEMENT
[2025-04-21 23:06:31] Remplacement de '[DATE_FIN_PREVUE]' par 'Non définie': AUCUN CHANGEMENT
[2025-04-21 23:06:31] Remplacement de '[PRIX]' par '80,00': AUCUN CHANGEMENT
[2025-04-21 23:06:31] Message final après remplacement: 👋 Hello saber,
Votre devis pour le 📱 Test est prêt !
🧐 Consultez-le ici :
🔗 http://Mdgeek.top/suivi.php?id=634
📞 Une question ? Appelez-nous au ☎️ 04 93 46 71 63
🏠 Maison du Geek – 📱 08 95 79 59 33
[2025-04-21 23:06:31] Tentative d'envoi SMS à 33782962906
[2025-04-21 23:06:31] Résultat de l'envoi: SUCCÈS
[2025-04-21 23:06:31] ====== FIN DEBUG SMS DEVIS ======
[2025-04-21 23:06:43] ====== DÉBUT DEBUG SMS GARDIENNAGE ======
[2025-04-21 23:06:43] Template ID: 12
[2025-04-21 23:06:43] Template nom: Gardiennage
[2025-04-21 23:06:43] Template contenu brut: 📣 [CLIENT_PRENOM],
Ton [APPAREIL_MODELE] est prêt mais t’attend toujours ! Des frais de gardiennage s’appliquent 🪙 et après 90j il sera recyclé gratuitement ♻️
📍 Suivi : http://Mdgeek.top/suivi.php?id=[REPARATION_ID]
📞 08 95 79 59 33
🏠 Maison du Geek
[2025-04-21 23:06:43] Réparation ID: 634
[2025-04-21 23:06:43] Variables à remplacer:
[2025-04-21 23:06:43]   [CLIENT_NOM] => 'guezguez'
[2025-04-21 23:06:43]   [CLIENT_PRENOM] => 'saber'
[2025-04-21 23:06:43]   [CLIENT_TELEPHONE] => '33782962906'
[2025-04-21 23:06:43]   [REPARATION_ID] => '634'
[2025-04-21 23:06:43]   [APPAREIL_TYPE] => 'Informatique'
[2025-04-21 23:06:43]   [APPAREIL_MARQUE] => ''
[2025-04-21 23:06:43]   [APPAREIL_MODELE] => 'Test'
[2025-04-21 23:06:43]   [DATE_RECEPTION] => '21/04/2025'
[2025-04-21 23:06:43]   [DATE_FIN_PREVUE] => 'Non définie'
[2025-04-21 23:06:43]   [PRIX] => '80,00'
[2025-04-21 23:06:43] Message avant remplacement: 📣 [CLIENT_PRENOM],
Ton [APPAREIL_MODELE] est prêt mais t’attend toujours ! Des frais de gardiennage s’appliquent 🪙 et après 90j il sera recyclé gratuitement ♻️
📍 Suivi : http://Mdgeek.top/suivi.php?id=[REPARATION_ID]
📞 08 95 79 59 33
🏠 Maison du Geek
[2025-04-21 23:06:43] Remplacement de '[CLIENT_NOM]' par 'guezguez': AUCUN CHANGEMENT
[2025-04-21 23:06:43] Remplacement de '[CLIENT_PRENOM]' par 'saber': OK
[2025-04-21 23:06:43] Remplacement de '[CLIENT_TELEPHONE]' par '33782962906': AUCUN CHANGEMENT
[2025-04-21 23:06:43] Remplacement de '[REPARATION_ID]' par '634': OK
[2025-04-21 23:06:43] Remplacement de '[APPAREIL_TYPE]' par 'Informatique': AUCUN CHANGEMENT
[2025-04-21 23:06:43] Remplacement de '[APPAREIL_MARQUE]' par '': AUCUN CHANGEMENT
[2025-04-21 23:06:43] Remplacement de '[APPAREIL_MODELE]' par 'Test': OK
[2025-04-21 23:06:43] Remplacement de '[DATE_RECEPTION]' par '21/04/2025': AUCUN CHANGEMENT
[2025-04-21 23:06:43] Remplacement de '[DATE_FIN_PREVUE]' par 'Non définie': AUCUN CHANGEMENT
[2025-04-21 23:06:43] Remplacement de '[PRIX]' par '80,00': AUCUN CHANGEMENT
[2025-04-21 23:06:43] Message final après remplacement: 📣 saber,
Ton Test est prêt mais t’attend toujours ! Des frais de gardiennage s’appliquent 🪙 et après 90j il sera recyclé gratuitement ♻️
📍 Suivi : http://Mdgeek.top/suivi.php?id=634
📞 08 95 79 59 33
🏠 Maison du Geek
[2025-04-21 23:06:43] Tentative d'envoi SMS à 33782962906
[2025-04-21 23:06:43] Résultat de l'envoi: SUCCÈS
[2025-04-21 23:06:43] ====== FIN DEBUG SMS GARDIENNAGE ======
[2025-04-21 23:13:42] ====== DÉBUT DEBUG SMS GARDIENNAGE ======
[2025-04-21 23:13:42] Template ID: 12
[2025-04-21 23:13:42] Template nom: Gardiennage
[2025-04-21 23:13:42] Template contenu brut: 📣 [CLIENT_PRENOM],
Ton [APPAREIL_MODELE] est prêt mais t’attend toujours ! Des frais de gardiennage s’appliquent 🪙 et après 90j il sera recyclé gratuitement ♻️
📍 Suivi : http://Mdgeek.top/suivi.php?id=[REPARATION_ID]
📞 08 95 79 59 33
🏠 Maison du Geek
[2025-04-21 23:13:42] Réparation ID: 636
[2025-04-21 23:13:42] Variables à remplacer:
[2025-04-21 23:13:42]   [CLIENT_NOM] => 'guezguez'
[2025-04-21 23:13:42]   [CLIENT_PRENOM] => 'saber'
[2025-04-21 23:13:42]   [CLIENT_TELEPHONE] => '33782962906'
[2025-04-21 23:13:42]   [REPARATION_ID] => '636'
[2025-04-21 23:13:42]   [APPAREIL_TYPE] => 'Informatique'
[2025-04-21 23:13:42]   [APPAREIL_MARQUE] => ''
[2025-04-21 23:13:42]   [APPAREIL_MODELE] => 'Test'
[2025-04-21 23:13:42]   [DATE_RECEPTION] => '21/04/2025'
[2025-04-21 23:13:42]   [DATE_FIN_PREVUE] => 'Non définie'
[2025-04-21 23:13:42]   [PRIX] => '79,00'
[2025-04-21 23:13:42] Message avant remplacement: 📣 [CLIENT_PRENOM],
Ton [APPAREIL_MODELE] est prêt mais t’attend toujours ! Des frais de gardiennage s’appliquent 🪙 et après 90j il sera recyclé gratuitement ♻️
📍 Suivi : http://Mdgeek.top/suivi.php?id=[REPARATION_ID]
📞 08 95 79 59 33
🏠 Maison du Geek
[2025-04-21 23:13:42] Remplacement de '[CLIENT_NOM]' par 'guezguez': AUCUN CHANGEMENT
[2025-04-21 23:13:42] Remplacement de '[CLIENT_PRENOM]' par 'saber': OK
[2025-04-21 23:13:42] Remplacement de '[CLIENT_TELEPHONE]' par '33782962906': AUCUN CHANGEMENT
[2025-04-21 23:13:42] Remplacement de '[REPARATION_ID]' par '636': OK
[2025-04-21 23:13:42] Remplacement de '[APPAREIL_TYPE]' par 'Informatique': AUCUN CHANGEMENT
[2025-04-21 23:13:42] Remplacement de '[APPAREIL_MARQUE]' par '': AUCUN CHANGEMENT
[2025-04-21 23:13:42] Remplacement de '[APPAREIL_MODELE]' par 'Test': OK
[2025-04-21 23:13:42] Remplacement de '[DATE_RECEPTION]' par '21/04/2025': AUCUN CHANGEMENT
[2025-04-21 23:13:42] Remplacement de '[DATE_FIN_PREVUE]' par 'Non définie': AUCUN CHANGEMENT
[2025-04-21 23:13:42] Remplacement de '[PRIX]' par '79,00': AUCUN CHANGEMENT
[2025-04-21 23:13:42] Message final après remplacement: 📣 saber,
Ton Test est prêt mais t’attend toujours ! Des frais de gardiennage s’appliquent 🪙 et après 90j il sera recyclé gratuitement ♻️
📍 Suivi : http://Mdgeek.top/suivi.php?id=636
📞 08 95 79 59 33
🏠 Maison du Geek
[2025-04-21 23:13:42] Tentative d'envoi SMS à 33782962906
[2025-04-21 23:13:42] Résultat de l'envoi: SUCCÈS
[2025-04-21 23:13:42] ====== FIN DEBUG SMS GARDIENNAGE ======
[2025-04-21 23:30:50] ====== DÉBUT DEBUG SMS DEVIS ======
[2025-04-21 23:30:50] Template ID: 8
[2025-04-21 23:30:50] Template nom: En cours de diagnostique
[2025-04-21 23:30:50] Template contenu brut: 👋 Hello [CLIENT_PRENOM],
Votre devis pour le 📱 [APPAREIL_MODELE] est prêt !
🧐 Consultez-le ici :
🔗 http://Mdgeek.top/suivi.php?id=[REPARATION_ID]
📞 Une question ? Appelez-nous au ☎️ 04 93 46 71 63
🏠 Maison du Geek – 📱 08 95 79 59 33
[2025-04-21 23:30:50] Réparation ID: 634
[2025-04-21 23:30:50] Variables à remplacer:
[2025-04-21 23:30:50]   [CLIENT_NOM] => 'guezguez'
[2025-04-21 23:30:50]   [CLIENT_PRENOM] => 'saber'
[2025-04-21 23:30:50]   [CLIENT_TELEPHONE] => '33782962906'
[2025-04-21 23:30:50]   [REPARATION_ID] => '634'
[2025-04-21 23:30:50]   [APPAREIL_TYPE] => 'Informatique'
[2025-04-21 23:30:50]   [APPAREIL_MARQUE] => ''
[2025-04-21 23:30:50]   [APPAREIL_MODELE] => 'Test'
[2025-04-21 23:30:50]   [DATE_RECEPTION] => '21/04/2025'
[2025-04-21 23:30:50]   [DATE_FIN_PREVUE] => 'Non définie'
[2025-04-21 23:30:50]   [PRIX] => '80,00'
[2025-04-21 23:30:50] Message avant remplacement: 👋 Hello [CLIENT_PRENOM],
Votre devis pour le 📱 [APPAREIL_MODELE] est prêt !
🧐 Consultez-le ici :
🔗 http://Mdgeek.top/suivi.php?id=[REPARATION_ID]
📞 Une question ? Appelez-nous au ☎️ 04 93 46 71 63
🏠 Maison du Geek – 📱 08 95 79 59 33
[2025-04-21 23:30:50] Remplacement de '[CLIENT_NOM]' par 'guezguez': AUCUN CHANGEMENT
[2025-04-21 23:30:50] Remplacement de '[CLIENT_PRENOM]' par 'saber': OK
[2025-04-21 23:30:50] Remplacement de '[CLIENT_TELEPHONE]' par '33782962906': AUCUN CHANGEMENT
[2025-04-21 23:30:50] Remplacement de '[REPARATION_ID]' par '634': OK
[2025-04-21 23:30:50] Remplacement de '[APPAREIL_TYPE]' par 'Informatique': AUCUN CHANGEMENT
[2025-04-21 23:30:50] Remplacement de '[APPAREIL_MARQUE]' par '': AUCUN CHANGEMENT
[2025-04-21 23:30:50] Remplacement de '[APPAREIL_MODELE]' par 'Test': OK
[2025-04-21 23:30:50] Remplacement de '[DATE_RECEPTION]' par '21/04/2025': AUCUN CHANGEMENT
[2025-04-21 23:30:50] Remplacement de '[DATE_FIN_PREVUE]' par 'Non définie': AUCUN CHANGEMENT
[2025-04-21 23:30:50] Remplacement de '[PRIX]' par '80,00': AUCUN CHANGEMENT
[2025-04-21 23:30:50] Message final après remplacement: 👋 Hello saber,
Votre devis pour le 📱 Test est prêt !
🧐 Consultez-le ici :
🔗 http://Mdgeek.top/suivi.php?id=634
📞 Une question ? Appelez-nous au ☎️ 04 93 46 71 63
🏠 Maison du Geek – 📱 08 95 79 59 33
[2025-04-21 23:30:50] Tentative d'envoi SMS à 33782962906
[2025-04-21 23:30:50] Résultat de l'envoi: SUCCÈS
[2025-04-21 23:30:50] ====== FIN DEBUG SMS DEVIS ======
[2025-04-21 23:56:51] ====== DÉBUT DEBUG SMS ======
[2025-04-21 23:56:51] Template ID: 11
[2025-04-21 23:56:51] Template nom: Restitué
[2025-04-21 23:56:51] Template contenu brut: 🎉 [CLIENT_PRENOM],
Ton [APPAREIL_MODELE] est de retour à la maison ! On espère qu’il est content 🤓
💬 Laisse-nous un petit avis !
⭐ https://g.page/r/Ce-HHwKZjezIEB0/review
🏠 Maison du Geek
📞 08 95 79 59 33

[2025-04-21 23:56:51] Réparation ID: 636
[2025-04-21 23:56:51] Variables à remplacer:
[2025-04-21 23:56:51]   [CLIENT_NOM] => 'guezguez'
[2025-04-21 23:56:51]   [CLIENT_PRENOM] => 'saber'
[2025-04-21 23:56:51]   [CLIENT_TELEPHONE] => '33782962906'
[2025-04-21 23:56:51]   [REPARATION_ID] => '636'
[2025-04-21 23:56:51]   [APPAREIL_TYPE] => 'Informatique'
[2025-04-21 23:56:51]   [APPAREIL_MARQUE] => ''
[2025-04-21 23:56:51]   [APPAREIL_MODELE] => 'Test'
[2025-04-21 23:56:51]   [DATE_RECEPTION] => '21/04/2025'
[2025-04-21 23:56:51]   [DATE_FIN_PREVUE] => 'Non définie'
[2025-04-21 23:56:51]   [PRIX] => '79,00'
[2025-04-21 23:56:51] Message avant remplacement: 🎉 [CLIENT_PRENOM],
Ton [APPAREIL_MODELE] est de retour à la maison ! On espère qu’il est content 🤓
💬 Laisse-nous un petit avis !
⭐ https://g.page/r/Ce-HHwKZjezIEB0/review
🏠 Maison du Geek
📞 08 95 79 59 33

[2025-04-21 23:56:51] Remplacement de '[CLIENT_NOM]' par 'guezguez': AUCUN CHANGEMENT
[2025-04-21 23:56:51] Remplacement de '[CLIENT_PRENOM]' par 'saber': OK
[2025-04-21 23:56:51] Remplacement de '[CLIENT_TELEPHONE]' par '33782962906': AUCUN CHANGEMENT
[2025-04-21 23:56:51] Remplacement de '[REPARATION_ID]' par '636': AUCUN CHANGEMENT
[2025-04-21 23:56:51] Remplacement de '[APPAREIL_TYPE]' par 'Informatique': AUCUN CHANGEMENT
[2025-04-21 23:56:51] Remplacement de '[APPAREIL_MARQUE]' par '': AUCUN CHANGEMENT
[2025-04-21 23:56:51] Remplacement de '[APPAREIL_MODELE]' par 'Test': OK
[2025-04-21 23:56:51] Remplacement de '[DATE_RECEPTION]' par '21/04/2025': AUCUN CHANGEMENT
[2025-04-21 23:56:51] Remplacement de '[DATE_FIN_PREVUE]' par 'Non définie': AUCUN CHANGEMENT
[2025-04-21 23:56:51] Remplacement de '[PRIX]' par '79,00': AUCUN CHANGEMENT
[2025-04-21 23:56:51] Message final après remplacement: 🎉 saber,
Ton Test est de retour à la maison ! On espère qu’il est content 🤓
💬 Laisse-nous un petit avis !
⭐ https://g.page/r/Ce-HHwKZjezIEB0/review
🏠 Maison du Geek
📞 08 95 79 59 33

[2025-04-21 23:56:51] Tentative d'envoi SMS à 33782962906
[2025-04-21 23:56:51] Résultat de l'envoi: SUCCÈS
[2025-04-21 23:56:51] ====== FIN DEBUG SMS ======
