[2025-04-23 10:12:08] === TRAITEMENT REQUÊTE SMS ===
[2025-04-23 10:12:08] Données reçues: {"client_id":"464","telephone":"+33745583304","template":"","message":"Bonjour,\r\n\r\nnous avons recu votre ecran de votre iPhone 12 mini.\r\n\r\nVous pouvez des a present passer en boutique"}
[2025-04-23 10:12:08] Envoi du SMS au numéro: +33745583304
[2025-04-23 10:12:08] Numéro formaté: +33745583304
[2025-04-23 10:12:08] Données JSON: {"message":"Bonjour,\r\n\r\nnous avons recu votre ecran de votre iPhone 12 mini.\r\n\r\nVous pouvez des a present passer en boutique","phoneNumbers":["+33745583304"]}
[2025-04-23 10:12:08] Exécution de la requête cURL...
[2025-04-23 10:12:08] Code HTTP: 202
[2025-04-23 10:12:08] Réponse: {"id":"dsG0qpxiFYYCvDyrKXHvt","state":"Pending","isHashed":false,"isEncrypted":false,"recipients":[{"phoneNumber":"+33745583304","state":"Pending"}],"states":null}
[2025-04-23 10:12:08] Envoi SMS réussi
[2025-04-23 10:12:08] Erreur lors de l'enregistrement du SMS: SQLSTATE[42S22]: Column not found: 1054 Unknown column 'client_id' in 'INSERT INTO'
[2025-04-23 10:12:08] Résultat final: {"success":true,"message":"SMS envoy\u00e9 avec succ\u00e8s","response":{"id":"dsG0qpxiFYYCvDyrKXHvt","state":"Pending","isHashed":false,"isEncrypted":false,"recipients":[{"phoneNumber":"+33745583304","state":"Pending"}],"states":null}}
[2025-04-23 12:34:07] === TRAITEMENT REQUÊTE SMS ===
[2025-04-23 12:34:07] Données reçues: {"action":"send_sms","client_id":"434","reparation_id":"593","message":"\ud83d\udce6 En attente de pi\u00e8ces\r\nVotre [APPAREIL_MODELE] attend sa livraison. Le livreur est en route \u00e0 dos de modem. \u23f3\r\n\ud83d\ude9a Suivi : http:\/\/Mdgeek.top\/suivi.php?id=[REPARATION_ID]\r\nMaison du Geek \u2013 08 95 79 59 33\r\n\r\nMAISON DU GEEK\r\n78 BD PAUL DOUMER\r\n06110 LE CANNET\r\n08 95 79 59 33","telephone":"33616371516"}
[2025-04-23 12:34:07] Variables à remplacer trouvées: [REPARATION_ID], [APPAREIL_MODELE]
[2025-04-23 12:34:07] Données récupérées - Client: Oui, Réparation: Oui
[2025-04-23 12:34:07] Message après remplacement des variables: 📦 En attente de pièces
Votre Dualtron Mini Special attend sa livraison. Le livreur est en route à dos de modem. ⏳
🚚 Suivi : http://Mdgeek.top/suivi.php?id=593
Maison du Geek – 08 95 79 59 33

MAISON DU GEEK
78 BD PAUL DOUMER
06110 LE CANNET
08 95 79 59 33
[2025-04-23 12:34:07] Envoi du SMS au numéro: 33616371516
[2025-04-23 12:34:07] Numéro formaté: +33616371516
[2025-04-23 12:34:07] Données JSON: {"message":"\ud83d\udce6 En attente de pi\u00e8ces\r\nVotre Dualtron Mini Special attend sa livraison. Le livreur est en route \u00e0 dos de modem. \u23f3\r\n\ud83d\ude9a Suivi : http:\/\/Mdgeek.top\/suivi.php?id=593\r\nMaison du Geek \u2013 08 95 79 59 33\r\n\r\nMAISON DU GEEK\r\n78 BD PAUL DOUMER\r\n06110 LE CANNET\r\n08 95 79 59 33","phoneNumbers":["+33616371516"]}
[2025-04-23 12:34:07] Exécution de la requête cURL...
[2025-04-23 12:34:07] Code HTTP: 202
[2025-04-23 12:34:07] Réponse: {"id":"V5-KlqsKKyGiVH3NlbIwO","state":"Pending","isHashed":false,"isEncrypted":false,"recipients":[{"phoneNumber":"+33616371516","state":"Pending"}],"states":null}
[2025-04-23 12:34:07] Envoi SMS réussi
[2025-04-23 12:34:07] Erreur lors de l'enregistrement du SMS: SQLSTATE[42S22]: Column not found: 1054 Unknown column 'client_id' in 'INSERT INTO'
[2025-04-23 12:34:07] Résultat final: {"success":true,"message":"SMS envoy\u00e9 avec succ\u00e8s","response":{"id":"V5-KlqsKKyGiVH3NlbIwO","state":"Pending","isHashed":false,"isEncrypted":false,"recipients":[{"phoneNumber":"+33616371516","state":"Pending"}],"states":null}}
[2025-04-23 12:34:07] === TRAITEMENT REQUÊTE SMS ===
[2025-04-23 12:34:07] Données reçues: {"action":"send_sms","client_id":"434","reparation_id":"593","message":"\ud83d\udce6 En attente de pi\u00e8ces\r\nVotre [APPAREIL_MODELE] attend sa livraison. Le livreur est en route \u00e0 dos de modem. \u23f3\r\n\ud83d\ude9a Suivi : http:\/\/Mdgeek.top\/suivi.php?id=[REPARATION_ID]\r\nMaison du Geek \u2013 08 95 79 59 33\r\n\r\nMAISON DU GEEK\r\n78 BD PAUL DOUMER\r\n06110 LE CANNET\r\n08 95 79 59 33","telephone":"33616371516"}
[2025-04-23 12:34:07] Variables à remplacer trouvées: [REPARATION_ID], [APPAREIL_MODELE]
[2025-04-23 12:34:07] Données récupérées - Client: Oui, Réparation: Oui
[2025-04-23 12:34:07] Message après remplacement des variables: 📦 En attente de pièces
Votre Dualtron Mini Special attend sa livraison. Le livreur est en route à dos de modem. ⏳
🚚 Suivi : http://Mdgeek.top/suivi.php?id=593
Maison du Geek – 08 95 79 59 33

MAISON DU GEEK
78 BD PAUL DOUMER
06110 LE CANNET
08 95 79 59 33
[2025-04-23 12:34:07] Envoi du SMS au numéro: 33616371516
[2025-04-23 12:34:07] Numéro formaté: +33616371516
[2025-04-23 12:34:07] Données JSON: {"message":"\ud83d\udce6 En attente de pi\u00e8ces\r\nVotre Dualtron Mini Special attend sa livraison. Le livreur est en route \u00e0 dos de modem. \u23f3\r\n\ud83d\ude9a Suivi : http:\/\/Mdgeek.top\/suivi.php?id=593\r\nMaison du Geek \u2013 08 95 79 59 33\r\n\r\nMAISON DU GEEK\r\n78 BD PAUL DOUMER\r\n06110 LE CANNET\r\n08 95 79 59 33","phoneNumbers":["+33616371516"]}
[2025-04-23 12:34:07] Exécution de la requête cURL...
[2025-04-23 12:34:08] Code HTTP: 202
[2025-04-23 12:34:08] Réponse: {"id":"4PgD2FPOASb2Wzh0l4VPD","state":"Pending","isHashed":false,"isEncrypted":false,"recipients":[{"phoneNumber":"+33616371516","state":"Pending"}],"states":null}
[2025-04-23 12:34:08] Envoi SMS réussi
[2025-04-23 12:34:08] Erreur lors de l'enregistrement du SMS: SQLSTATE[42S22]: Column not found: 1054 Unknown column 'client_id' in 'INSERT INTO'
[2025-04-23 12:34:08] Résultat final: {"success":true,"message":"SMS envoy\u00e9 avec succ\u00e8s","response":{"id":"4PgD2FPOASb2Wzh0l4VPD","state":"Pending","isHashed":false,"isEncrypted":false,"recipients":[{"phoneNumber":"+33616371516","state":"Pending"}],"states":null}}
[2025-04-23 12:36:08] === TRAITEMENT REQUÊTE SMS ===
[2025-04-23 12:36:08] Données reçues: {"action":"send_sms","client_id":"450","reparation_id":"618","message":"Bonjour\r\nLa livraison de votre pi\u00e8ce pour votre Ninebot arrive bient\u00f4t.\r\n\r\nNe tenez pas compte des message automatis\u00e9 au sujet du gardiennage, nous le vous facturerons pas\r\n\r\nMAISON DU GEEK\r\n78 BD PAUL DOUMER\r\n06110 LE CANNET\r\n08 95 79 59 33","telephone":"+393400760220"}
[2025-04-23 12:36:08] Envoi du SMS au numéro: +393400760220
[2025-04-23 12:36:08] Numéro formaté: +393400760220
[2025-04-23 12:36:08] Données JSON: {"message":"Bonjour\r\nLa livraison de votre pi\u00e8ce pour votre Ninebot arrive bient\u00f4t.\r\n\r\nNe tenez pas compte des message automatis\u00e9 au sujet du gardiennage, nous le vous facturerons pas\r\n\r\nMAISON DU GEEK\r\n78 BD PAUL DOUMER\r\n06110 LE CANNET\r\n08 95 79 59 33","phoneNumbers":["+393400760220"]}
[2025-04-23 12:36:08] Exécution de la requête cURL...
[2025-04-23 12:36:08] Code HTTP: 202
[2025-04-23 12:36:08] Réponse: {"id":"BSVvhijofbYQ4e7DETfLN","state":"Pending","isHashed":false,"isEncrypted":false,"recipients":[{"phoneNumber":"+393400760220","state":"Pending"}],"states":null}
[2025-04-23 12:36:08] Envoi SMS réussi
[2025-04-23 12:36:08] Erreur lors de l'enregistrement du SMS: SQLSTATE[42S22]: Column not found: 1054 Unknown column 'client_id' in 'INSERT INTO'
[2025-04-23 12:36:08] Résultat final: {"success":true,"message":"SMS envoy\u00e9 avec succ\u00e8s","response":{"id":"BSVvhijofbYQ4e7DETfLN","state":"Pending","isHashed":false,"isEncrypted":false,"recipients":[{"phoneNumber":"+393400760220","state":"Pending"}],"states":null}}
