--- Nouveau fichier de log pour les mises à jour de statut ---

--- Nouvelle tentative de mise à jour du statut ---
Date: 2025-05-05 00:52:22
BASE_PATH: /home/u139954273/domains/mdgeek.top/public_html
Config path: /home/u139954273/domains/mdgeek.top/public_html/config/database.php
Functions path: /home/u139954273/domains/mdgeek.top/public_html/includes/functions.php
--- Nouvelle tentative de mise à jour du statut ---
Date: 2025-05-05 00:52:22
BASE_PATH: /home/u139954273/domains/mdgeek.top/public_html
Config path: /home/u139954273/domains/mdgeek.top/public_html/config/database.php
Functions path: /home/u139954273/domains/mdgeek.top/public_html/includes/functions.php
--- Nouvelle tentative de mise à jour du statut ---
Date: 2025-05-05 00:53:24
BASE_PATH: /home/u139954273/domains/mdgeek.top/public_html
Config path: /home/u139954273/domains/mdgeek.top/public_html/config/database.php
Functions path: /home/u139954273/domains/mdgeek.top/public_html/includes/functions.php
--- Nouvelle tentative de mise à jour du statut ---
Date: 2025-05-05 00:53:24
BASE_PATH: /home/u139954273/domains/mdgeek.top/public_html
Config path: /home/u139954273/domains/mdgeek.top/public_html/config/database.php
Functions path: /home/u139954273/domains/mdgeek.top/public_html/includes/functions.php
--- Nouvelle tentative de mise à jour du statut ---
Date: 2025-05-05 00:53:28
BASE_PATH: /home/u139954273/domains/mdgeek.top/public_html
Config path: /home/u139954273/domains/mdgeek.top/public_html/config/database.php
Functions path: /home/u139954273/domains/mdgeek.top/public_html/includes/functions.php
--- Nouvelle tentative de mise à jour du statut ---
Date: 2025-05-05 00:53:28
BASE_PATH: /home/u139954273/domains/mdgeek.top/public_html
Config path: /home/u139954273/domains/mdgeek.top/public_html/config/database.php
Functions path: /home/u139954273/domains/mdgeek.top/public_html/includes/functions.php
--- Nouvelle tentative de mise à jour du statut ---
Date: 2025-05-05 00:53:41
BASE_PATH: /home/u139954273/domains/mdgeek.top/public_html
Config path: /home/u139954273/domains/mdgeek.top/public_html/config/database.php
Functions path: /home/u139954273/domains/mdgeek.top/public_html/includes/functions.php
--- Nouvelle tentative de mise à jour du statut ---
Date: 2025-05-05 00:53:41
BASE_PATH: /home/u139954273/domains/mdgeek.top/public_html
Config path: /home/u139954273/domains/mdgeek.top/public_html/config/database.php
Functions path: /home/u139954273/domains/mdgeek.top/public_html/includes/functions.php
--- Nouvelle tentative de mise à jour du statut ---
Date: 2025-05-05 19:42:10
BASE_PATH: /home/u139954273/domains/mdgeek.top/public_html
Config path: /home/u139954273/domains/mdgeek.top/public_html/config/database.php
Functions path: /home/u139954273/domains/mdgeek.top/public_html/includes/functions.php
--- Nouvelle tentative de mise à jour du statut ---
Date: 2025-05-05 19:42:10
BASE_PATH: /home/u139954273/domains/mdgeek.top/public_html
Config path: /home/u139954273/domains/mdgeek.top/public_html/config/database.php
Functions path: /home/u139954273/domains/mdgeek.top/public_html/includes/functions.php
--- Nouvelle requête de mise à jour du statut ---
POST data: Array
(
)

--- Nouvelle requête de mise à jour du statut ---
POST data: Array
(
)

--- Nouvelle requête de mise à jour du statut ---
POST data: Array
(
)

Session: Array
(
    [pwa_mode] => 
    [shop_id] => 4
)

Base de données connectée: u139954273_cannesphones
Données JSON décodées: Array
(
    [repair_id] => 740
    [status_id] => 1
)

Lignes affectées: 1
--- Nouvelle requête de mise à jour du statut ---
POST data: Array
(
)

Session: Array
(
    [pwa_mode] => 
    [shop_id] => 4
)

Base de données connectée: u139954273_cannesphones
Données JSON décodées: Array
(
    [repair_id] => 740
    [status_id] => 3
)

Lignes affectées: 1
--- Nouvelle tentative de mise à jour du statut ---
Date: 2025-05-05 21:01:37
BASE_PATH: /home/u139954273/domains/mdgeek.top/public_html
Config path: /home/u139954273/domains/mdgeek.top/public_html/config/database.php
Functions path: /home/u139954273/domains/mdgeek.top/public_html/includes/functions.php
--- Nouvelle tentative de mise à jour du statut ---
Date: 2025-05-05 21:01:37
BASE_PATH: /home/u139954273/domains/mdgeek.top/public_html
Config path: /home/u139954273/domains/mdgeek.top/public_html/config/database.php
Functions path: /home/u139954273/domains/mdgeek.top/public_html/includes/functions.php
--- Nouvelle tentative de mise à jour du statut ---
Date: 2025-05-05 21:01:43
BASE_PATH: /home/u139954273/domains/mdgeek.top/public_html
Config path: /home/u139954273/domains/mdgeek.top/public_html/config/database.php
Functions path: /home/u139954273/domains/mdgeek.top/public_html/includes/functions.php
--- Nouvelle tentative de mise à jour du statut ---
Date: 2025-05-05 21:01:43
BASE_PATH: /home/u139954273/domains/mdgeek.top/public_html
Config path: /home/u139954273/domains/mdgeek.top/public_html/config/database.php
Functions path: /home/u139954273/domains/mdgeek.top/public_html/includes/functions.php
--- Nouvelle tentative de mise à jour du statut ---
Date: 2025-05-05 21:01:54
BASE_PATH: /home/u139954273/domains/mdgeek.top/public_html
Config path: /home/u139954273/domains/mdgeek.top/public_html/config/database.php
Functions path: /home/u139954273/domains/mdgeek.top/public_html/includes/functions.php
--- Nouvelle tentative de mise à jour du statut ---
Date: 2025-05-05 21:01:54
BASE_PATH: /home/u139954273/domains/mdgeek.top/public_html
Config path: /home/u139954273/domains/mdgeek.top/public_html/config/database.php
Functions path: /home/u139954273/domains/mdgeek.top/public_html/includes/functions.php
--- Nouvelle tentative de mise à jour du statut ---
Date: 2025-05-05 21:22:09
BASE_PATH: /home/u139954273/domains/mdgeek.top/public_html
Config path: /home/u139954273/domains/mdgeek.top/public_html/config/database.php
Functions path: /home/u139954273/domains/mdgeek.top/public_html/includes/functions.php
--- Nouvelle tentative de mise à jour du statut ---
Date: 2025-05-05 21:22:09
BASE_PATH: /home/u139954273/domains/mdgeek.top/public_html
Config path: /home/u139954273/domains/mdgeek.top/public_html/config/database.php
Functions path: /home/u139954273/domains/mdgeek.top/public_html/includes/functions.php
--- Nouvelle tentative de mise à jour du statut ---
Date: 2025-05-05 21:30:51
BASE_PATH: /home/u139954273/domains/mdgeek.top/public_html
Config path: /home/u139954273/domains/mdgeek.top/public_html/config/database.php
Functions path: /home/u139954273/domains/mdgeek.top/public_html/includes/functions.php
--- Nouvelle tentative de mise à jour du statut ---
Date: 2025-05-05 21:30:51
BASE_PATH: /home/u139954273/domains/mdgeek.top/public_html
Config path: /home/u139954273/domains/mdgeek.top/public_html/config/database.php
Functions path: /home/u139954273/domains/mdgeek.top/public_html/includes/functions.php
--- Nouvelle tentative de mise à jour du statut ---
Date: 2025-05-05 21:31:03
BASE_PATH: /home/u139954273/domains/mdgeek.top/public_html
Config path: /home/u139954273/domains/mdgeek.top/public_html/config/database.php
Functions path: /home/u139954273/domains/mdgeek.top/public_html/includes/functions.php
--- Nouvelle tentative de mise à jour du statut ---
Date: 2025-05-05 21:31:03
BASE_PATH: /home/u139954273/domains/mdgeek.top/public_html
Config path: /home/u139954273/domains/mdgeek.top/public_html/config/database.php
Functions path: /home/u139954273/domains/mdgeek.top/public_html/includes/functions.php
--- Nouvelle tentative de mise à jour du statut ---
Date: 2025-05-05 21:31:26
BASE_PATH: /home/u139954273/domains/mdgeek.top/public_html
Config path: /home/u139954273/domains/mdgeek.top/public_html/config/database.php
Functions path: /home/u139954273/domains/mdgeek.top/public_html/includes/functions.php
--- Nouvelle tentative de mise à jour du statut ---
Date: 2025-05-05 21:31:26
BASE_PATH: /home/u139954273/domains/mdgeek.top/public_html
Config path: /home/u139954273/domains/mdgeek.top/public_html/config/database.php
Functions path: /home/u139954273/domains/mdgeek.top/public_html/includes/functions.php
--- Nouvelle tentative de mise à jour du statut ---
Date: 2025-05-05 21:31:41
BASE_PATH: /home/u139954273/domains/mdgeek.top/public_html
Config path: /home/u139954273/domains/mdgeek.top/public_html/config/database.php
Functions path: /home/u139954273/domains/mdgeek.top/public_html/includes/functions.php
--- Nouvelle tentative de mise à jour du statut ---
Date: 2025-05-05 21:31:41
BASE_PATH: /home/u139954273/domains/mdgeek.top/public_html
Config path: /home/u139954273/domains/mdgeek.top/public_html/config/database.php
Functions path: /home/u139954273/domains/mdgeek.top/public_html/includes/functions.php
--- Nouvelle tentative de mise à jour du statut ---
Date: 2025-05-05 21:36:06
BASE_PATH: /home/u139954273/domains/mdgeek.top/public_html
SHOP_ID: 4
Config path: /home/u139954273/domains/mdgeek.top/public_html/config/database.php
Functions path: /home/u139954273/domains/mdgeek.top/public_html/includes/functions.php
Connexion PDO du magasin établie avec succès
Base de données connectée: u139954273_cannesphones
PHP INPUT: {"repair_id":"743","status_id":1,"send_sms":false,"user_id":1}
POST data: Array
(
)

Données JSON reçues directement
Données décodées: Array
(
    [repair_id] => 743
    [status_id] => 1
    [send_sms] => 
    [user_id] => 1
)

Paramètres pour la mise à jour: 
        repair_id: 743
        status_id: 1
        send_sms: false
        user_id: 1
    
Tentative de mise à jour...
Mise à jour réussie: 1 ligne(s) affectée(s)
Log enregistré dans la table reparation_logs
Réponse finale: {"success":true,"message":"Statut mis \u00e0 jour avec succ\u00e8s","data":{"badge":{"text":"Nouveau Diagnostique","color":"nouveau_diagnostique"},"sms_sent":false,"sms_message":"SMS non trait\u00e9"}}
--- Fin de la requête ---

--- Nouvelle tentative de mise à jour du statut ---
Date: 2025-05-05 21:36:13
BASE_PATH: /home/u139954273/domains/mdgeek.top/public_html
SHOP_ID: 4
Config path: /home/u139954273/domains/mdgeek.top/public_html/config/database.php
Functions path: /home/u139954273/domains/mdgeek.top/public_html/includes/functions.php
Connexion PDO du magasin établie avec succès
Base de données connectée: u139954273_cannesphones
PHP INPUT: {"repair_id":"743","status_id":1,"send_sms":true,"user_id":1}
POST data: Array
(
)

Données JSON reçues directement
Données décodées: Array
(
    [repair_id] => 743
    [status_id] => 1
    [send_sms] => 1
    [user_id] => 1
)

Paramètres pour la mise à jour: 
        repair_id: 743
        status_id: 1
        send_sms: true
        user_id: 1
    
Tentative de mise à jour...
Mise à jour réussie: 1 ligne(s) affectée(s)
Log enregistré dans la table reparation_logs
Réponse finale: {"success":true,"message":"Statut mis \u00e0 jour avec succ\u00e8s","data":{"badge":{"text":"Nouveau Diagnostique","color":"nouveau_diagnostique"},"sms_sent":false,"sms_message":"SMS non trait\u00e9"}}
--- Fin de la requête ---

--- Nouvelle tentative de mise à jour du statut ---
Date: 2025-05-05 21:36:25
BASE_PATH: /home/u139954273/domains/mdgeek.top/public_html
SHOP_ID: 4
Config path: /home/u139954273/domains/mdgeek.top/public_html/config/database.php
Functions path: /home/u139954273/domains/mdgeek.top/public_html/includes/functions.php
Connexion PDO du magasin établie avec succès
Base de données connectée: u139954273_cannesphones
PHP INPUT: {"repair_id":"743","status_id":1,"send_sms":false,"user_id":1}
POST data: Array
(
)

Données JSON reçues directement
Données décodées: Array
(
    [repair_id] => 743
    [status_id] => 1
    [send_sms] => 
    [user_id] => 1
)

Paramètres pour la mise à jour: 
        repair_id: 743
        status_id: 1
        send_sms: false
        user_id: 1
    
Tentative de mise à jour...
Mise à jour réussie: 1 ligne(s) affectée(s)
Log enregistré dans la table reparation_logs
Réponse finale: {"success":true,"message":"Statut mis \u00e0 jour avec succ\u00e8s","data":{"badge":{"text":"Nouveau Diagnostique","color":"nouveau_diagnostique"},"sms_sent":false,"sms_message":"SMS non trait\u00e9"}}
--- Fin de la requête ---

--- Nouvelle tentative de mise à jour du statut ---
Date: 2025-05-05 21:41:05
BASE_PATH: /home/u139954273/domains/mdgeek.top/public_html
SHOP_ID: 4
Config path: /home/u139954273/domains/mdgeek.top/public_html/config/database.php
Functions path: /home/u139954273/domains/mdgeek.top/public_html/includes/functions.php
Handle status path: /home/u139954273/domains/mdgeek.top/public_html/includes/handle_status_change.php
Connexion PDO du magasin établie avec succès
Base de données connectée: u139954273_cannesphones
PHP INPUT: {"repair_id":"743","status_id":1,"send_sms":false,"user_id":1}
POST data: Array
(
)

Données JSON reçues directement
Données décodées: Array
(
    [repair_id] => 743
    [status_id] => 1
    [send_sms] => 
    [user_id] => 1
)

Paramètres pour la mise à jour: 
        repair_id: 743
        status_id: 1
        send_sms: false
        user_id: 1
    
Tentative de mise à jour...
Mise à jour réussie: 1 ligne(s) affectée(s)
Log enregistré dans la table reparation_logs
Réponse finale: {"success":true,"message":"Statut mis \u00e0 jour avec succ\u00e8s","data":{"badge":{"text":"Nouveau Diagnostique","color":"nouveau_diagnostique"},"sms_sent":false,"sms_message":"SMS non trait\u00e9"}}
--- Fin de la requête ---

--- Nouvelle tentative de mise à jour du statut ---
Date: 2025-05-05 21:41:10
BASE_PATH: /home/u139954273/domains/mdgeek.top/public_html
SHOP_ID: 4
Config path: /home/u139954273/domains/mdgeek.top/public_html/config/database.php
Functions path: /home/u139954273/domains/mdgeek.top/public_html/includes/functions.php
Handle status path: /home/u139954273/domains/mdgeek.top/public_html/includes/handle_status_change.php
Connexion PDO du magasin établie avec succès
Base de données connectée: u139954273_cannesphones
PHP INPUT: {"repair_id":"743","status_id":1,"send_sms":true,"user_id":1}
POST data: Array
(
)

Données JSON reçues directement
Données décodées: Array
(
    [repair_id] => 743
    [status_id] => 1
    [send_sms] => 1
    [user_id] => 1
)

Paramètres pour la mise à jour: 
        repair_id: 743
        status_id: 1
        send_sms: true
        user_id: 1
    
Tentative de mise à jour...
Mise à jour réussie: 1 ligne(s) affectée(s)
Log enregistré dans la table reparation_logs
Tentative d'envoi de SMS...
Utilisation de handle_status_change()...
Échec de l'envoi SMS: Réparation introuvable
Réponse finale: {"success":true,"message":"Statut mis \u00e0 jour avec succ\u00e8s","data":{"badge":{"text":"Nouveau Diagnostique","color":"nouveau_diagnostique"},"sms_sent":false,"sms_message":"R\u00e9paration introuvable"}}
--- Fin de la requête ---

--- Nouvelle tentative de mise à jour du statut ---
Date: 2025-05-05 21:41:23
BASE_PATH: /home/u139954273/domains/mdgeek.top/public_html
SHOP_ID: 4
Config path: /home/u139954273/domains/mdgeek.top/public_html/config/database.php
Functions path: /home/u139954273/domains/mdgeek.top/public_html/includes/functions.php
Handle status path: /home/u139954273/domains/mdgeek.top/public_html/includes/handle_status_change.php
Connexion PDO du magasin établie avec succès
Base de données connectée: u139954273_cannesphones
PHP INPUT: {"repair_id":"743","status_id":1,"send_sms":true,"user_id":1}
POST data: Array
(
)

Données JSON reçues directement
Données décodées: Array
(
    [repair_id] => 743
    [status_id] => 1
    [send_sms] => 1
    [user_id] => 1
)

Paramètres pour la mise à jour: 
        repair_id: 743
        status_id: 1
        send_sms: true
        user_id: 1
    
Tentative de mise à jour...
Mise à jour réussie: 1 ligne(s) affectée(s)
Log enregistré dans la table reparation_logs
Tentative d'envoi de SMS...
Utilisation de handle_status_change()...
Échec de l'envoi SMS: Réparation introuvable
Réponse finale: {"success":true,"message":"Statut mis \u00e0 jour avec succ\u00e8s","data":{"badge":{"text":"Nouveau Diagnostique","color":"nouveau_diagnostique"},"sms_sent":false,"sms_message":"R\u00e9paration introuvable"}}
--- Fin de la requête ---

--- Nouvelle tentative de mise à jour du statut ---
Date: 2025-05-05 21:47:18
BASE_PATH: /home/u139954273/domains/mdgeek.top/public_html
SHOP_ID: 4
SESSION: Array
(
    [pwa_mode] => 
    [shop_id] => 4
)

Config path: /home/u139954273/domains/mdgeek.top/public_html/config/database.php
Functions path: /home/u139954273/domains/mdgeek.top/public_html/includes/functions.php
Handle status path: /home/u139954273/domains/mdgeek.top/public_html/includes/handle_status_change.php
--- Nouvelle tentative de mise à jour du statut ---
Date: 2025-05-05 21:47:18
BASE_PATH: /home/u139954273/domains/mdgeek.top/public_html
SHOP_ID: 4
SESSION: Array
(
    [pwa_mode] => 
    [shop_id] => 4
)

Config path: /home/u139954273/domains/mdgeek.top/public_html/config/database.php
Functions path: /home/u139954273/domains/mdgeek.top/public_html/includes/functions.php
Handle status path: /home/u139954273/domains/mdgeek.top/public_html/includes/handle_status_change.php
--- Nouvelle tentative de mise à jour du statut ---
Date: 2025-05-05 21:47:27
BASE_PATH: /home/u139954273/domains/mdgeek.top/public_html
SHOP_ID: 4
SESSION: Array
(
    [pwa_mode] => 
    [shop_id] => 4
)

Config path: /home/u139954273/domains/mdgeek.top/public_html/config/database.php
Functions path: /home/u139954273/domains/mdgeek.top/public_html/includes/functions.php
Handle status path: /home/u139954273/domains/mdgeek.top/public_html/includes/handle_status_change.php
--- Nouvelle tentative de mise à jour du statut ---
Date: 2025-05-05 21:47:27
BASE_PATH: /home/u139954273/domains/mdgeek.top/public_html
SHOP_ID: 4
SESSION: Array
(
    [pwa_mode] => 
    [shop_id] => 4
)

Config path: /home/u139954273/domains/mdgeek.top/public_html/config/database.php
Functions path: /home/u139954273/domains/mdgeek.top/public_html/includes/functions.php
Handle status path: /home/u139954273/domains/mdgeek.top/public_html/includes/handle_status_change.php
--- Nouvelle tentative de mise à jour du statut ---
Date: 2025-05-05 21:50:56
BASE_PATH: /home/u139954273/domains/mdgeek.top/public_html
SHOP_ID: 4
SESSION: Array
(
    [pwa_mode] => 
    [shop_id] => 4
)

Config path: /home/u139954273/domains/mdgeek.top/public_html/config/database.php
Functions path: /home/u139954273/domains/mdgeek.top/public_html/includes/functions.php
Handle status path: /home/u139954273/domains/mdgeek.top/public_html/includes/handle_status_change.php
--- Nouvelle tentative de mise à jour du statut ---
Date: 2025-05-05 21:50:56
BASE_PATH: /home/u139954273/domains/mdgeek.top/public_html
SHOP_ID: 4
SESSION: Array
(
    [pwa_mode] => 
    [shop_id] => 4
)

Config path: /home/u139954273/domains/mdgeek.top/public_html/config/database.php
Functions path: /home/u139954273/domains/mdgeek.top/public_html/includes/functions.php
Handle status path: /home/u139954273/domains/mdgeek.top/public_html/includes/handle_status_change.php
--- Nouvelle tentative de mise à jour du statut ---
Date: 2025-05-05 21:51:07
BASE_PATH: /home/u139954273/domains/mdgeek.top/public_html
SHOP_ID: 4
SESSION: Array
(
    [pwa_mode] => 
    [shop_id] => 4
)

Config path: /home/u139954273/domains/mdgeek.top/public_html/config/database.php
Functions path: /home/u139954273/domains/mdgeek.top/public_html/includes/functions.php
Handle status path: /home/u139954273/domains/mdgeek.top/public_html/includes/handle_status_change.php
--- Nouvelle tentative de mise à jour du statut ---
Date: 2025-05-05 21:51:07
BASE_PATH: /home/u139954273/domains/mdgeek.top/public_html
SHOP_ID: 4
SESSION: Array
(
    [pwa_mode] => 
    [shop_id] => 4
)

Config path: /home/u139954273/domains/mdgeek.top/public_html/config/database.php
Functions path: /home/u139954273/domains/mdgeek.top/public_html/includes/functions.php
Handle status path: /home/u139954273/domains/mdgeek.top/public_html/includes/handle_status_change.php
--- Nouvelle tentative de mise à jour du statut ---
Date: 2025-05-05 21:51:14
BASE_PATH: /home/u139954273/domains/mdgeek.top/public_html
SHOP_ID: 4
SESSION: Array
(
    [pwa_mode] => 
    [shop_id] => 4
)

Config path: /home/u139954273/domains/mdgeek.top/public_html/config/database.php
Functions path: /home/u139954273/domains/mdgeek.top/public_html/includes/functions.php
Handle status path: /home/u139954273/domains/mdgeek.top/public_html/includes/handle_status_change.php
--- Nouvelle tentative de mise à jour du statut ---
Date: 2025-05-05 21:51:14
BASE_PATH: /home/u139954273/domains/mdgeek.top/public_html
SHOP_ID: 4
SESSION: Array
(
    [pwa_mode] => 
    [shop_id] => 4
)

Config path: /home/u139954273/domains/mdgeek.top/public_html/config/database.php
Functions path: /home/u139954273/domains/mdgeek.top/public_html/includes/functions.php
Handle status path: /home/u139954273/domains/mdgeek.top/public_html/includes/handle_status_change.php
--- Nouvelle tentative de mise à jour du statut ---
Date: 2025-05-05 21:51:26
BASE_PATH: /home/u139954273/domains/mdgeek.top/public_html
SHOP_ID: 4
SESSION: Array
(
    [pwa_mode] => 
    [shop_id] => 4
)

Config path: /home/u139954273/domains/mdgeek.top/public_html/config/database.php
Functions path: /home/u139954273/domains/mdgeek.top/public_html/includes/functions.php
Handle status path: /home/u139954273/domains/mdgeek.top/public_html/includes/handle_status_change.php
--- Nouvelle tentative de mise à jour du statut ---
Date: 2025-05-05 21:51:26
BASE_PATH: /home/u139954273/domains/mdgeek.top/public_html
SHOP_ID: 4
SESSION: Array
(
    [pwa_mode] => 
    [shop_id] => 4
)

Config path: /home/u139954273/domains/mdgeek.top/public_html/config/database.php
Functions path: /home/u139954273/domains/mdgeek.top/public_html/includes/functions.php
Handle status path: /home/u139954273/domains/mdgeek.top/public_html/includes/handle_status_change.php
--- Nouvelle tentative de mise à jour du statut ---
Date: 2025-05-05 21:51:48
BASE_PATH: /home/u139954273/domains/mdgeek.top/public_html
SHOP_ID: 4
SESSION: Array
(
    [pwa_mode] => 
    [shop_id] => 4
)

Config path: /home/u139954273/domains/mdgeek.top/public_html/config/database.php
Functions path: /home/u139954273/domains/mdgeek.top/public_html/includes/functions.php
Handle status path: /home/u139954273/domains/mdgeek.top/public_html/includes/handle_status_change.php
--- Nouvelle tentative de mise à jour du statut ---
Date: 2025-05-05 21:51:48
BASE_PATH: /home/u139954273/domains/mdgeek.top/public_html
SHOP_ID: 4
SESSION: Array
(
    [pwa_mode] => 
    [shop_id] => 4
)

Config path: /home/u139954273/domains/mdgeek.top/public_html/config/database.php
Functions path: /home/u139954273/domains/mdgeek.top/public_html/includes/functions.php
Handle status path: /home/u139954273/domains/mdgeek.top/public_html/includes/handle_status_change.php
--- Nouvelle tentative de mise à jour du statut ---
Date: 2025-05-05 21:56:10
SESSION: Array
(
    [pwa_mode] => 
    [shop_id] => 4
)

POST: Array
(
)

GET: Array
(
    [shop_id] => 4
)

RAW INPUT: {"repair_id":"743","status_id":1,"send_sms":false,"user_id":1}
[2025-05-05 21:56:10] Shop ID: 4
[2025-05-05 21:56:10] Fichiers inclus avec succès
[2025-05-05 21:56:10] Données JSON décodées avec succès depuis PHP Input
[2025-05-05 21:56:10] Réparation ID: 743, Statut ID: 1, Envoi SMS: Non
[2025-05-05 21:56:10] Base de données utilisée: u139954273_cannesphones
[2025-05-05 21:56:10] Statut trouvé: Nouveau Diagnostique (code: nouveau_diagnostique)
[2025-05-05 21:56:10] Nombre de lignes affectées: 1
[2025-05-05 21:56:10] Statut précédent: nouveau_diagnostique
[2025-05-05 21:56:10] Log ajouté dans reparation_logs
[2025-05-05 21:56:10] Réponse envoyée: {"success":true,"message":"Statut mis \u00e0 jour avec succ\u00e8s","data":{"badge":{"text":"Nouveau Diagnostique","color":"nouveau_diagnostique"},"sms_sent":false,"sms_message":"SMS non trait\u00e9"}}
[2025-05-05 21:56:10] --- Fin de la requête ---

--- Nouvelle tentative de mise à jour du statut ---
Date: 2025-05-05 21:57:10
SESSION: Array
(
    [pwa_mode] => 
    [shop_id] => 4
)

POST: Array
(
)

GET: Array
(
    [shop_id] => 4
)

RAW INPUT: {"repair_id":"743","status_id":1,"send_sms":false,"user_id":1}
[2025-05-05 21:57:10] Shop ID: 4
[2025-05-05 21:57:10] Fichiers inclus avec succès
[2025-05-05 21:57:10] Données JSON décodées avec succès depuis PHP Input
[2025-05-05 21:57:10] Réparation ID: 743, Statut ID: 1, Envoi SMS: Non
[2025-05-05 21:57:10] Base de données utilisée: u139954273_cannesphones
[2025-05-05 21:57:10] Statut trouvé: Nouveau Diagnostique (code: nouveau_diagnostique)
[2025-05-05 21:57:10] Nombre de lignes affectées: 1
[2025-05-05 21:57:10] Statut précédent: nouveau_diagnostique
[2025-05-05 21:57:10] Log ajouté dans reparation_logs
[2025-05-05 21:57:10] Réponse envoyée: {"success":true,"message":"Statut mis \u00e0 jour avec succ\u00e8s","data":{"badge":{"text":"Nouveau Diagnostique","color":"nouveau_diagnostique"},"sms_sent":false,"sms_message":"SMS non trait\u00e9"}}
[2025-05-05 21:57:10] --- Fin de la requête ---

--- Nouvelle tentative de mise à jour du statut ---
Date: 2025-05-05 21:57:17
SESSION: Array
(
    [pwa_mode] => 
    [shop_id] => 4
)

POST: Array
(
)

GET: Array
(
    [shop_id] => 4
)

RAW INPUT: {"repair_id":"743","status_id":1,"send_sms":true,"user_id":1}
[2025-05-05 21:57:17] Shop ID: 4
[2025-05-05 21:57:17] Fichiers inclus avec succès
[2025-05-05 21:57:17] Données JSON décodées avec succès depuis PHP Input
[2025-05-05 21:57:17] Réparation ID: 743, Statut ID: 1, Envoi SMS: Oui
[2025-05-05 21:57:17] Base de données utilisée: u139954273_cannesphones
[2025-05-05 21:57:17] Statut trouvé: Nouveau Diagnostique (code: nouveau_diagnostique)
[2025-05-05 21:57:17] Nombre de lignes affectées: 1
[2025-05-05 21:57:17] Statut précédent: nouveau_diagnostique
[2025-05-05 21:57:17] Log ajouté dans reparation_logs
[2025-05-05 21:57:17] Tentative d'envoi de SMS...
[2025-05-05 21:57:17] Téléphone du client: 337829626906
[2025-05-05 21:57:17] Numéro formaté: +337829626906
[2025-05-05 21:57:17] Données SMS: {"message":"Bonjour sa, votre r\u00e9paration #743 est maintenant en statut: Nouveau Diagnostique.","phoneNumbers":["+337829626906"]}
[2025-05-05 21:57:17] Réponse API SMS (400): {"message":"invalid phone number"}
[2025-05-05 21:57:17] Échec de l'envoi SMS: invalid phone number
[2025-05-05 21:57:17] Réponse envoyée: {"success":true,"message":"Statut mis \u00e0 jour avec succ\u00e8s","data":{"badge":{"text":"Nouveau Diagnostique","color":400},"sms_sent":false,"sms_message":"Impossible d'envoyer le SMS"}}
[2025-05-05 21:57:17] --- Fin de la requête ---

--- Nouvelle tentative de mise à jour du statut ---
Date: 2025-05-05 21:57:27
SESSION: Array
(
    [pwa_mode] => 
    [shop_id] => 4
)

POST: Array
(
)

GET: Array
(
    [shop_id] => 4
)

RAW INPUT: {"repair_id":"743","status_id":9,"send_sms":true,"user_id":1}
[2025-05-05 21:57:27] Shop ID: 4
[2025-05-05 21:57:27] Fichiers inclus avec succès
[2025-05-05 21:57:27] Données JSON décodées avec succès depuis PHP Input
[2025-05-05 21:57:27] Réparation ID: 743, Statut ID: 9, Envoi SMS: Oui
[2025-05-05 21:57:27] Base de données utilisée: u139954273_cannesphones
[2025-05-05 21:57:27] Statut trouvé: Réparation Effectuée (code: reparation_effectue)
[2025-05-05 21:57:27] Nombre de lignes affectées: 1
[2025-05-05 21:57:27] Statut précédent: nouveau_diagnostique
[2025-05-05 21:57:27] Log ajouté dans reparation_logs
[2025-05-05 21:57:27] Tentative d'envoi de SMS...
[2025-05-05 21:57:27] Téléphone du client: 337829626906
[2025-05-05 21:57:27] Numéro formaté: +337829626906
[2025-05-05 21:57:27] Données SMS: {"message":"Bonjour sa, votre r\u00e9paration #743 est maintenant en statut: R\u00e9paration Effectu\u00e9e.","phoneNumbers":["+337829626906"]}
[2025-05-05 21:57:28] Réponse API SMS (400): {"message":"invalid phone number"}
[2025-05-05 21:57:28] Échec de l'envoi SMS: invalid phone number
[2025-05-05 21:57:28] Réponse envoyée: {"success":true,"message":"Statut mis \u00e0 jour avec succ\u00e8s","data":{"badge":{"text":"R\u00e9paration Effectu\u00e9e","color":400},"sms_sent":false,"sms_message":"Impossible d'envoyer le SMS"}}
[2025-05-05 21:57:28] --- Fin de la requête ---

--- Nouvelle tentative de mise à jour du statut ---
Date: 2025-05-05 21:57:41
SESSION: Array
(
    [pwa_mode] => 
    [shop_id] => 4
)

POST: Array
(
)

GET: Array
(
    [shop_id] => 4
)

RAW INPUT: {"repair_id":"743","status_id":10,"send_sms":true,"user_id":1}
[2025-05-05 21:57:41] Shop ID: 4
[2025-05-05 21:57:41] Fichiers inclus avec succès
[2025-05-05 21:57:41] Données JSON décodées avec succès depuis PHP Input
[2025-05-05 21:57:41] Réparation ID: 743, Statut ID: 10, Envoi SMS: Oui
[2025-05-05 21:57:41] Base de données utilisée: u139954273_cannesphones
[2025-05-05 21:57:41] Statut trouvé: Réparation Annulée (code: reparation_annule)
[2025-05-05 21:57:41] Nombre de lignes affectées: 1
[2025-05-05 21:57:41] Statut précédent: reparation_effectue
[2025-05-05 21:57:41] Log ajouté dans reparation_logs
[2025-05-05 21:57:41] Tentative d'envoi de SMS...
[2025-05-05 21:57:41] Téléphone du client: 337829626906
[2025-05-05 21:57:41] Numéro formaté: +337829626906
[2025-05-05 21:57:41] Données SMS: {"message":"Bonjour sa, votre r\u00e9paration #743 est maintenant en statut: R\u00e9paration Annul\u00e9e.","phoneNumbers":["+337829626906"]}
[2025-05-05 21:57:42] Réponse API SMS (400): {"message":"invalid phone number"}
[2025-05-05 21:57:42] Échec de l'envoi SMS: invalid phone number
[2025-05-05 21:57:42] Réponse envoyée: {"success":true,"message":"Statut mis \u00e0 jour avec succ\u00e8s","data":{"badge":{"text":"R\u00e9paration Annul\u00e9e","color":400},"sms_sent":false,"sms_message":"Impossible d'envoyer le SMS"}}
[2025-05-05 21:57:42] --- Fin de la requête ---

--- Nouvelle tentative de mise à jour du statut ---
Date: 2025-05-05 21:57:49
SESSION: Array
(
    [pwa_mode] => 
    [shop_id] => 4
)

POST: Array
(
)

GET: Array
(
    [shop_id] => 4
)

RAW INPUT: {"repair_id":"743","status_id":9,"send_sms":true,"user_id":1}
[2025-05-05 21:57:49] Shop ID: 4
[2025-05-05 21:57:49] Fichiers inclus avec succès
[2025-05-05 21:57:49] Données JSON décodées avec succès depuis PHP Input
[2025-05-05 21:57:49] Réparation ID: 743, Statut ID: 9, Envoi SMS: Oui
[2025-05-05 21:57:49] Base de données utilisée: u139954273_cannesphones
[2025-05-05 21:57:49] Statut trouvé: Réparation Effectuée (code: reparation_effectue)
[2025-05-05 21:57:49] Nombre de lignes affectées: 1
[2025-05-05 21:57:49] Statut précédent: reparation_annule
[2025-05-05 21:57:49] Log ajouté dans reparation_logs
[2025-05-05 21:57:49] Tentative d'envoi de SMS...
[2025-05-05 21:57:49] Téléphone du client: 337829626906
[2025-05-05 21:57:49] Numéro formaté: +337829626906
[2025-05-05 21:57:49] Données SMS: {"message":"Bonjour sa, votre r\u00e9paration #743 est maintenant en statut: R\u00e9paration Effectu\u00e9e.","phoneNumbers":["+337829626906"]}
[2025-05-05 21:57:49] Réponse API SMS (400): {"message":"invalid phone number"}
[2025-05-05 21:57:49] Échec de l'envoi SMS: invalid phone number
[2025-05-05 21:57:49] Réponse envoyée: {"success":true,"message":"Statut mis \u00e0 jour avec succ\u00e8s","data":{"badge":{"text":"R\u00e9paration Effectu\u00e9e","color":400},"sms_sent":false,"sms_message":"Impossible d'envoyer le SMS"}}
[2025-05-05 21:57:49] --- Fin de la requête ---

--- Nouvelle tentative de mise à jour du statut ---
Date: 2025-05-05 21:57:55
SESSION: Array
(
    [pwa_mode] => 
    [shop_id] => 4
)

POST: Array
(
)

GET: Array
(
    [shop_id] => 4
)

RAW INPUT: {"repair_id":"743","status_id":10,"send_sms":true,"user_id":1}
[2025-05-05 21:57:55] Shop ID: 4
[2025-05-05 21:57:55] Fichiers inclus avec succès
[2025-05-05 21:57:55] Données JSON décodées avec succès depuis PHP Input
[2025-05-05 21:57:55] Réparation ID: 743, Statut ID: 10, Envoi SMS: Oui
[2025-05-05 21:57:55] Base de données utilisée: u139954273_cannesphones
[2025-05-05 21:57:55] Statut trouvé: Réparation Annulée (code: reparation_annule)
[2025-05-05 21:57:55] Nombre de lignes affectées: 1
[2025-05-05 21:57:55] Statut précédent: reparation_effectue
[2025-05-05 21:57:55] Log ajouté dans reparation_logs
[2025-05-05 21:57:55] Tentative d'envoi de SMS...
[2025-05-05 21:57:55] Téléphone du client: 337829626906
[2025-05-05 21:57:55] Numéro formaté: +337829626906
[2025-05-05 21:57:55] Données SMS: {"message":"Bonjour sa, votre r\u00e9paration #743 est maintenant en statut: R\u00e9paration Annul\u00e9e.","phoneNumbers":["+337829626906"]}
[2025-05-05 21:57:55] Réponse API SMS (400): {"message":"invalid phone number"}
[2025-05-05 21:57:55] Échec de l'envoi SMS: invalid phone number
[2025-05-05 21:57:55] Réponse envoyée: {"success":true,"message":"Statut mis \u00e0 jour avec succ\u00e8s","data":{"badge":{"text":"R\u00e9paration Annul\u00e9e","color":400},"sms_sent":false,"sms_message":"Impossible d'envoyer le SMS"}}
[2025-05-05 21:57:55] --- Fin de la requête ---

--- Nouvelle tentative de mise à jour du statut ---
Date: 2025-05-05 22:01:47
SESSION: Array
(
    [pwa_mode] => 
    [shop_id] => 4
)

POST: Array
(
)

GET: Array
(
    [shop_id] => 4
)

RAW INPUT: {"repair_id":"743","status_id":1,"send_sms":true,"user_id":1}
[2025-05-05 22:01:47] Shop ID: 4
[2025-05-05 22:01:47] Fichiers inclus avec succès
[2025-05-05 22:01:47] Données JSON décodées avec succès depuis PHP Input
[2025-05-05 22:01:47] Valeur send_sms (JSON): true => true
[2025-05-05 22:01:47] Réparation ID: 743, Statut ID: 1, Envoi SMS: Oui
[2025-05-05 22:01:47] Base de données utilisée: u139954273_cannesphones
[2025-05-05 22:01:47] Statut trouvé: Nouveau Diagnostique (code: nouveau_diagnostique)
[2025-05-05 22:01:47] Nombre de lignes affectées: 1
[2025-05-05 22:01:47] Statut précédent: reparation_annule
[2025-05-05 22:01:47] Log ajouté dans reparation_logs
[2025-05-05 22:01:47] === DÉBUT DE LA PROCÉDURE D'ENVOI SMS ===
[2025-05-05 22:01:47] SMS demandé pour la réparation ID 743
[2025-05-05 22:01:47] Informations réparation: Trouvées
[2025-05-05 22:01:47] Client: sa sa
[2025-05-05 22:01:47] Téléphone brut: 337829626906
[2025-05-05 22:01:47] Client avec numéro de téléphone trouvé
[2025-05-05 22:01:47] Message à envoyer: Bonjour sa, votre réparation #743 est maintenant en statut: Nouveau Diagnostique.
[2025-05-05 22:01:47] Numéro brut: 337829626906
[2025-05-05 22:01:47] Numéro après suppression des caractères non numériques: 337829626906
[2025-05-05 22:01:47] Numéro commençant par 33, converti: +337829626906
[2025-05-05 22:01:47] Test de connexion à l'API avant envoi
[2025-05-05 22:01:47] === TEST DE CONNEXION À L'API SMS ===
[2025-05-05 22:01:47] URL: https://api.sms-gate.app/3rdparty/v1/message
[2025-05-05 22:01:47] Nom d'utilisateur: -GCB75
[2025-05-05 22:01:47] Mot de passe: Mam***
[2025-05-05 22:01:47] Code HTTP: 404
[2025-05-05 22:01:47] Réponse: {"message":"Not Found"}
[2025-05-05 22:01:47] === FIN DU TEST ===
[2025-05-05 22:01:47] API accessible: Non
[2025-05-05 22:01:47] L'API SMS n'est pas accessible. Erreur: 
[2025-05-05 22:01:47] Exception lors de l'envoi du SMS: L'API SMS n'est pas accessible: 
[2025-05-05 22:01:47] Trace: #0 {main}
[2025-05-05 22:01:47] === FIN DE LA PROCÉDURE D'ENVOI SMS ===
[2025-05-05 22:01:47] Résultat de l'envoi SMS: Échec - Erreur: L'API SMS n'est pas accessible: 
[2025-05-05 22:01:47] Réponse envoyée: {"success":true,"message":"Statut mis \u00e0 jour avec succ\u00e8s","data":{"badge":{"text":"Nouveau Diagnostique","color":"nouveau_diagnostique"},"sms_sent":false,"sms_message":"Erreur: L'API SMS n'est pas accessible: "}}
[2025-05-05 22:01:47] --- Fin de la requête ---

--- Nouvelle tentative de mise à jour du statut ---
Date: 2025-05-05 22:01:54
SESSION: Array
(
    [pwa_mode] => 
    [shop_id] => 4
    [last_send_sms] => 1
)

POST: Array
(
)

GET: Array
(
    [shop_id] => 4
)

RAW INPUT: {"repair_id":"743","status_id":1,"send_sms":true,"user_id":1}
[2025-05-05 22:01:54] Shop ID: 4
[2025-05-05 22:01:54] Fichiers inclus avec succès
[2025-05-05 22:01:54] Données JSON décodées avec succès depuis PHP Input
[2025-05-05 22:01:54] Valeur send_sms (JSON): true => true
[2025-05-05 22:01:54] Réparation ID: 743, Statut ID: 1, Envoi SMS: Oui
[2025-05-05 22:01:54] Base de données utilisée: u139954273_cannesphones
[2025-05-05 22:01:54] Statut trouvé: Nouveau Diagnostique (code: nouveau_diagnostique)
[2025-05-05 22:01:54] Nombre de lignes affectées: 1
[2025-05-05 22:01:54] Statut précédent: nouveau_diagnostique
[2025-05-05 22:01:54] Log ajouté dans reparation_logs
[2025-05-05 22:01:54] === DÉBUT DE LA PROCÉDURE D'ENVOI SMS ===
[2025-05-05 22:01:54] SMS demandé pour la réparation ID 743
[2025-05-05 22:01:54] Informations réparation: Trouvées
[2025-05-05 22:01:54] Client: sa sa
[2025-05-05 22:01:54] Téléphone brut: 337829626906
[2025-05-05 22:01:54] Client avec numéro de téléphone trouvé
[2025-05-05 22:01:54] Message à envoyer: Bonjour sa, votre réparation #743 est maintenant en statut: Nouveau Diagnostique.
[2025-05-05 22:01:54] Numéro brut: 337829626906
[2025-05-05 22:01:54] Numéro après suppression des caractères non numériques: 337829626906
[2025-05-05 22:01:54] Numéro commençant par 33, converti: +337829626906
[2025-05-05 22:01:54] Test de connexion à l'API avant envoi
[2025-05-05 22:01:54] === TEST DE CONNEXION À L'API SMS ===
[2025-05-05 22:01:54] URL: https://api.sms-gate.app/3rdparty/v1/message
[2025-05-05 22:01:54] Nom d'utilisateur: -GCB75
[2025-05-05 22:01:54] Mot de passe: Mam***
[2025-05-05 22:01:54] Code HTTP: 404
[2025-05-05 22:01:54] Réponse: {"message":"Not Found"}
[2025-05-05 22:01:54] === FIN DU TEST ===
[2025-05-05 22:01:54] API accessible: Non
[2025-05-05 22:01:54] L'API SMS n'est pas accessible. Erreur: 
[2025-05-05 22:01:54] Exception lors de l'envoi du SMS: L'API SMS n'est pas accessible: 
[2025-05-05 22:01:54] Trace: #0 {main}
[2025-05-05 22:01:54] === FIN DE LA PROCÉDURE D'ENVOI SMS ===
[2025-05-05 22:01:54] Résultat de l'envoi SMS: Échec - Erreur: L'API SMS n'est pas accessible: 
[2025-05-05 22:01:54] Réponse envoyée: {"success":true,"message":"Statut mis \u00e0 jour avec succ\u00e8s","data":{"badge":{"text":"Nouveau Diagnostique","color":"nouveau_diagnostique"},"sms_sent":false,"sms_message":"Erreur: L'API SMS n'est pas accessible: "}}
[2025-05-05 22:01:54] --- Fin de la requête ---

